<?xml version="1.0" encoding="utf-8"?>
<CoverageSession xmlns:xsd="http://www.w3.org/2001/XMLSchema" xmlns:xsi="http://www.w3.org/2001/XMLSchema-instance" Version="0.0.0.0">
  <Summary numSequencePoints="413" visitedSequencePoints="394" numBranchPoints="0" visitedBranchPoints="0" sequenceCoverage="95.40" branchCoverage="0.0" maxCyclomaticComplexity="0" minCyclomaticComplexity="0" maxCrapScore="0" minCrapScore="0" visitedClasses="10" numClasses="11" visitedMethods="73" numMethods="76" />
  <Modules>
    <Module>
      <Summary numSequencePoints="292" visitedSequencePoints="292" numBranchPoints="0" visitedBranchPoints="0" sequenceCoverage="100.0" branchCoverage="0.0" maxCyclomaticComplexity="0" minCyclomaticComplexity="0" maxCrapScore="0" minCrapScore="0" visitedClasses="5" numClasses="5" visitedMethods="51" numMethods="51" />
      <ModuleTime>0001-01-01T00:00:00</ModuleTime>
      <ModuleName>EditModeTests</ModuleName>
      <Files>
        <File uid="1" fullPath="C:/Users/tobi_/OneDrive/Documents/Masters/SE Management/Group1-GameDev/EscapeSchool/Assets/Tests/EditMode/GameLogicTests.cs" />
        <File uid="2" fullPath="C:/Users/tobi_/OneDrive/Documents/Masters/SE Management/Group1-GameDev/EscapeSchool/Assets/Tests/EditMode/LeaderboardManagerTests.cs" />
        <File uid="3" fullPath="C:/Users/tobi_/OneDrive/Documents/Masters/SE Management/Group1-GameDev/EscapeSchool/Assets/Tests/EditMode/LeaderboardTests.cs" />
        <File uid="4" fullPath="C:/Users/tobi_/OneDrive/Documents/Masters/SE Management/Group1-GameDev/EscapeSchool/Assets/Tests/EditMode/ObjectPoolTests.cs" />
      </Files>
      <Classes>
        <Class>
          <Summary numSequencePoints="119" visitedSequencePoints="119" numBranchPoints="0" visitedBranchPoints="0" sequenceCoverage="100.0" branchCoverage="0.0" maxCyclomaticComplexity="0" minCyclomaticComplexity="0" maxCrapScore="0" minCrapScore="0" visitedClasses="1" numClasses="1" visitedMethods="20" numMethods="20" />
          <FullName>GameLogicTests</FullName>
          <Methods>
            <Method visited="true" cyclomaticComplexity="0" nPathComplexity="0" sequenceCoverage="100.0" branchCoverage="0" crapScore="0" isConstructor="false" isStatic="false" isGetter="false" isSetter="false">
              <Summary numSequencePoints="5" visitedSequencePoints="5" numBranchPoints="0" visitedBranchPoints="0" sequenceCoverage="100.0" branchCoverage="0" maxCyclomaticComplexity="0" minCyclomaticComplexity="0" maxCrapScore="0" minCrapScore="0" visitedClasses="0" numClasses="0" visitedMethods="1" numMethods="1" />
              <MetadataToken>100663297</MetadataToken>
              <Name>System.Void GameLogicTests::ScoreFormula_ZeroHeight_IsZero()</Name>
              <FileRef uid="1" />
              <SequencePoints>
                <SequencePoint vc="1" uspid="2353" ordinal="0" offset="0" sl="26" sc="5" el="26" ec="5" bec="0" bev="0" fileid="1" />
                <SequencePoint vc="1" uspid="2354" ordinal="0" offset="1" sl="28" sc="9" el="28" ec="9" bec="0" bev="0" fileid="1" />
                <SequencePoint vc="1" uspid="2355" ordinal="0" offset="7" sl="29" sc="9" el="29" ec="9" bec="0" bev="0" fileid="1" />
                <SequencePoint vc="1" uspid="2356" ordinal="0" offset="30" sl="30" sc="9" el="30" ec="9" bec="0" bev="0" fileid="1" />
                <SequencePoint vc="1" uspid="2357" ordinal="0" offset="48" sl="31" sc="5" el="31" ec="5" bec="0" bev="0" fileid="1" />
              </SequencePoints>
              <BranchPoints />
            </Method>
            <Method visited="true" cyclomaticComplexity="0" nPathComplexity="0" sequenceCoverage="100.0" branchCoverage="0" crapScore="0" isConstructor="false" isStatic="false" isGetter="false" isSetter="false">
              <Summary numSequencePoints="5" visitedSequencePoints="5" numBranchPoints="0" visitedBranchPoints="0" sequenceCoverage="100.0" branchCoverage="0" maxCyclomaticComplexity="0" minCyclomaticComplexity="0" maxCrapScore="0" minCrapScore="0" visitedClasses="0" numClasses="0" visitedMethods="1" numMethods="1" />
              <MetadataToken>100663298</MetadataToken>
              <Name>System.Void GameLogicTests::ScoreFormula_NegativeHeight_ClampsToZero()</Name>
              <FileRef uid="1" />
              <SequencePoints>
                <SequencePoint vc="1" uspid="2358" ordinal="0" offset="0" sl="35" sc="5" el="35" ec="5" bec="0" bev="0" fileid="1" />
                <SequencePoint vc="1" uspid="2359" ordinal="0" offset="1" sl="37" sc="9" el="37" ec="9" bec="0" bev="0" fileid="1" />
                <SequencePoint vc="1" uspid="2360" ordinal="0" offset="7" sl="38" sc="9" el="38" ec="9" bec="0" bev="0" fileid="1" />
                <SequencePoint vc="1" uspid="2361" ordinal="0" offset="30" sl="39" sc="9" el="39" ec="9" bec="0" bev="0" fileid="1" />
                <SequencePoint vc="1" uspid="2362" ordinal="0" offset="48" sl="40" sc="5" el="40" ec="5" bec="0" bev="0" fileid="1" />
              </SequencePoints>
              <BranchPoints />
            </Method>
            <Method visited="true" cyclomaticComplexity="0" nPathComplexity="0" sequenceCoverage="100.0" branchCoverage="0" crapScore="0" isConstructor="false" isStatic="false" isGetter="false" isSetter="false">
              <Summary numSequencePoints="4" visitedSequencePoints="4" numBranchPoints="0" visitedBranchPoints="0" sequenceCoverage="100.0" branchCoverage="0" maxCyclomaticComplexity="0" minCyclomaticComplexity="0" maxCrapScore="0" minCrapScore="0" visitedClasses="0" numClasses="0" visitedMethods="1" numMethods="1" />
              <MetadataToken>100663299</MetadataToken>
              <Name>System.Void GameLogicTests::ScoreFormula_TenUnits_Gives100()</Name>
              <FileRef uid="1" />
              <SequencePoints>
                <SequencePoint vc="1" uspid="2363" ordinal="0" offset="0" sl="44" sc="5" el="44" ec="5" bec="0" bev="0" fileid="1" />
                <SequencePoint vc="1" uspid="2364" ordinal="0" offset="1" sl="45" sc="9" el="45" ec="9" bec="0" bev="0" fileid="1" />
                <SequencePoint vc="1" uspid="2365" ordinal="0" offset="12" sl="46" sc="9" el="46" ec="9" bec="0" bev="0" fileid="1" />
                <SequencePoint vc="1" uspid="2366" ordinal="0" offset="31" sl="47" sc="5" el="47" ec="5" bec="0" bev="0" fileid="1" />
              </SequencePoints>
              <BranchPoints />
            </Method>
            <Method visited="true" cyclomaticComplexity="0" nPathComplexity="0" sequenceCoverage="100.0" branchCoverage="0" crapScore="0" isConstructor="false" isStatic="false" isGetter="false" isSetter="false">
              <Summary numSequencePoints="4" visitedSequencePoints="4" numBranchPoints="0" visitedBranchPoints="0" sequenceCoverage="100.0" branchCoverage="0" maxCyclomaticComplexity="0" minCyclomaticComplexity="0" maxCrapScore="0" minCrapScore="0" visitedClasses="0" numClasses="0" visitedMethods="1" numMethods="1" />
              <MetadataToken>100663300</MetadataToken>
              <Name>System.Void GameLogicTests::ScoreFormula_FractionalHeight_TruncatesDown()</Name>
              <FileRef uid="1" />
              <SequencePoints>
                <SequencePoint vc="1" uspid="2367" ordinal="0" offset="0" sl="51" sc="5" el="51" ec="5" bec="0" bev="0" fileid="1" />
                <SequencePoint vc="1" uspid="2368" ordinal="0" offset="1" sl="53" sc="9" el="53" ec="9" bec="0" bev="0" fileid="1" />
                <SequencePoint vc="1" uspid="2369" ordinal="0" offset="12" sl="54" sc="9" el="54" ec="9" bec="0" bev="0" fileid="1" />
                <SequencePoint vc="1" uspid="2370" ordinal="0" offset="31" sl="55" sc="5" el="55" ec="5" bec="0" bev="0" fileid="1" />
              </SequencePoints>
              <BranchPoints />
            </Method>
            <Method visited="true" cyclomaticComplexity="0" nPathComplexity="0" sequenceCoverage="100.0" branchCoverage="0" crapScore="0" isConstructor="false" isStatic="false" isGetter="false" isSetter="false">
              <Summary numSequencePoints="4" visitedSequencePoints="4" numBranchPoints="0" visitedBranchPoints="0" sequenceCoverage="100.0" branchCoverage="0" maxCyclomaticComplexity="0" minCyclomaticComplexity="0" maxCrapScore="0" minCrapScore="0" visitedClasses="0" numClasses="0" visitedMethods="1" numMethods="1" />
              <MetadataToken>100663301</MetadataToken>
              <Name>System.Void GameLogicTests::ScoreFormula_300Units_Gives3000()</Name>
              <FileRef uid="1" />
              <SequencePoints>
                <SequencePoint vc="1" uspid="2371" ordinal="0" offset="0" sl="59" sc="5" el="59" ec="5" bec="0" bev="0" fileid="1" />
                <SequencePoint vc="1" uspid="2372" ordinal="0" offset="1" sl="60" sc="9" el="60" ec="9" bec="0" bev="0" fileid="1" />
                <SequencePoint vc="1" uspid="2373" ordinal="0" offset="12" sl="61" sc="9" el="61" ec="9" bec="0" bev="0" fileid="1" />
                <SequencePoint vc="1" uspid="2374" ordinal="0" offset="34" sl="62" sc="5" el="62" ec="5" bec="0" bev="0" fileid="1" />
              </SequencePoints>
              <BranchPoints />
            </Method>
            <Method visited="true" cyclomaticComplexity="0" nPathComplexity="0" sequenceCoverage="100.0" branchCoverage="0" crapScore="0" isConstructor="false" isStatic="false" isGetter="false" isSetter="false">
              <Summary numSequencePoints="6" visitedSequencePoints="6" numBranchPoints="0" visitedBranchPoints="0" sequenceCoverage="100.0" branchCoverage="0" maxCyclomaticComplexity="0" minCyclomaticComplexity="0" maxCrapScore="0" minCrapScore="0" visitedClasses="0" numClasses="0" visitedMethods="1" numMethods="1" />
              <MetadataToken>100663302</MetadataToken>
              <Name>System.Void GameLogicTests::ScoreBestTracking_NewHigher_Updates()</Name>
              <FileRef uid="1" />
              <SequencePoints>
                <SequencePoint vc="1" uspid="2375" ordinal="0" offset="0" sl="66" sc="5" el="66" ec="5" bec="0" bev="0" fileid="1" />
                <SequencePoint vc="1" uspid="2376" ordinal="0" offset="1" sl="68" sc="9" el="68" ec="9" bec="0" bev="0" fileid="1" />
                <SequencePoint vc="1" uspid="2377" ordinal="0" offset="7" sl="69" sc="9" el="69" ec="9" bec="0" bev="0" fileid="1" />
                <SequencePoint vc="1" uspid="2378" ordinal="0" offset="13" sl="70" sc="9" el="70" ec="9" bec="0" bev="0" fileid="1" />
                <SequencePoint vc="1" uspid="2379" ordinal="0" offset="22" sl="71" sc="9" el="71" ec="9" bec="0" bev="0" fileid="1" />
                <SequencePoint vc="1" uspid="2380" ordinal="0" offset="48" sl="72" sc="5" el="72" ec="5" bec="0" bev="0" fileid="1" />
              </SequencePoints>
              <BranchPoints />
            </Method>
            <Method visited="true" cyclomaticComplexity="0" nPathComplexity="0" sequenceCoverage="100.0" branchCoverage="0" crapScore="0" isConstructor="false" isStatic="false" isGetter="false" isSetter="false">
              <Summary numSequencePoints="6" visitedSequencePoints="6" numBranchPoints="0" visitedBranchPoints="0" sequenceCoverage="100.0" branchCoverage="0" maxCyclomaticComplexity="0" minCyclomaticComplexity="0" maxCrapScore="0" minCrapScore="0" visitedClasses="0" numClasses="0" visitedMethods="1" numMethods="1" />
              <MetadataToken>100663303</MetadataToken>
              <Name>System.Void GameLogicTests::ScoreBestTracking_NewLower_Retained()</Name>
              <FileRef uid="1" />
              <SequencePoints>
                <SequencePoint vc="1" uspid="2381" ordinal="0" offset="0" sl="76" sc="5" el="76" ec="5" bec="0" bev="0" fileid="1" />
                <SequencePoint vc="1" uspid="2382" ordinal="0" offset="1" sl="77" sc="9" el="77" ec="9" bec="0" bev="0" fileid="1" />
                <SequencePoint vc="1" uspid="2383" ordinal="0" offset="7" sl="78" sc="9" el="78" ec="9" bec="0" bev="0" fileid="1" />
                <SequencePoint vc="1" uspid="2384" ordinal="0" offset="13" sl="79" sc="9" el="79" ec="9" bec="0" bev="0" fileid="1" />
                <SequencePoint vc="1" uspid="2385" ordinal="0" offset="22" sl="80" sc="9" el="80" ec="9" bec="0" bev="0" fileid="1" />
                <SequencePoint vc="1" uspid="2386" ordinal="0" offset="58" sl="81" sc="5" el="81" ec="5" bec="0" bev="0" fileid="1" />
              </SequencePoints>
              <BranchPoints />
            </Method>
            <Method visited="true" cyclomaticComplexity="0" nPathComplexity="0" sequenceCoverage="100.0" branchCoverage="0" crapScore="0" isConstructor="false" isStatic="false" isGetter="false" isSetter="false">
              <Summary numSequencePoints="4" visitedSequencePoints="4" numBranchPoints="0" visitedBranchPoints="0" sequenceCoverage="100.0" branchCoverage="0" maxCyclomaticComplexity="0" minCyclomaticComplexity="0" maxCrapScore="0" minCrapScore="0" visitedClasses="0" numClasses="0" visitedMethods="1" numMethods="1" />
              <MetadataToken>100663304</MetadataToken>
              <Name>System.Void GameLogicTests::Difficulty01_AtHeight0_IsZero()</Name>
              <FileRef uid="1" />
              <SequencePoints>
                <SequencePoint vc="1" uspid="2387" ordinal="0" offset="0" sl="89" sc="5" el="89" ec="5" bec="0" bev="0" fileid="1" />
                <SequencePoint vc="1" uspid="2388" ordinal="0" offset="1" sl="90" sc="9" el="90" ec="9" bec="0" bev="0" fileid="1" />
                <SequencePoint vc="1" uspid="2389" ordinal="0" offset="12" sl="91" sc="9" el="91" ec="9" bec="0" bev="0" fileid="1" />
                <SequencePoint vc="1" uspid="2390" ordinal="0" offset="38" sl="92" sc="5" el="92" ec="5" bec="0" bev="0" fileid="1" />
              </SequencePoints>
              <BranchPoints />
            </Method>
            <Method visited="true" cyclomaticComplexity="0" nPathComplexity="0" sequenceCoverage="100.0" branchCoverage="0" crapScore="0" isConstructor="false" isStatic="false" isGetter="false" isSetter="false">
              <Summary numSequencePoints="4" visitedSequencePoints="4" numBranchPoints="0" visitedBranchPoints="0" sequenceCoverage="100.0" branchCoverage="0" maxCyclomaticComplexity="0" minCyclomaticComplexity="0" maxCrapScore="0" minCrapScore="0" visitedClasses="0" numClasses="0" visitedMethods="1" numMethods="1" />
              <MetadataToken>100663305</MetadataToken>
              <Name>System.Void GameLogicTests::Difficulty01_AtDifficultyHeight_IsOne()</Name>
              <FileRef uid="1" />
              <SequencePoints>
                <SequencePoint vc="1" uspid="2391" ordinal="0" offset="0" sl="96" sc="5" el="96" ec="5" bec="0" bev="0" fileid="1" />
                <SequencePoint vc="1" uspid="2392" ordinal="0" offset="1" sl="97" sc="9" el="97" ec="9" bec="0" bev="0" fileid="1" />
                <SequencePoint vc="1" uspid="2393" ordinal="0" offset="12" sl="98" sc="9" el="98" ec="9" bec="0" bev="0" fileid="1" />
                <SequencePoint vc="1" uspid="2394" ordinal="0" offset="38" sl="99" sc="5" el="99" ec="5" bec="0" bev="0" fileid="1" />
              </SequencePoints>
              <BranchPoints />
            </Method>
            <Method visited="true" cyclomaticComplexity="0" nPathComplexity="0" sequenceCoverage="100.0" branchCoverage="0" crapScore="0" isConstructor="false" isStatic="false" isGetter="false" isSetter="false">
              <Summary numSequencePoints="4" visitedSequencePoints="4" numBranchPoints="0" visitedBranchPoints="0" sequenceCoverage="100.0" branchCoverage="0" maxCyclomaticComplexity="0" minCyclomaticComplexity="0" maxCrapScore="0" minCrapScore="0" visitedClasses="0" numClasses="0" visitedMethods="1" numMethods="1" />
              <MetadataToken>100663306</MetadataToken>
              <Name>System.Void GameLogicTests::Difficulty01_AtHalfway_IsHalf()</Name>
              <FileRef uid="1" />
              <SequencePoints>
                <SequencePoint vc="1" uspid="2395" ordinal="0" offset="0" sl="103" sc="5" el="103" ec="5" bec="0" bev="0" fileid="1" />
                <SequencePoint vc="1" uspid="2396" ordinal="0" offset="1" sl="104" sc="9" el="104" ec="9" bec="0" bev="0" fileid="1" />
                <SequencePoint vc="1" uspid="2397" ordinal="0" offset="12" sl="105" sc="9" el="105" ec="9" bec="0" bev="0" fileid="1" />
                <SequencePoint vc="1" uspid="2398" ordinal="0" offset="38" sl="106" sc="5" el="106" ec="5" bec="0" bev="0" fileid="1" />
              </SequencePoints>
              <BranchPoints />
            </Method>
            <Method visited="true" cyclomaticComplexity="0" nPathComplexity="0" sequenceCoverage="100.0" branchCoverage="0" crapScore="0" isConstructor="false" isStatic="false" isGetter="false" isSetter="false">
              <Summary numSequencePoints="4" visitedSequencePoints="4" numBranchPoints="0" visitedBranchPoints="0" sequenceCoverage="100.0" branchCoverage="0" maxCyclomaticComplexity="0" minCyclomaticComplexity="0" maxCrapScore="0" minCrapScore="0" visitedClasses="0" numClasses="0" visitedMethods="1" numMethods="1" />
              <MetadataToken>100663307</MetadataToken>
              <Name>System.Void GameLogicTests::Difficulty01_BeyondMax_ClampsToOne()</Name>
              <FileRef uid="1" />
              <SequencePoints>
                <SequencePoint vc="1" uspid="2399" ordinal="0" offset="0" sl="110" sc="5" el="110" ec="5" bec="0" bev="0" fileid="1" />
                <SequencePoint vc="1" uspid="2400" ordinal="0" offset="1" sl="111" sc="9" el="111" ec="9" bec="0" bev="0" fileid="1" />
                <SequencePoint vc="1" uspid="2401" ordinal="0" offset="12" sl="112" sc="9" el="112" ec="9" bec="0" bev="0" fileid="1" />
                <SequencePoint vc="1" uspid="2402" ordinal="0" offset="48" sl="113" sc="5" el="113" ec="5" bec="0" bev="0" fileid="1" />
              </SequencePoints>
              <BranchPoints />
            </Method>
            <Method visited="true" cyclomaticComplexity="0" nPathComplexity="0" sequenceCoverage="100.0" branchCoverage="0" crapScore="0" isConstructor="false" isStatic="false" isGetter="false" isSetter="false">
              <Summary numSequencePoints="4" visitedSequencePoints="4" numBranchPoints="0" visitedBranchPoints="0" sequenceCoverage="100.0" branchCoverage="0" maxCyclomaticComplexity="0" minCyclomaticComplexity="0" maxCrapScore="0" minCrapScore="0" visitedClasses="0" numClasses="0" visitedMethods="1" numMethods="1" />
              <MetadataToken>100663308</MetadataToken>
              <Name>System.Void GameLogicTests::Difficulty01_NegativeHeight_ClampsToZero()</Name>
              <FileRef uid="1" />
              <SequencePoints>
                <SequencePoint vc="1" uspid="2403" ordinal="0" offset="0" sl="117" sc="5" el="117" ec="5" bec="0" bev="0" fileid="1" />
                <SequencePoint vc="1" uspid="2404" ordinal="0" offset="1" sl="118" sc="9" el="118" ec="9" bec="0" bev="0" fileid="1" />
                <SequencePoint vc="1" uspid="2405" ordinal="0" offset="12" sl="119" sc="9" el="119" ec="9" bec="0" bev="0" fileid="1" />
                <SequencePoint vc="1" uspid="2406" ordinal="0" offset="38" sl="120" sc="5" el="120" ec="5" bec="0" bev="0" fileid="1" />
              </SequencePoints>
              <BranchPoints />
            </Method>
            <Method visited="true" cyclomaticComplexity="0" nPathComplexity="0" sequenceCoverage="100.0" branchCoverage="0" crapScore="0" isConstructor="false" isStatic="false" isGetter="false" isSetter="false">
              <Summary numSequencePoints="8" visitedSequencePoints="8" numBranchPoints="0" visitedBranchPoints="0" sequenceCoverage="100.0" branchCoverage="0" maxCyclomaticComplexity="0" minCyclomaticComplexity="0" maxCrapScore="0" minCrapScore="0" visitedClasses="0" numClasses="0" visitedMethods="1" numMethods="1" />
              <MetadataToken>100663309</MetadataToken>
              <Name>System.Void GameLogicTests::SpawnGap_AtDifficulty0_WithMinRandom_IsAtLeastMinYGap()</Name>
              <FileRef uid="1" />
              <SequencePoints>
                <SequencePoint vc="1" uspid="2407" ordinal="0" offset="0" sl="128" sc="5" el="128" ec="5" bec="0" bev="0" fileid="1" />
                <SequencePoint vc="1" uspid="2408" ordinal="0" offset="1" sl="129" sc="9" el="129" ec="9" bec="0" bev="0" fileid="1" />
                <SequencePoint vc="1" uspid="2409" ordinal="0" offset="7" sl="130" sc="9" el="130" ec="9" bec="0" bev="0" fileid="1" />
                <SequencePoint vc="1" uspid="2410" ordinal="0" offset="13" sl="131" sc="9" el="131" ec="9" bec="0" bev="0" fileid="1" />
                <SequencePoint vc="1" uspid="2411" ordinal="0" offset="19" sl="133" sc="9" el="133" ec="9" bec="0" bev="0" fileid="1" />
                <SequencePoint vc="1" uspid="2412" ordinal="0" offset="32" sl="134" sc="9" el="134" ec="9" bec="0" bev="0" fileid="1" />
                <SequencePoint vc="1" uspid="2413" ordinal="0" offset="37" sl="135" sc="9" el="135" ec="9" bec="0" bev="0" fileid="1" />
                <SequencePoint vc="1" uspid="2414" ordinal="0" offset="56" sl="136" sc="5" el="136" ec="5" bec="0" bev="0" fileid="1" />
              </SequencePoints>
              <BranchPoints />
            </Method>
            <Method visited="true" cyclomaticComplexity="0" nPathComplexity="0" sequenceCoverage="100.0" branchCoverage="0" crapScore="0" isConstructor="false" isStatic="false" isGetter="false" isSetter="false">
              <Summary numSequencePoints="7" visitedSequencePoints="7" numBranchPoints="0" visitedBranchPoints="0" sequenceCoverage="100.0" branchCoverage="0" maxCyclomaticComplexity="0" minCyclomaticComplexity="0" maxCrapScore="0" minCrapScore="0" visitedClasses="0" numClasses="0" visitedMethods="1" numMethods="1" />
              <MetadataToken>100663310</MetadataToken>
              <Name>System.Void GameLogicTests::SpawnGap_AtDifficulty1_ExtraGapIsApplied()</Name>
              <FileRef uid="1" />
              <SequencePoints>
                <SequencePoint vc="1" uspid="2415" ordinal="0" offset="0" sl="140" sc="5" el="140" ec="5" bec="0" bev="0" fileid="1" />
                <SequencePoint vc="1" uspid="2416" ordinal="0" offset="1" sl="141" sc="9" el="141" ec="9" bec="0" bev="0" fileid="1" />
                <SequencePoint vc="1" uspid="2417" ordinal="0" offset="7" sl="142" sc="9" el="142" ec="9" bec="0" bev="0" fileid="1" />
                <SequencePoint vc="1" uspid="2418" ordinal="0" offset="13" sl="143" sc="9" el="143" ec="9" bec="0" bev="0" fileid="1" />
                <SequencePoint vc="1" uspid="2419" ordinal="0" offset="19" sl="145" sc="9" el="145" ec="9" bec="0" bev="0" fileid="1" />
                <SequencePoint vc="1" uspid="2420" ordinal="0" offset="34" sl="146" sc="9" el="146" ec="9" bec="0" bev="0" fileid="1" />
                <SequencePoint vc="1" uspid="2421" ordinal="0" offset="70" sl="147" sc="5" el="147" ec="5" bec="0" bev="0" fileid="1" />
              </SequencePoints>
              <BranchPoints />
            </Method>
            <Method visited="true" cyclomaticComplexity="0" nPathComplexity="0" sequenceCoverage="100.0" branchCoverage="0" crapScore="0" isConstructor="false" isStatic="false" isGetter="false" isSetter="false">
              <Summary numSequencePoints="8" visitedSequencePoints="8" numBranchPoints="0" visitedBranchPoints="0" sequenceCoverage="100.0" branchCoverage="0" maxCyclomaticComplexity="0" minCyclomaticComplexity="0" maxCrapScore="0" minCrapScore="0" visitedClasses="0" numClasses="0" visitedMethods="1" numMethods="1" />
              <MetadataToken>100663311</MetadataToken>
              <Name>System.Void GameLogicTests::SpawnGap_NeverExceedsMaxTotalGap()</Name>
              <FileRef uid="1" />
              <SequencePoints>
                <SequencePoint vc="1" uspid="2422" ordinal="0" offset="0" sl="151" sc="5" el="151" ec="5" bec="0" bev="0" fileid="1" />
                <SequencePoint vc="1" uspid="2423" ordinal="0" offset="1" sl="152" sc="9" el="152" ec="9" bec="0" bev="0" fileid="1" />
                <SequencePoint vc="1" uspid="2424" ordinal="0" offset="7" sl="155" sc="9" el="155" ec="9" bec="0" bev="0" fileid="1" />
                <SequencePoint vc="1" uspid="2425" ordinal="0" offset="13" sl="156" sc="9" el="156" ec="9" bec="0" bev="0" fileid="1" />
                <SequencePoint vc="1" uspid="2426" ordinal="0" offset="19" sl="157" sc="9" el="157" ec="9" bec="0" bev="0" fileid="1" />
                <SequencePoint vc="1" uspid="2427" ordinal="0" offset="23" sl="159" sc="9" el="159" ec="9" bec="0" bev="0" fileid="1" />
                <SequencePoint vc="1" uspid="2428" ordinal="0" offset="32" sl="160" sc="9" el="160" ec="9" bec="0" bev="0" fileid="1" />
                <SequencePoint vc="1" uspid="2429" ordinal="0" offset="51" sl="162" sc="5" el="162" ec="5" bec="0" bev="0" fileid="1" />
              </SequencePoints>
              <BranchPoints />
            </Method>
            <Method visited="true" cyclomaticComplexity="0" nPathComplexity="0" sequenceCoverage="100.0" branchCoverage="0" crapScore="0" isConstructor="false" isStatic="false" isGetter="false" isSetter="false">
              <Summary numSequencePoints="12" visitedSequencePoints="12" numBranchPoints="0" visitedBranchPoints="0" sequenceCoverage="100.0" branchCoverage="0" maxCyclomaticComplexity="0" minCyclomaticComplexity="0" maxCrapScore="0" minCrapScore="0" visitedClasses="0" numClasses="0" visitedMethods="1" numMethods="1" />
              <MetadataToken>100663312</MetadataToken>
              <Name>System.Void GameLogicTests::PlatformWeights_NormalDominates_AtEarlyGame()</Name>
              <FileRef uid="1" />
              <SequencePoints>
                <SequencePoint vc="1" uspid="2430" ordinal="0" offset="0" sl="169" sc="5" el="169" ec="5" bec="0" bev="0" fileid="1" />
                <SequencePoint vc="1" uspid="2431" ordinal="0" offset="1" sl="170" sc="9" el="170" ec="9" bec="0" bev="0" fileid="1" />
                <SequencePoint vc="1" uspid="2432" ordinal="0" offset="7" sl="171" sc="9" el="171" ec="9" bec="0" bev="0" fileid="1" />
                <SequencePoint vc="1" uspid="2433" ordinal="0" offset="29" sl="172" sc="9" el="172" ec="9" bec="0" bev="0" fileid="1" />
                <SequencePoint vc="1" uspid="2434" ordinal="0" offset="51" sl="173" sc="9" el="173" ec="9" bec="0" bev="0" fileid="1" />
                <SequencePoint vc="1" uspid="2435" ordinal="0" offset="73" sl="174" sc="9" el="174" ec="9" bec="0" bev="0" fileid="1" />
                <SequencePoint vc="1" uspid="2436" ordinal="0" offset="96" sl="175" sc="9" el="175" ec="9" bec="0" bev="0" fileid="1" />
                <SequencePoint vc="1" uspid="2437" ordinal="0" offset="119" sl="177" sc="9" el="177" ec="9" bec="0" bev="0" fileid="1" />
                <SequencePoint vc="1" uspid="2438" ordinal="0" offset="137" sl="178" sc="9" el="178" ec="9" bec="0" bev="0" fileid="1" />
                <SequencePoint vc="1" uspid="2439" ordinal="0" offset="155" sl="179" sc="9" el="179" ec="9" bec="0" bev="0" fileid="1" />
                <SequencePoint vc="1" uspid="2440" ordinal="0" offset="174" sl="180" sc="9" el="180" ec="9" bec="0" bev="0" fileid="1" />
                <SequencePoint vc="1" uspid="2441" ordinal="0" offset="193" sl="181" sc="5" el="181" ec="5" bec="0" bev="0" fileid="1" />
              </SequencePoints>
              <BranchPoints />
            </Method>
            <Method visited="true" cyclomaticComplexity="0" nPathComplexity="0" sequenceCoverage="100.0" branchCoverage="0" crapScore="0" isConstructor="false" isStatic="false" isGetter="false" isSetter="false">
              <Summary numSequencePoints="10" visitedSequencePoints="10" numBranchPoints="0" visitedBranchPoints="0" sequenceCoverage="100.0" branchCoverage="0" maxCyclomaticComplexity="0" minCyclomaticComplexity="0" maxCrapScore="0" minCrapScore="0" visitedClasses="0" numClasses="0" visitedMethods="1" numMethods="1" />
              <MetadataToken>100663313</MetadataToken>
              <Name>System.Void GameLogicTests::PlatformWeights_SpecialPlatformsGrow_WithDifficulty()</Name>
              <FileRef uid="1" />
              <SequencePoints>
                <SequencePoint vc="1" uspid="2442" ordinal="0" offset="0" sl="185" sc="5" el="185" ec="5" bec="0" bev="0" fileid="1" />
                <SequencePoint vc="1" uspid="2443" ordinal="0" offset="1" sl="186" sc="9" el="186" ec="9" bec="0" bev="0" fileid="1" />
                <SequencePoint vc="1" uspid="2444" ordinal="0" offset="7" sl="187" sc="9" el="187" ec="9" bec="0" bev="0" fileid="1" />
                <SequencePoint vc="1" uspid="2445" ordinal="0" offset="13" sl="189" sc="9" el="189" ec="9" bec="0" bev="0" fileid="1" />
                <SequencePoint vc="1" uspid="2446" ordinal="0" offset="35" sl="190" sc="9" el="190" ec="9" bec="0" bev="0" fileid="1" />
                <SequencePoint vc="1" uspid="2447" ordinal="0" offset="57" sl="191" sc="9" el="191" ec="9" bec="0" bev="0" fileid="1" />
                <SequencePoint vc="1" uspid="2448" ordinal="0" offset="75" sl="193" sc="9" el="193" ec="9" bec="0" bev="0" fileid="1" />
                <SequencePoint vc="1" uspid="2449" ordinal="0" offset="98" sl="194" sc="9" el="194" ec="9" bec="0" bev="0" fileid="1" />
                <SequencePoint vc="1" uspid="2450" ordinal="0" offset="121" sl="195" sc="9" el="195" ec="9" bec="0" bev="0" fileid="1" />
                <SequencePoint vc="1" uspid="2451" ordinal="0" offset="141" sl="196" sc="5" el="196" ec="5" bec="0" bev="0" fileid="1" />
              </SequencePoints>
              <BranchPoints />
            </Method>
            <Method visited="true" cyclomaticComplexity="0" nPathComplexity="0" sequenceCoverage="100.0" branchCoverage="0" crapScore="0" isConstructor="false" isStatic="false" isGetter="false" isSetter="false">
              <Summary numSequencePoints="10" visitedSequencePoints="10" numBranchPoints="0" visitedBranchPoints="0" sequenceCoverage="100.0" branchCoverage="0" maxCyclomaticComplexity="0" minCyclomaticComplexity="0" maxCrapScore="0" minCrapScore="0" visitedClasses="0" numClasses="0" visitedMethods="1" numMethods="1" />
              <MetadataToken>100663314</MetadataToken>
              <Name>System.Void GameLogicTests::PlatformWeights_TotalIsAlwaysPositive()</Name>
              <FileRef uid="1" />
              <SequencePoints>
                <SequencePoint vc="1" uspid="2452" ordinal="0" offset="0" sl="200" sc="5" el="200" ec="5" bec="0" bev="0" fileid="1" />
                <SequencePoint vc="1" uspid="2453" ordinal="0" offset="1" sl="202" sc="9" el="202" ec="9" bec="0" bev="0" fileid="1" />
                <SequencePoint vc="1" uspid="2454" ordinal="0" offset="2" sl="202" sc="29" el="202" ec="29" bec="0" bev="0" fileid="1" />
                <SequencePoint vc="5" uspid="2455" ordinal="0" offset="27" sl="202" sc="18" el="202" ec="18" bec="0" bev="0" fileid="1" />
                <SequencePoint vc="5" uspid="2456" ordinal="0" offset="31" sl="203" sc="9" el="203" ec="9" bec="0" bev="0" fileid="1" />
                <SequencePoint vc="5" uspid="2457" ordinal="0" offset="32" sl="204" sc="13" el="204" ec="13" bec="0" bev="0" fileid="1" />
                <SequencePoint vc="5" uspid="2458" ordinal="0" offset="142" sl="210" sc="13" el="210" ec="13" bec="0" bev="0" fileid="1" />
                <SequencePoint vc="5" uspid="2459" ordinal="0" offset="171" sl="211" sc="9" el="211" ec="9" bec="0" bev="0" fileid="1" />
                <SequencePoint vc="6" uspid="2460" ordinal="0" offset="176" sl="202" sc="26" el="202" ec="26" bec="0" bev="0" fileid="1" />
                <SequencePoint vc="1" uspid="2461" ordinal="0" offset="185" sl="212" sc="5" el="212" ec="5" bec="0" bev="0" fileid="1" />
              </SequencePoints>
              <BranchPoints />
            </Method>
            <Method visited="true" cyclomaticComplexity="0" nPathComplexity="0" sequenceCoverage="100.0" branchCoverage="0" crapScore="0" isConstructor="false" isStatic="false" isGetter="false" isSetter="false">
              <Summary numSequencePoints="5" visitedSequencePoints="5" numBranchPoints="0" visitedBranchPoints="0" sequenceCoverage="100.0" branchCoverage="0" maxCyclomaticComplexity="0" minCyclomaticComplexity="0" maxCrapScore="0" minCrapScore="0" visitedClasses="0" numClasses="0" visitedMethods="1" numMethods="1" />
              <MetadataToken>100663315</MetadataToken>
              <Name>System.Void GameLogicTests::VertMoverRange_CappedBelowGap()</Name>
              <FileRef uid="1" />
              <SequencePoints>
                <SequencePoint vc="1" uspid="2462" ordinal="0" offset="0" sl="218" sc="5" el="218" ec="5" bec="0" bev="0" fileid="1" />
                <SequencePoint vc="1" uspid="2463" ordinal="0" offset="1" sl="221" sc="9" el="221" ec="9" bec="0" bev="0" fileid="1" />
                <SequencePoint vc="1" uspid="2464" ordinal="0" offset="7" sl="222" sc="9" el="222" ec="9" bec="0" bev="0" fileid="1" />
                <SequencePoint vc="1" uspid="2465" ordinal="0" offset="25" sl="223" sc="9" el="223" ec="9" bec="0" bev="0" fileid="1" />
                <SequencePoint vc="1" uspid="2466" ordinal="0" offset="43" sl="224" sc="5" el="224" ec="5" bec="0" bev="0" fileid="1" />
              </SequencePoints>
              <BranchPoints />
            </Method>
            <Method visited="true" cyclomaticComplexity="0" nPathComplexity="0" sequenceCoverage="100.0" branchCoverage="0" crapScore="0" isConstructor="false" isStatic="false" isGetter="false" isSetter="false">
              <Summary numSequencePoints="5" visitedSequencePoints="5" numBranchPoints="0" visitedBranchPoints="0" sequenceCoverage="100.0" branchCoverage="0" maxCyclomaticComplexity="0" minCyclomaticComplexity="0" maxCrapScore="0" minCrapScore="0" visitedClasses="0" numClasses="0" visitedMethods="1" numMethods="1" />
              <MetadataToken>100663316</MetadataToken>
              <Name>System.Void GameLogicTests::VertMoverRange_SmallGap_NeverBelowMinimum()</Name>
              <FileRef uid="1" />
              <SequencePoints>
                <SequencePoint vc="1" uspid="2467" ordinal="0" offset="0" sl="228" sc="5" el="228" ec="5" bec="0" bev="0" fileid="1" />
                <SequencePoint vc="1" uspid="2468" ordinal="0" offset="1" sl="230" sc="9" el="230" ec="9" bec="0" bev="0" fileid="1" />
                <SequencePoint vc="1" uspid="2469" ordinal="0" offset="7" sl="231" sc="9" el="231" ec="9" bec="0" bev="0" fileid="1" />
                <SequencePoint vc="1" uspid="2470" ordinal="0" offset="25" sl="232" sc="9" el="232" ec="9" bec="0" bev="0" fileid="1" />
                <SequencePoint vc="1" uspid="2471" ordinal="0" offset="47" sl="233" sc="5" el="233" ec="5" bec="0" bev="0" fileid="1" />
              </SequencePoints>
              <BranchPoints />
            </Method>
          </Methods>
        </Class>
        <Class>
          <Summary numSequencePoints="102" visitedSequencePoints="102" numBranchPoints="0" visitedBranchPoints="0" sequenceCoverage="100.0" branchCoverage="0.0" maxCyclomaticComplexity="0" minCyclomaticComplexity="0" maxCrapScore="0" minCrapScore="0" visitedClasses="1" numClasses="1" visitedMethods="17" numMethods="17" />
          <FullName>LeaderboardManagerTests</FullName>
          <Methods>
            <Method visited="true" cyclomaticComplexity="0" nPathComplexity="0" sequenceCoverage="100.0" branchCoverage="0" crapScore="0" isConstructor="false" isStatic="false" isGetter="false" isSetter="false">
              <Summary numSequencePoints="4" visitedSequencePoints="4" numBranchPoints="0" visitedBranchPoints="0" sequenceCoverage="100.0" branchCoverage="0" maxCyclomaticComplexity="0" minCyclomaticComplexity="0" maxCrapScore="0" minCrapScore="0" visitedClasses="0" numClasses="0" visitedMethods="1" numMethods="1" />
              <MetadataToken>100663318</MetadataToken>
              <Name>System.Void LeaderboardManagerTests::SetUp()</Name>
              <FileRef uid="2" />
              <SequencePoints>
                <SequencePoint vc="15" uspid="2472" ordinal="0" offset="0" sl="22" sc="5" el="22" ec="5" bec="0" bev="0" fileid="2" />
                <SequencePoint vc="15" uspid="2473" ordinal="0" offset="1" sl="23" sc="9" el="23" ec="9" bec="0" bev="0" fileid="2" />
                <SequencePoint vc="15" uspid="2474" ordinal="0" offset="7" sl="24" sc="9" el="24" ec="9" bec="0" bev="0" fileid="2" />
                <SequencePoint vc="15" uspid="2475" ordinal="0" offset="13" sl="25" sc="5" el="25" ec="5" bec="0" bev="0" fileid="2" />
              </SequencePoints>
              <BranchPoints />
            </Method>
            <Method visited="true" cyclomaticComplexity="0" nPathComplexity="0" sequenceCoverage="100.0" branchCoverage="0" crapScore="0" isConstructor="false" isStatic="false" isGetter="false" isSetter="false">
              <Summary numSequencePoints="4" visitedSequencePoints="4" numBranchPoints="0" visitedBranchPoints="0" sequenceCoverage="100.0" branchCoverage="0" maxCyclomaticComplexity="0" minCyclomaticComplexity="0" maxCrapScore="0" minCrapScore="0" visitedClasses="0" numClasses="0" visitedMethods="1" numMethods="1" />
              <MetadataToken>100663319</MetadataToken>
              <Name>System.Void LeaderboardManagerTests::TearDown()</Name>
              <FileRef uid="2" />
              <SequencePoints>
                <SequencePoint vc="15" uspid="2476" ordinal="0" offset="0" sl="29" sc="5" el="29" ec="5" bec="0" bev="0" fileid="2" />
                <SequencePoint vc="15" uspid="2477" ordinal="0" offset="1" sl="30" sc="9" el="30" ec="9" bec="0" bev="0" fileid="2" />
                <SequencePoint vc="15" uspid="2478" ordinal="0" offset="7" sl="31" sc="9" el="31" ec="9" bec="0" bev="0" fileid="2" />
                <SequencePoint vc="15" uspid="2479" ordinal="0" offset="13" sl="32" sc="5" el="32" ec="5" bec="0" bev="0" fileid="2" />
              </SequencePoints>
              <BranchPoints />
            </Method>
            <Method visited="true" cyclomaticComplexity="0" nPathComplexity="0" sequenceCoverage="100.0" branchCoverage="0" crapScore="0" isConstructor="false" isStatic="false" isGetter="false" isSetter="false">
              <Summary numSequencePoints="3" visitedSequencePoints="3" numBranchPoints="0" visitedBranchPoints="0" sequenceCoverage="100.0" branchCoverage="0" maxCyclomaticComplexity="0" minCyclomaticComplexity="0" maxCrapScore="0" minCrapScore="0" visitedClasses="0" numClasses="0" visitedMethods="1" numMethods="1" />
              <MetadataToken>100663320</MetadataToken>
              <Name>System.Void LeaderboardManagerTests::GetCurrentPlayerName_WhenNoneSet_ReturnsAnonymous()</Name>
              <FileRef uid="2" />
              <SequencePoints>
                <SequencePoint vc="1" uspid="2480" ordinal="0" offset="0" sl="41" sc="5" el="41" ec="5" bec="0" bev="0" fileid="2" />
                <SequencePoint vc="1" uspid="2481" ordinal="0" offset="1" sl="42" sc="9" el="42" ec="9" bec="0" bev="0" fileid="2" />
                <SequencePoint vc="1" uspid="2482" ordinal="0" offset="17" sl="43" sc="5" el="43" ec="5" bec="0" bev="0" fileid="2" />
              </SequencePoints>
              <BranchPoints />
            </Method>
            <Method visited="true" cyclomaticComplexity="0" nPathComplexity="0" sequenceCoverage="100.0" branchCoverage="0" crapScore="0" isConstructor="false" isStatic="false" isGetter="false" isSetter="false">
              <Summary numSequencePoints="4" visitedSequencePoints="4" numBranchPoints="0" visitedBranchPoints="0" sequenceCoverage="100.0" branchCoverage="0" maxCyclomaticComplexity="0" minCyclomaticComplexity="0" maxCrapScore="0" minCrapScore="0" visitedClasses="0" numClasses="0" visitedMethods="1" numMethods="1" />
              <MetadataToken>100663321</MetadataToken>
              <Name>System.Void LeaderboardManagerTests::SetAndGet_PlayerName_RoundTrips()</Name>
              <FileRef uid="2" />
              <SequencePoints>
                <SequencePoint vc="1" uspid="2483" ordinal="0" offset="0" sl="47" sc="5" el="47" ec="5" bec="0" bev="0" fileid="2" />
                <SequencePoint vc="1" uspid="2484" ordinal="0" offset="1" sl="48" sc="9" el="48" ec="9" bec="0" bev="0" fileid="2" />
                <SequencePoint vc="1" uspid="2485" ordinal="0" offset="12" sl="49" sc="9" el="49" ec="9" bec="0" bev="0" fileid="2" />
                <SequencePoint vc="1" uspid="2486" ordinal="0" offset="28" sl="50" sc="5" el="50" ec="5" bec="0" bev="0" fileid="2" />
              </SequencePoints>
              <BranchPoints />
            </Method>
            <Method visited="true" cyclomaticComplexity="0" nPathComplexity="0" sequenceCoverage="100.0" branchCoverage="0" crapScore="0" isConstructor="false" isStatic="false" isGetter="false" isSetter="false">
              <Summary numSequencePoints="4" visitedSequencePoints="4" numBranchPoints="0" visitedBranchPoints="0" sequenceCoverage="100.0" branchCoverage="0" maxCyclomaticComplexity="0" minCyclomaticComplexity="0" maxCrapScore="0" minCrapScore="0" visitedClasses="0" numClasses="0" visitedMethods="1" numMethods="1" />
              <MetadataToken>100663322</MetadataToken>
              <Name>System.Void LeaderboardManagerTests::SetPlayerName_LeadingTrailingSpaces_AreTrimmed()</Name>
              <FileRef uid="2" />
              <SequencePoints>
                <SequencePoint vc="1" uspid="2487" ordinal="0" offset="0" sl="54" sc="5" el="54" ec="5" bec="0" bev="0" fileid="2" />
                <SequencePoint vc="1" uspid="2488" ordinal="0" offset="1" sl="56" sc="9" el="56" ec="9" bec="0" bev="0" fileid="2" />
                <SequencePoint vc="1" uspid="2489" ordinal="0" offset="12" sl="57" sc="9" el="57" ec="9" bec="0" bev="0" fileid="2" />
                <SequencePoint vc="1" uspid="2490" ordinal="0" offset="28" sl="58" sc="5" el="58" ec="5" bec="0" bev="0" fileid="2" />
              </SequencePoints>
              <BranchPoints />
            </Method>
            <Method visited="true" cyclomaticComplexity="0" nPathComplexity="0" sequenceCoverage="100.0" branchCoverage="0" crapScore="0" isConstructor="false" isStatic="false" isGetter="false" isSetter="false">
              <Summary numSequencePoints="5" visitedSequencePoints="5" numBranchPoints="0" visitedBranchPoints="0" sequenceCoverage="100.0" branchCoverage="0" maxCyclomaticComplexity="0" minCyclomaticComplexity="0" maxCrapScore="0" minCrapScore="0" visitedClasses="0" numClasses="0" visitedMethods="1" numMethods="1" />
              <MetadataToken>100663323</MetadataToken>
              <Name>System.Void LeaderboardManagerTests::SetPlayerName_OverSixteenChars_IsTruncatedTo16()</Name>
              <FileRef uid="2" />
              <SequencePoints>
                <SequencePoint vc="1" uspid="2491" ordinal="0" offset="0" sl="62" sc="5" el="62" ec="5" bec="0" bev="0" fileid="2" />
                <SequencePoint vc="1" uspid="2492" ordinal="0" offset="1" sl="64" sc="9" el="64" ec="9" bec="0" bev="0" fileid="2" />
                <SequencePoint vc="1" uspid="2493" ordinal="0" offset="12" sl="65" sc="9" el="65" ec="9" bec="0" bev="0" fileid="2" />
                <SequencePoint vc="1" uspid="2494" ordinal="0" offset="18" sl="66" sc="9" el="66" ec="9" bec="0" bev="0" fileid="2" />
                <SequencePoint vc="1" uspid="2495" ordinal="0" offset="42" sl="68" sc="5" el="68" ec="5" bec="0" bev="0" fileid="2" />
              </SequencePoints>
              <BranchPoints />
            </Method>
            <Method visited="true" cyclomaticComplexity="0" nPathComplexity="0" sequenceCoverage="100.0" branchCoverage="0" crapScore="0" isConstructor="false" isStatic="false" isGetter="false" isSetter="false">
              <Summary numSequencePoints="4" visitedSequencePoints="4" numBranchPoints="0" visitedBranchPoints="0" sequenceCoverage="100.0" branchCoverage="0" maxCyclomaticComplexity="0" minCyclomaticComplexity="0" maxCrapScore="0" minCrapScore="0" visitedClasses="0" numClasses="0" visitedMethods="1" numMethods="1" />
              <MetadataToken>100663324</MetadataToken>
              <Name>System.Void LeaderboardManagerTests::SetPlayerName_WhitespaceOnly_SavesAsAnonymous()</Name>
              <FileRef uid="2" />
              <SequencePoints>
                <SequencePoint vc="1" uspid="2496" ordinal="0" offset="0" sl="72" sc="5" el="72" ec="5" bec="0" bev="0" fileid="2" />
                <SequencePoint vc="1" uspid="2497" ordinal="0" offset="1" sl="73" sc="9" el="73" ec="9" bec="0" bev="0" fileid="2" />
                <SequencePoint vc="1" uspid="2498" ordinal="0" offset="12" sl="74" sc="9" el="74" ec="9" bec="0" bev="0" fileid="2" />
                <SequencePoint vc="1" uspid="2499" ordinal="0" offset="28" sl="75" sc="5" el="75" ec="5" bec="0" bev="0" fileid="2" />
              </SequencePoints>
              <BranchPoints />
            </Method>
            <Method visited="true" cyclomaticComplexity="0" nPathComplexity="0" sequenceCoverage="100.0" branchCoverage="0" crapScore="0" isConstructor="false" isStatic="false" isGetter="false" isSetter="false">
              <Summary numSequencePoints="4" visitedSequencePoints="4" numBranchPoints="0" visitedBranchPoints="0" sequenceCoverage="100.0" branchCoverage="0" maxCyclomaticComplexity="0" minCyclomaticComplexity="0" maxCrapScore="0" minCrapScore="0" visitedClasses="0" numClasses="0" visitedMethods="1" numMethods="1" />
              <MetadataToken>100663325</MetadataToken>
              <Name>System.Void LeaderboardManagerTests::SubmitScore_WithNoName_UsesAnonymous()</Name>
              <FileRef uid="2" />
              <SequencePoints>
                <SequencePoint vc="1" uspid="2500" ordinal="0" offset="0" sl="84" sc="5" el="84" ec="5" bec="0" bev="0" fileid="2" />
                <SequencePoint vc="1" uspid="2501" ordinal="0" offset="1" sl="86" sc="9" el="86" ec="9" bec="0" bev="0" fileid="2" />
                <SequencePoint vc="1" uspid="2502" ordinal="0" offset="12" sl="87" sc="9" el="87" ec="9" bec="0" bev="0" fileid="2" />
                <SequencePoint vc="1" uspid="2503" ordinal="0" offset="38" sl="88" sc="5" el="88" ec="5" bec="0" bev="0" fileid="2" />
              </SequencePoints>
              <BranchPoints />
            </Method>
            <Method visited="true" cyclomaticComplexity="0" nPathComplexity="0" sequenceCoverage="100.0" branchCoverage="0" crapScore="0" isConstructor="false" isStatic="false" isGetter="false" isSetter="false">
              <Summary numSequencePoints="5" visitedSequencePoints="5" numBranchPoints="0" visitedBranchPoints="0" sequenceCoverage="100.0" branchCoverage="0" maxCyclomaticComplexity="0" minCyclomaticComplexity="0" maxCrapScore="0" minCrapScore="0" visitedClasses="0" numClasses="0" visitedMethods="1" numMethods="1" />
              <MetadataToken>100663326</MetadataToken>
              <Name>System.Void LeaderboardManagerTests::SubmitScore_WithName_PersistsBestScore()</Name>
              <FileRef uid="2" />
              <SequencePoints>
                <SequencePoint vc="1" uspid="2504" ordinal="0" offset="0" sl="92" sc="5" el="92" ec="5" bec="0" bev="0" fileid="2" />
                <SequencePoint vc="1" uspid="2505" ordinal="0" offset="1" sl="93" sc="9" el="93" ec="9" bec="0" bev="0" fileid="2" />
                <SequencePoint vc="1" uspid="2506" ordinal="0" offset="12" sl="94" sc="9" el="94" ec="9" bec="0" bev="0" fileid="2" />
                <SequencePoint vc="1" uspid="2507" ordinal="0" offset="23" sl="95" sc="9" el="95" ec="9" bec="0" bev="0" fileid="2" />
                <SequencePoint vc="1" uspid="2508" ordinal="0" offset="49" sl="96" sc="5" el="96" ec="5" bec="0" bev="0" fileid="2" />
              </SequencePoints>
              <BranchPoints />
            </Method>
            <Method visited="true" cyclomaticComplexity="0" nPathComplexity="0" sequenceCoverage="100.0" branchCoverage="0" crapScore="0" isConstructor="false" isStatic="false" isGetter="false" isSetter="false">
              <Summary numSequencePoints="6" visitedSequencePoints="6" numBranchPoints="0" visitedBranchPoints="0" sequenceCoverage="100.0" branchCoverage="0" maxCyclomaticComplexity="0" minCyclomaticComplexity="0" maxCrapScore="0" minCrapScore="0" visitedClasses="0" numClasses="0" visitedMethods="1" numMethods="1" />
              <MetadataToken>100663327</MetadataToken>
              <Name>System.Void LeaderboardManagerTests::SubmitScore_HigherFollowsUp_UpdatesBest()</Name>
              <FileRef uid="2" />
              <SequencePoints>
                <SequencePoint vc="1" uspid="2509" ordinal="0" offset="0" sl="100" sc="5" el="100" ec="5" bec="0" bev="0" fileid="2" />
                <SequencePoint vc="1" uspid="2510" ordinal="0" offset="1" sl="101" sc="9" el="101" ec="9" bec="0" bev="0" fileid="2" />
                <SequencePoint vc="1" uspid="2511" ordinal="0" offset="12" sl="102" sc="9" el="102" ec="9" bec="0" bev="0" fileid="2" />
                <SequencePoint vc="1" uspid="2512" ordinal="0" offset="23" sl="103" sc="9" el="103" ec="9" bec="0" bev="0" fileid="2" />
                <SequencePoint vc="1" uspid="2513" ordinal="0" offset="34" sl="104" sc="9" el="104" ec="9" bec="0" bev="0" fileid="2" />
                <SequencePoint vc="1" uspid="2514" ordinal="0" offset="60" sl="105" sc="5" el="105" ec="5" bec="0" bev="0" fileid="2" />
              </SequencePoints>
              <BranchPoints />
            </Method>
            <Method visited="true" cyclomaticComplexity="0" nPathComplexity="0" sequenceCoverage="100.0" branchCoverage="0" crapScore="0" isConstructor="false" isStatic="false" isGetter="false" isSetter="false">
              <Summary numSequencePoints="6" visitedSequencePoints="6" numBranchPoints="0" visitedBranchPoints="0" sequenceCoverage="100.0" branchCoverage="0" maxCyclomaticComplexity="0" minCyclomaticComplexity="0" maxCrapScore="0" minCrapScore="0" visitedClasses="0" numClasses="0" visitedMethods="1" numMethods="1" />
              <MetadataToken>100663328</MetadataToken>
              <Name>System.Void LeaderboardManagerTests::SubmitScore_LowerFollowUp_DoesNotDecreaseBest()</Name>
              <FileRef uid="2" />
              <SequencePoints>
                <SequencePoint vc="1" uspid="2515" ordinal="0" offset="0" sl="109" sc="5" el="109" ec="5" bec="0" bev="0" fileid="2" />
                <SequencePoint vc="1" uspid="2516" ordinal="0" offset="1" sl="111" sc="9" el="111" ec="9" bec="0" bev="0" fileid="2" />
                <SequencePoint vc="1" uspid="2517" ordinal="0" offset="12" sl="112" sc="9" el="112" ec="9" bec="0" bev="0" fileid="2" />
                <SequencePoint vc="1" uspid="2518" ordinal="0" offset="23" sl="113" sc="9" el="113" ec="9" bec="0" bev="0" fileid="2" />
                <SequencePoint vc="1" uspid="2519" ordinal="0" offset="34" sl="114" sc="9" el="114" ec="9" bec="0" bev="0" fileid="2" />
                <SequencePoint vc="1" uspid="2520" ordinal="0" offset="60" sl="115" sc="5" el="115" ec="5" bec="0" bev="0" fileid="2" />
              </SequencePoints>
              <BranchPoints />
            </Method>
            <Method visited="true" cyclomaticComplexity="0" nPathComplexity="0" sequenceCoverage="100.0" branchCoverage="0" crapScore="0" isConstructor="false" isStatic="false" isGetter="false" isSetter="false">
              <Summary numSequencePoints="11" visitedSequencePoints="11" numBranchPoints="0" visitedBranchPoints="0" sequenceCoverage="100.0" branchCoverage="0" maxCyclomaticComplexity="0" minCyclomaticComplexity="0" maxCrapScore="0" minCrapScore="0" visitedClasses="0" numClasses="0" visitedMethods="1" numMethods="1" />
              <MetadataToken>100663329</MetadataToken>
              <Name>System.Void LeaderboardManagerTests::SubmitScore_MultipleTimes_CreatesMultipleEntries()</Name>
              <FileRef uid="2" />
              <SequencePoints>
                <SequencePoint vc="1" uspid="2521" ordinal="0" offset="0" sl="119" sc="5" el="119" ec="5" bec="0" bev="0" fileid="2" />
                <SequencePoint vc="1" uspid="2522" ordinal="0" offset="1" sl="121" sc="9" el="121" ec="9" bec="0" bev="0" fileid="2" />
                <SequencePoint vc="1" uspid="2523" ordinal="0" offset="12" sl="122" sc="9" el="122" ec="9" bec="0" bev="0" fileid="2" />
                <SequencePoint vc="1" uspid="2524" ordinal="0" offset="20" sl="123" sc="9" el="123" ec="9" bec="0" bev="0" fileid="2" />
                <SequencePoint vc="1" uspid="2525" ordinal="0" offset="31" sl="124" sc="9" el="124" ec="9" bec="0" bev="0" fileid="2" />
                <SequencePoint vc="1" uspid="2526" ordinal="0" offset="42" sl="126" sc="9" el="126" ec="9" bec="0" bev="0" fileid="2" />
                <SequencePoint vc="1" uspid="2527" ordinal="0" offset="48" sl="127" sc="9" el="127" ec="9" bec="0" bev="0" fileid="2" />
                <SequencePoint vc="1" uspid="2528" ordinal="0" offset="81" sl="128" sc="9" el="128" ec="9" bec="0" bev="0" fileid="2" />
                <SequencePoint vc="1" uspid="2529" ordinal="0" offset="124" sl="129" sc="9" el="129" ec="9" bec="0" bev="0" fileid="2" />
                <SequencePoint vc="1" uspid="2530" ordinal="0" offset="167" sl="130" sc="9" el="130" ec="9" bec="0" bev="0" fileid="2" />
                <SequencePoint vc="1" uspid="2531" ordinal="0" offset="207" sl="131" sc="5" el="131" ec="5" bec="0" bev="0" fileid="2" />
              </SequencePoints>
              <BranchPoints />
            </Method>
            <Method visited="true" cyclomaticComplexity="0" nPathComplexity="0" sequenceCoverage="100.0" branchCoverage="0" crapScore="0" isConstructor="false" isStatic="false" isGetter="false" isSetter="false">
              <Summary numSequencePoints="9" visitedSequencePoints="9" numBranchPoints="0" visitedBranchPoints="0" sequenceCoverage="100.0" branchCoverage="0" maxCyclomaticComplexity="0" minCyclomaticComplexity="0" maxCrapScore="0" minCrapScore="0" visitedClasses="0" numClasses="0" visitedMethods="1" numMethods="1" />
              <MetadataToken>100663330</MetadataToken>
              <Name>System.Void LeaderboardManagerTests::TwoPlayers_ScoresStoredIndependently()</Name>
              <FileRef uid="2" />
              <SequencePoints>
                <SequencePoint vc="1" uspid="2532" ordinal="0" offset="0" sl="137" sc="5" el="137" ec="5" bec="0" bev="0" fileid="2" />
                <SequencePoint vc="1" uspid="2533" ordinal="0" offset="1" sl="138" sc="9" el="138" ec="9" bec="0" bev="0" fileid="2" />
                <SequencePoint vc="1" uspid="2534" ordinal="0" offset="12" sl="139" sc="9" el="139" ec="9" bec="0" bev="0" fileid="2" />
                <SequencePoint vc="1" uspid="2535" ordinal="0" offset="23" sl="141" sc="9" el="141" ec="9" bec="0" bev="0" fileid="2" />
                <SequencePoint vc="1" uspid="2536" ordinal="0" offset="34" sl="142" sc="9" el="142" ec="9" bec="0" bev="0" fileid="2" />
                <SequencePoint vc="1" uspid="2537" ordinal="0" offset="45" sl="145" sc="9" el="145" ec="9" bec="0" bev="0" fileid="2" />
                <SequencePoint vc="1" uspid="2538" ordinal="0" offset="81" sl="149" sc="9" el="149" ec="9" bec="0" bev="0" fileid="2" />
                <SequencePoint vc="1" uspid="2539" ordinal="0" offset="92" sl="150" sc="9" el="150" ec="9" bec="0" bev="0" fileid="2" />
                <SequencePoint vc="1" uspid="2540" ordinal="0" offset="128" sl="152" sc="5" el="152" ec="5" bec="0" bev="0" fileid="2" />
              </SequencePoints>
              <BranchPoints />
            </Method>
            <Method visited="true" cyclomaticComplexity="0" nPathComplexity="0" sequenceCoverage="100.0" branchCoverage="0" crapScore="0" isConstructor="false" isStatic="false" isGetter="false" isSetter="false">
              <Summary numSequencePoints="3" visitedSequencePoints="3" numBranchPoints="0" visitedBranchPoints="0" sequenceCoverage="100.0" branchCoverage="0" maxCyclomaticComplexity="0" minCyclomaticComplexity="0" maxCrapScore="0" minCrapScore="0" visitedClasses="0" numClasses="0" visitedMethods="1" numMethods="1" />
              <MetadataToken>100663331</MetadataToken>
              <Name>System.Void LeaderboardManagerTests::GetGlobalBest_NoEntries_ReturnsZero()</Name>
              <FileRef uid="2" />
              <SequencePoints>
                <SequencePoint vc="1" uspid="2541" ordinal="0" offset="0" sl="158" sc="5" el="158" ec="5" bec="0" bev="0" fileid="2" />
                <SequencePoint vc="1" uspid="2542" ordinal="0" offset="1" sl="159" sc="9" el="159" ec="9" bec="0" bev="0" fileid="2" />
                <SequencePoint vc="1" uspid="2543" ordinal="0" offset="23" sl="160" sc="5" el="160" ec="5" bec="0" bev="0" fileid="2" />
              </SequencePoints>
              <BranchPoints />
            </Method>
            <Method visited="true" cyclomaticComplexity="0" nPathComplexity="0" sequenceCoverage="100.0" branchCoverage="0" crapScore="0" isConstructor="false" isStatic="false" isGetter="false" isSetter="false">
              <Summary numSequencePoints="7" visitedSequencePoints="7" numBranchPoints="0" visitedBranchPoints="0" sequenceCoverage="100.0" branchCoverage="0" maxCyclomaticComplexity="0" minCyclomaticComplexity="0" maxCrapScore="0" minCrapScore="0" visitedClasses="0" numClasses="0" visitedMethods="1" numMethods="1" />
              <MetadataToken>100663332</MetadataToken>
              <Name>System.Void LeaderboardManagerTests::GetGlobalBest_ReturnsHighestAcrossAllPlayers()</Name>
              <FileRef uid="2" />
              <SequencePoints>
                <SequencePoint vc="1" uspid="2544" ordinal="0" offset="0" sl="164" sc="5" el="164" ec="5" bec="0" bev="0" fileid="2" />
                <SequencePoint vc="1" uspid="2545" ordinal="0" offset="1" sl="165" sc="9" el="165" ec="9" bec="0" bev="0" fileid="2" />
                <SequencePoint vc="1" uspid="2546" ordinal="0" offset="12" sl="166" sc="9" el="166" ec="9" bec="0" bev="0" fileid="2" />
                <SequencePoint vc="1" uspid="2547" ordinal="0" offset="23" sl="167" sc="9" el="167" ec="9" bec="0" bev="0" fileid="2" />
                <SequencePoint vc="1" uspid="2548" ordinal="0" offset="34" sl="168" sc="9" el="168" ec="9" bec="0" bev="0" fileid="2" />
                <SequencePoint vc="1" uspid="2549" ordinal="0" offset="45" sl="169" sc="9" el="169" ec="9" bec="0" bev="0" fileid="2" />
                <SequencePoint vc="1" uspid="2550" ordinal="0" offset="71" sl="170" sc="5" el="170" ec="5" bec="0" bev="0" fileid="2" />
              </SequencePoints>
              <BranchPoints />
            </Method>
            <Method visited="true" cyclomaticComplexity="0" nPathComplexity="0" sequenceCoverage="100.0" branchCoverage="0" crapScore="0" isConstructor="false" isStatic="false" isGetter="false" isSetter="false">
              <Summary numSequencePoints="13" visitedSequencePoints="13" numBranchPoints="0" visitedBranchPoints="0" sequenceCoverage="100.0" branchCoverage="0" maxCyclomaticComplexity="0" minCyclomaticComplexity="0" maxCrapScore="0" minCrapScore="0" visitedClasses="0" numClasses="0" visitedMethods="1" numMethods="1" />
              <MetadataToken>100663333</MetadataToken>
              <Name>System.Void LeaderboardManagerTests::GetLeaderboardSorted_OrdersByScoreDescending()</Name>
              <FileRef uid="2" />
              <SequencePoints>
                <SequencePoint vc="1" uspid="2551" ordinal="0" offset="0" sl="176" sc="5" el="176" ec="5" bec="0" bev="0" fileid="2" />
                <SequencePoint vc="1" uspid="2552" ordinal="0" offset="1" sl="177" sc="9" el="177" ec="9" bec="0" bev="0" fileid="2" />
                <SequencePoint vc="1" uspid="2553" ordinal="0" offset="12" sl="177" sc="60" el="177" ec="60" bec="0" bev="0" fileid="2" />
                <SequencePoint vc="1" uspid="2554" ordinal="0" offset="23" sl="178" sc="9" el="178" ec="9" bec="0" bev="0" fileid="2" />
                <SequencePoint vc="1" uspid="2555" ordinal="0" offset="34" sl="178" sc="60" el="178" ec="60" bec="0" bev="0" fileid="2" />
                <SequencePoint vc="1" uspid="2556" ordinal="0" offset="45" sl="179" sc="9" el="179" ec="9" bec="0" bev="0" fileid="2" />
                <SequencePoint vc="1" uspid="2557" ordinal="0" offset="56" sl="179" sc="60" el="179" ec="60" bec="0" bev="0" fileid="2" />
                <SequencePoint vc="1" uspid="2558" ordinal="0" offset="67" sl="181" sc="9" el="181" ec="9" bec="0" bev="0" fileid="2" />
                <SequencePoint vc="1" uspid="2559" ordinal="0" offset="73" sl="183" sc="9" el="183" ec="9" bec="0" bev="0" fileid="2" />
                <SequencePoint vc="1" uspid="2560" ordinal="0" offset="96" sl="184" sc="9" el="184" ec="9" bec="0" bev="0" fileid="2" />
                <SequencePoint vc="1" uspid="2561" ordinal="0" offset="119" sl="185" sc="9" el="185" ec="9" bec="0" bev="0" fileid="2" />
                <SequencePoint vc="1" uspid="2562" ordinal="0" offset="142" sl="186" sc="9" el="186" ec="9" bec="0" bev="0" fileid="2" />
                <SequencePoint vc="1" uspid="2563" ordinal="0" offset="165" sl="187" sc="5" el="187" ec="5" bec="0" bev="0" fileid="2" />
              </SequencePoints>
              <BranchPoints />
            </Method>
            <Method visited="true" cyclomaticComplexity="0" nPathComplexity="0" sequenceCoverage="100.0" branchCoverage="0" crapScore="0" isConstructor="false" isStatic="false" isGetter="false" isSetter="false">
              <Summary numSequencePoints="10" visitedSequencePoints="10" numBranchPoints="0" visitedBranchPoints="0" sequenceCoverage="100.0" branchCoverage="0" maxCyclomaticComplexity="0" minCyclomaticComplexity="0" maxCrapScore="0" minCrapScore="0" visitedClasses="0" numClasses="0" visitedMethods="1" numMethods="1" />
              <MetadataToken>100663334</MetadataToken>
              <Name>System.Void LeaderboardManagerTests::GetLeaderboardSorted_EqualScores_MaintainsSubmissionOrder()</Name>
              <FileRef uid="2" />
              <SequencePoints>
                <SequencePoint vc="1" uspid="2564" ordinal="0" offset="0" sl="191" sc="5" el="191" ec="5" bec="0" bev="0" fileid="2" />
                <SequencePoint vc="1" uspid="2565" ordinal="0" offset="1" sl="193" sc="9" el="193" ec="9" bec="0" bev="0" fileid="2" />
                <SequencePoint vc="1" uspid="2566" ordinal="0" offset="12" sl="194" sc="9" el="194" ec="9" bec="0" bev="0" fileid="2" />
                <SequencePoint vc="1" uspid="2567" ordinal="0" offset="23" sl="195" sc="9" el="195" ec="9" bec="0" bev="0" fileid="2" />
                <SequencePoint vc="1" uspid="2568" ordinal="0" offset="34" sl="196" sc="9" el="196" ec="9" bec="0" bev="0" fileid="2" />
                <SequencePoint vc="1" uspid="2569" ordinal="0" offset="45" sl="198" sc="9" el="198" ec="9" bec="0" bev="0" fileid="2" />
                <SequencePoint vc="1" uspid="2570" ordinal="0" offset="51" sl="199" sc="9" el="199" ec="9" bec="0" bev="0" fileid="2" />
                <SequencePoint vc="1" uspid="2571" ordinal="0" offset="74" sl="200" sc="9" el="200" ec="9" bec="0" bev="0" fileid="2" />
                <SequencePoint vc="1" uspid="2572" ordinal="0" offset="117" sl="201" sc="9" el="201" ec="9" bec="0" bev="0" fileid="2" />
                <SequencePoint vc="1" uspid="2573" ordinal="0" offset="160" sl="203" sc="5" el="203" ec="5" bec="0" bev="0" fileid="2" />
              </SequencePoints>
              <BranchPoints />
            </Method>
          </Methods>
        </Class>
        <Class>
          <Summary numSequencePoints="33" visitedSequencePoints="33" numBranchPoints="0" visitedBranchPoints="0" sequenceCoverage="100.0" branchCoverage="0.0" maxCyclomaticComplexity="0" minCyclomaticComplexity="0" maxCrapScore="0" minCrapScore="0" visitedClasses="1" numClasses="1" visitedMethods="5" numMethods="5" />
          <FullName>LeaderboardTests</FullName>
          <Methods>
            <Method visited="true" cyclomaticComplexity="0" nPathComplexity="0" sequenceCoverage="100.0" branchCoverage="0" crapScore="0" isConstructor="false" isStatic="false" isGetter="false" isSetter="false">
              <Summary numSequencePoints="4" visitedSequencePoints="4" numBranchPoints="0" visitedBranchPoints="0" sequenceCoverage="100.0" branchCoverage="0" maxCyclomaticComplexity="0" minCyclomaticComplexity="0" maxCrapScore="0" minCrapScore="0" visitedClasses="0" numClasses="0" visitedMethods="1" numMethods="1" />
              <MetadataToken>100663336</MetadataToken>
              <Name>System.Void LeaderboardTests::Setup()</Name>
              <FileRef uid="3" />
              <SequencePoints>
                <SequencePoint vc="3" uspid="2574" ordinal="0" offset="0" sl="12" sc="5" el="12" ec="5" bec="0" bev="0" fileid="3" />
                <SequencePoint vc="3" uspid="2575" ordinal="0" offset="1" sl="13" sc="9" el="13" ec="9" bec="0" bev="0" fileid="3" />
                <SequencePoint vc="3" uspid="2576" ordinal="0" offset="7" sl="14" sc="9" el="14" ec="9" bec="0" bev="0" fileid="3" />
                <SequencePoint vc="3" uspid="2577" ordinal="0" offset="18" sl="15" sc="5" el="15" ec="5" bec="0" bev="0" fileid="3" />
              </SequencePoints>
              <BranchPoints />
            </Method>
            <Method visited="true" cyclomaticComplexity="0" nPathComplexity="0" sequenceCoverage="100.0" branchCoverage="0" crapScore="0" isConstructor="false" isStatic="false" isGetter="false" isSetter="false">
              <Summary numSequencePoints="3" visitedSequencePoints="3" numBranchPoints="0" visitedBranchPoints="0" sequenceCoverage="100.0" branchCoverage="0" maxCyclomaticComplexity="0" minCyclomaticComplexity="0" maxCrapScore="0" minCrapScore="0" visitedClasses="0" numClasses="0" visitedMethods="1" numMethods="1" />
              <MetadataToken>100663337</MetadataToken>
              <Name>System.Void LeaderboardTests::Teardown()</Name>
              <FileRef uid="3" />
              <SequencePoints>
                <SequencePoint vc="3" uspid="2578" ordinal="0" offset="0" sl="19" sc="5" el="19" ec="5" bec="0" bev="0" fileid="3" />
                <SequencePoint vc="3" uspid="2579" ordinal="0" offset="1" sl="20" sc="9" el="20" ec="9" bec="0" bev="0" fileid="3" />
                <SequencePoint vc="3" uspid="2580" ordinal="0" offset="7" sl="21" sc="5" el="21" ec="5" bec="0" bev="0" fileid="3" />
              </SequencePoints>
              <BranchPoints />
            </Method>
            <Method visited="true" cyclomaticComplexity="0" nPathComplexity="0" sequenceCoverage="100.0" branchCoverage="0" crapScore="0" isConstructor="false" isStatic="false" isGetter="false" isSetter="false">
              <Summary numSequencePoints="10" visitedSequencePoints="10" numBranchPoints="0" visitedBranchPoints="0" sequenceCoverage="100.0" branchCoverage="0" maxCyclomaticComplexity="0" minCyclomaticComplexity="0" maxCrapScore="0" minCrapScore="0" visitedClasses="0" numClasses="0" visitedMethods="1" numMethods="1" />
              <MetadataToken>100663338</MetadataToken>
              <Name>System.Void LeaderboardTests::ClickingLeaderboard_DisplaysPreviousScores()</Name>
              <FileRef uid="3" />
              <SequencePoints>
                <SequencePoint vc="1" uspid="2581" ordinal="0" offset="0" sl="25" sc="5" el="25" ec="5" bec="0" bev="0" fileid="3" />
                <SequencePoint vc="1" uspid="2582" ordinal="0" offset="1" sl="27" sc="9" el="27" ec="9" bec="0" bev="0" fileid="3" />
                <SequencePoint vc="1" uspid="2583" ordinal="0" offset="9" sl="28" sc="9" el="28" ec="9" bec="0" bev="0" fileid="3" />
                <SequencePoint vc="1" uspid="2584" ordinal="0" offset="20" sl="29" sc="9" el="29" ec="9" bec="0" bev="0" fileid="3" />
                <SequencePoint vc="1" uspid="2585" ordinal="0" offset="28" sl="32" sc="9" el="32" ec="9" bec="0" bev="0" fileid="3" />
                <SequencePoint vc="1" uspid="2586" ordinal="0" offset="34" sl="35" sc="9" el="35" ec="9" bec="0" bev="0" fileid="3" />
                <SequencePoint vc="1" uspid="2587" ordinal="0" offset="67" sl="36" sc="9" el="36" ec="9" bec="0" bev="0" fileid="3" />
                <SequencePoint vc="1" uspid="2588" ordinal="0" offset="120" sl="38" sc="9" el="38" ec="9" bec="0" bev="0" fileid="3" />
                <SequencePoint vc="1" uspid="2589" ordinal="0" offset="173" sl="40" sc="9" el="40" ec="9" bec="0" bev="0" fileid="3" />
                <SequencePoint vc="1" uspid="2590" ordinal="0" offset="226" sl="42" sc="5" el="42" ec="5" bec="0" bev="0" fileid="3" />
              </SequencePoints>
              <BranchPoints />
            </Method>
            <Method visited="true" cyclomaticComplexity="0" nPathComplexity="0" sequenceCoverage="100.0" branchCoverage="0" crapScore="0" isConstructor="false" isStatic="false" isGetter="false" isSetter="false">
              <Summary numSequencePoints="7" visitedSequencePoints="7" numBranchPoints="0" visitedBranchPoints="0" sequenceCoverage="100.0" branchCoverage="0" maxCyclomaticComplexity="0" minCyclomaticComplexity="0" maxCrapScore="0" minCrapScore="0" visitedClasses="0" numClasses="0" visitedMethods="1" numMethods="1" />
              <MetadataToken>100663339</MetadataToken>
              <Name>System.Void LeaderboardTests::ClickingLeaderboard_DisplaysHighestScore()</Name>
              <FileRef uid="3" />
              <SequencePoints>
                <SequencePoint vc="1" uspid="2591" ordinal="0" offset="0" sl="46" sc="5" el="46" ec="5" bec="0" bev="0" fileid="3" />
                <SequencePoint vc="1" uspid="2592" ordinal="0" offset="1" sl="48" sc="9" el="48" ec="9" bec="0" bev="0" fileid="3" />
                <SequencePoint vc="1" uspid="2593" ordinal="0" offset="9" sl="49" sc="9" el="49" ec="9" bec="0" bev="0" fileid="3" />
                <SequencePoint vc="1" uspid="2594" ordinal="0" offset="20" sl="50" sc="9" el="50" ec="9" bec="0" bev="0" fileid="3" />
                <SequencePoint vc="1" uspid="2595" ordinal="0" offset="31" sl="53" sc="9" el="53" ec="9" bec="0" bev="0" fileid="3" />
                <SequencePoint vc="1" uspid="2596" ordinal="0" offset="37" sl="56" sc="9" el="56" ec="9" bec="0" bev="0" fileid="3" />
                <SequencePoint vc="1" uspid="2597" ordinal="0" offset="69" sl="57" sc="5" el="57" ec="5" bec="0" bev="0" fileid="3" />
              </SequencePoints>
              <BranchPoints />
            </Method>
            <Method visited="true" cyclomaticComplexity="0" nPathComplexity="0" sequenceCoverage="100.0" branchCoverage="0" crapScore="0" isConstructor="false" isStatic="false" isGetter="false" isSetter="false">
              <Summary numSequencePoints="9" visitedSequencePoints="9" numBranchPoints="0" visitedBranchPoints="0" sequenceCoverage="100.0" branchCoverage="0" maxCyclomaticComplexity="0" minCyclomaticComplexity="0" maxCrapScore="0" minCrapScore="0" visitedClasses="0" numClasses="0" visitedMethods="1" numMethods="1" />
              <MetadataToken>100663340</MetadataToken>
              <Name>System.Void LeaderboardTests::Leaderboard_SortedByScoreDescending()</Name>
              <FileRef uid="3" />
              <SequencePoints>
                <SequencePoint vc="1" uspid="2598" ordinal="0" offset="0" sl="61" sc="5" el="61" ec="5" bec="0" bev="0" fileid="3" />
                <SequencePoint vc="1" uspid="2599" ordinal="0" offset="1" sl="63" sc="9" el="63" ec="9" bec="0" bev="0" fileid="3" />
                <SequencePoint vc="1" uspid="2600" ordinal="0" offset="9" sl="64" sc="9" el="64" ec="9" bec="0" bev="0" fileid="3" />
                <SequencePoint vc="1" uspid="2601" ordinal="0" offset="20" sl="65" sc="9" el="65" ec="9" bec="0" bev="0" fileid="3" />
                <SequencePoint vc="1" uspid="2602" ordinal="0" offset="31" sl="68" sc="9" el="68" ec="9" bec="0" bev="0" fileid="3" />
                <SequencePoint vc="1" uspid="2603" ordinal="0" offset="37" sl="71" sc="9" el="71" ec="9" bec="0" bev="0" fileid="3" />
                <SequencePoint vc="1" uspid="2604" ordinal="0" offset="80" sl="72" sc="9" el="72" ec="9" bec="0" bev="0" fileid="3" />
                <SequencePoint vc="1" uspid="2605" ordinal="0" offset="123" sl="73" sc="9" el="73" ec="9" bec="0" bev="0" fileid="3" />
                <SequencePoint vc="1" uspid="2606" ordinal="0" offset="163" sl="74" sc="5" el="74" ec="5" bec="0" bev="0" fileid="3" />
              </SequencePoints>
              <BranchPoints />
            </Method>
          </Methods>
        </Class>
        <Class>
          <Summary numSequencePoints="35" visitedSequencePoints="35" numBranchPoints="0" visitedBranchPoints="0" sequenceCoverage="100.0" branchCoverage="0.0" maxCyclomaticComplexity="0" minCyclomaticComplexity="0" maxCrapScore="0" minCrapScore="0" visitedClasses="1" numClasses="1" visitedMethods="6" numMethods="6" />
          <FullName>ObjectPoolTests</FullName>
          <Methods>
            <Method visited="true" cyclomaticComplexity="0" nPathComplexity="0" sequenceCoverage="100.0" branchCoverage="0" crapScore="0" isConstructor="false" isStatic="false" isGetter="false" isSetter="false">
              <Summary numSequencePoints="5" visitedSequencePoints="5" numBranchPoints="0" visitedBranchPoints="0" sequenceCoverage="100.0" branchCoverage="0" maxCyclomaticComplexity="0" minCyclomaticComplexity="0" maxCrapScore="0" minCrapScore="0" visitedClasses="0" numClasses="0" visitedMethods="1" numMethods="1" />
              <MetadataToken>100663342</MetadataToken>
              <Name>System.Void ObjectPoolTests::Setup()</Name>
              <FileRef uid="4" />
              <SequencePoints>
                <SequencePoint vc="4" uspid="2607" ordinal="0" offset="0" sl="11" sc="5" el="11" ec="5" bec="0" bev="0" fileid="4" />
                <SequencePoint vc="4" uspid="2608" ordinal="0" offset="1" sl="13" sc="9" el="13" ec="9" bec="0" bev="0" fileid="4" />
                <SequencePoint vc="4" uspid="2609" ordinal="0" offset="17" sl="16" sc="9" el="16" ec="9" bec="0" bev="0" fileid="4" />
                <SequencePoint vc="4" uspid="2610" ordinal="0" offset="28" sl="17" sc="9" el="17" ec="9" bec="0" bev="0" fileid="4" />
                <SequencePoint vc="4" uspid="2611" ordinal="0" offset="40" sl="18" sc="5" el="18" ec="5" bec="0" bev="0" fileid="4" />
              </SequencePoints>
              <BranchPoints />
            </Method>
            <Method visited="true" cyclomaticComplexity="0" nPathComplexity="0" sequenceCoverage="100.0" branchCoverage="0" crapScore="0" isConstructor="false" isStatic="false" isGetter="false" isSetter="false">
              <Summary numSequencePoints="6" visitedSequencePoints="6" numBranchPoints="0" visitedBranchPoints="0" sequenceCoverage="100.0" branchCoverage="0" maxCyclomaticComplexity="0" minCyclomaticComplexity="0" maxCrapScore="0" minCrapScore="0" visitedClasses="0" numClasses="0" visitedMethods="1" numMethods="1" />
              <MetadataToken>100663343</MetadataToken>
              <Name>System.Void ObjectPoolTests::Teardown()</Name>
              <FileRef uid="4" />
              <SequencePoints>
                <SequencePoint vc="4" uspid="2612" ordinal="0" offset="0" sl="22" sc="5" el="22" ec="5" bec="0" bev="0" fileid="4" />
                <SequencePoint vc="4" uspid="2613" ordinal="0" offset="1" sl="23" sc="9" el="23" ec="9" bec="0" bev="0" fileid="4" />
                <SequencePoint vc="4" uspid="2614" ordinal="0" offset="17" sl="24" sc="13" el="24" ec="13" bec="0" bev="0" fileid="4" />
                <SequencePoint vc="4" uspid="2615" ordinal="0" offset="29" sl="26" sc="9" el="26" ec="9" bec="0" bev="0" fileid="4" />
                <SequencePoint vc="4" uspid="2616" ordinal="0" offset="45" sl="27" sc="13" el="27" ec="13" bec="0" bev="0" fileid="4" />
                <SequencePoint vc="4" uspid="2617" ordinal="0" offset="62" sl="28" sc="5" el="28" ec="5" bec="0" bev="0" fileid="4" />
              </SequencePoints>
              <BranchPoints />
            </Method>
            <Method visited="true" cyclomaticComplexity="0" nPathComplexity="0" sequenceCoverage="100.0" branchCoverage="0" crapScore="0" isConstructor="false" isStatic="false" isGetter="false" isSetter="false">
              <Summary numSequencePoints="5" visitedSequencePoints="5" numBranchPoints="0" visitedBranchPoints="0" sequenceCoverage="100.0" branchCoverage="0" maxCyclomaticComplexity="0" minCyclomaticComplexity="0" maxCrapScore="0" minCrapScore="0" visitedClasses="0" numClasses="0" visitedMethods="1" numMethods="1" />
              <MetadataToken>100663344</MetadataToken>
              <Name>System.Void ObjectPoolTests::ObjectPool_Init_CreatesPrewarmedObjects()</Name>
              <FileRef uid="4" />
              <SequencePoints>
                <SequencePoint vc="1" uspid="2618" ordinal="0" offset="0" sl="32" sc="5" el="32" ec="5" bec="0" bev="0" fileid="4" />
                <SequencePoint vc="1" uspid="2619" ordinal="0" offset="1" sl="34" sc="9" el="34" ec="9" bec="0" bev="0" fileid="4" />
                <SequencePoint vc="1" uspid="2620" ordinal="0" offset="3" sl="37" sc="9" el="37" ec="9" bec="0" bev="0" fileid="4" />
                <SequencePoint vc="1" uspid="2621" ordinal="0" offset="23" sl="40" sc="9" el="40" ec="9" bec="0" bev="0" fileid="4" />
                <SequencePoint vc="1" uspid="2622" ordinal="0" offset="35" sl="41" sc="5" el="41" ec="5" bec="0" bev="0" fileid="4" />
              </SequencePoints>
              <BranchPoints />
            </Method>
            <Method visited="true" cyclomaticComplexity="0" nPathComplexity="0" sequenceCoverage="100.0" branchCoverage="0" crapScore="0" isConstructor="false" isStatic="false" isGetter="false" isSetter="false">
              <Summary numSequencePoints="6" visitedSequencePoints="6" numBranchPoints="0" visitedBranchPoints="0" sequenceCoverage="100.0" branchCoverage="0" maxCyclomaticComplexity="0" minCyclomaticComplexity="0" maxCrapScore="0" minCrapScore="0" visitedClasses="0" numClasses="0" visitedMethods="1" numMethods="1" />
              <MetadataToken>100663345</MetadataToken>
              <Name>System.Void ObjectPoolTests::ObjectPool_Get_ReturnsActiveObject()</Name>
              <FileRef uid="4" />
              <SequencePoints>
                <SequencePoint vc="1" uspid="2623" ordinal="0" offset="0" sl="45" sc="5" el="45" ec="5" bec="0" bev="0" fileid="4" />
                <SequencePoint vc="1" uspid="2624" ordinal="0" offset="1" sl="47" sc="9" el="47" ec="9" bec="0" bev="0" fileid="4" />
                <SequencePoint vc="1" uspid="2625" ordinal="0" offset="21" sl="50" sc="9" el="50" ec="9" bec="0" bev="0" fileid="4" />
                <SequencePoint vc="1" uspid="2626" ordinal="0" offset="33" sl="53" sc="9" el="53" ec="9" bec="0" bev="0" fileid="4" />
                <SequencePoint vc="1" uspid="2627" ordinal="0" offset="40" sl="54" sc="9" el="54" ec="9" bec="0" bev="0" fileid="4" />
                <SequencePoint vc="1" uspid="2628" ordinal="0" offset="52" sl="55" sc="5" el="55" ec="5" bec="0" bev="0" fileid="4" />
              </SequencePoints>
              <BranchPoints />
            </Method>
            <Method visited="true" cyclomaticComplexity="0" nPathComplexity="0" sequenceCoverage="100.0" branchCoverage="0" crapScore="0" isConstructor="false" isStatic="false" isGetter="false" isSetter="false">
              <Summary numSequencePoints="6" visitedSequencePoints="6" numBranchPoints="0" visitedBranchPoints="0" sequenceCoverage="100.0" branchCoverage="0" maxCyclomaticComplexity="0" minCyclomaticComplexity="0" maxCrapScore="0" minCrapScore="0" visitedClasses="0" numClasses="0" visitedMethods="1" numMethods="1" />
              <MetadataToken>100663346</MetadataToken>
              <Name>System.Void ObjectPoolTests::ObjectPool_Return_DeactivatesObject()</Name>
              <FileRef uid="4" />
              <SequencePoints>
[...]
              <Summary numSequencePoints="3" visitedSequencePoints="0" numBranchPoints="0" visitedBranchPoints="0" sequenceCoverage="0.0" branchCoverage="0" maxCyclomaticComplexity="0" minCyclomaticComplexity="0" maxCrapScore="0" minCrapScore="0" visitedClasses="0" numClasses="0" visitedMethods="0" numMethods="1" />
              <MetadataToken>100663361</MetadataToken>
              <Name>static System.Void MonoSingleton[T]::set_Instance(T)</Name>
              <FileRef uid="12" />
              <SequencePoints>
                <SequencePoint vc="0" uspid="3161" ordinal="0" offset="0" sl="17" sc="0" el="17" ec="0" bec="0" bev="0" fileid="12" />
                <SequencePoint vc="0" uspid="3162" ordinal="0" offset="1" sl="17" sc="0" el="17" ec="0" bec="0" bev="0" fileid="12" />
                <SequencePoint vc="0" uspid="3163" ordinal="0" offset="7" sl="17" sc="0" el="17" ec="0" bec="0" bev="0" fileid="12" />
              </SequencePoints>
              <BranchPoints />
            </Method>
            <Method visited="false" cyclomaticComplexity="0" nPathComplexity="0" sequenceCoverage="0.0" branchCoverage="0" crapScore="0" isConstructor="false" isStatic="false" isGetter="false" isSetter="false">
              <Summary numSequencePoints="3" visitedSequencePoints="0" numBranchPoints="0" visitedBranchPoints="0" sequenceCoverage="0.0" branchCoverage="0" maxCyclomaticComplexity="0" minCyclomaticComplexity="0" maxCrapScore="0" minCrapScore="0" visitedClasses="0" numClasses="0" visitedMethods="0" numMethods="1" />
              <MetadataToken>100663362</MetadataToken>
              <Name>System.Void MonoSingleton[T]::Awake()</Name>
              <FileRef uid="12" />
              <SequencePoints>
                <SequencePoint vc="0" uspid="3164" ordinal="0" offset="0" sl="21" sc="0" el="21" ec="0" bec="0" bev="0" fileid="12" />
                <SequencePoint vc="0" uspid="3165" ordinal="0" offset="1" sl="22" sc="0" el="22" ec="0" bec="0" bev="0" fileid="12" />
                <SequencePoint vc="0" uspid="3166" ordinal="0" offset="17" sl="23" sc="0" el="23" ec="0" bec="0" bev="0" fileid="12" />
              </SequencePoints>
              <BranchPoints />
            </Method>
          </Methods>
        </Class>
        <Class>
          <Summary numSequencePoints="34" visitedSequencePoints="31" numBranchPoints="0" visitedBranchPoints="0" sequenceCoverage="91.18" branchCoverage="0.0" maxCyclomaticComplexity="0" minCyclomaticComplexity="0" maxCrapScore="0" minCrapScore="0" visitedClasses="1" numClasses="1" visitedMethods="5" numMethods="5" />
          <FullName>ObjectPool</FullName>
          <Methods>
            <Method visited="true" cyclomaticComplexity="0" nPathComplexity="0" sequenceCoverage="100.0" branchCoverage="0" crapScore="0" isConstructor="false" isStatic="false" isGetter="false" isSetter="false">
              <Summary numSequencePoints="12" visitedSequencePoints="12" numBranchPoints="0" visitedBranchPoints="0" sequenceCoverage="100.0" branchCoverage="0" maxCyclomaticComplexity="0" minCyclomaticComplexity="0" maxCrapScore="0" minCrapScore="0" visitedClasses="0" numClasses="0" visitedMethods="1" numMethods="1" />
              <MetadataToken>100663368</MetadataToken>
              <Name>System.Void ObjectPool::Init(UnityEngine.GameObject, System.Int32, UnityEngine.Transform)</Name>
              <FileRef uid="14" />
              <SequencePoints>
                <SequencePoint vc="4" uspid="3185" ordinal="0" offset="0" sl="14" sc="5" el="14" ec="5" bec="0" bev="0" fileid="14" />
                <SequencePoint vc="4" uspid="3186" ordinal="0" offset="1" sl="15" sc="9" el="15" ec="9" bec="0" bev="0" fileid="14" />
                <SequencePoint vc="4" uspid="3187" ordinal="0" offset="8" sl="16" sc="9" el="16" ec="9" bec="0" bev="0" fileid="14" />
                <SequencePoint vc="4" uspid="3188" ordinal="0" offset="21" sl="17" sc="9" el="17" ec="9" bec="0" bev="0" fileid="14" />
                <SequencePoint vc="4" uspid="3189" ordinal="0" offset="28" sl="20" sc="14" el="20" ec="14" bec="0" bev="0" fileid="14" />
                <SequencePoint vc="8" uspid="3190" ordinal="0" offset="32" sl="21" sc="9" el="21" ec="9" bec="0" bev="0" fileid="14" />
                <SequencePoint vc="8" uspid="3191" ordinal="0" offset="33" sl="22" sc="13" el="22" ec="13" bec="0" bev="0" fileid="14" />
                <SequencePoint vc="8" uspid="3192" ordinal="0" offset="40" sl="23" sc="13" el="23" ec="13" bec="0" bev="0" fileid="14" />
                <SequencePoint vc="8" uspid="3193" ordinal="0" offset="48" sl="24" sc="9" el="24" ec="9" bec="0" bev="0" fileid="14" />
                <SequencePoint vc="8" uspid="3194" ordinal="0" offset="49" sl="20" sc="43" el="20" ec="43" bec="0" bev="0" fileid="14" />
                <SequencePoint vc="12" uspid="3195" ordinal="0" offset="53" sl="20" sc="25" el="20" ec="25" bec="0" bev="0" fileid="14" />
                <SequencePoint vc="4" uspid="3196" ordinal="0" offset="66" sl="25" sc="5" el="25" ec="5" bec="0" bev="0" fileid="14" />
              </SequencePoints>
              <BranchPoints />
            </Method>
            <Method visited="true" cyclomaticComplexity="0" nPathComplexity="0" sequenceCoverage="85.71" branchCoverage="0" crapScore="0" isConstructor="false" isStatic="false" isGetter="false" isSetter="false">
              <Summary numSequencePoints="7" visitedSequencePoints="6" numBranchPoints="0" visitedBranchPoints="0" sequenceCoverage="85.71" branchCoverage="0" maxCyclomaticComplexity="0" minCyclomaticComplexity="0" maxCrapScore="0" minCrapScore="0" visitedClasses="0" numClasses="0" visitedMethods="1" numMethods="1" />
              <MetadataToken>100663369</MetadataToken>
              <Name>UnityEngine.GameObject ObjectPool::CreateNew()</Name>
              <FileRef uid="14" />
              <SequencePoints>
                <SequencePoint vc="8" uspid="3197" ordinal="0" offset="0" sl="28" sc="5" el="28" ec="5" bec="0" bev="0" fileid="14" />
                <SequencePoint vc="8" uspid="3198" ordinal="0" offset="1" sl="29" sc="9" el="29" ec="9" bec="0" bev="0" fileid="14" />
                <SequencePoint vc="8" uspid="3199" ordinal="0" offset="13" sl="30" sc="9" el="30" ec="9" bec="0" bev="0" fileid="14" />
                <SequencePoint vc="0" uspid="3200" ordinal="0" offset="29" sl="30" sc="33" el="30" ec="33" bec="0" bev="0" fileid="14" />
                <SequencePoint vc="8" uspid="3201" ordinal="0" offset="47" sl="31" sc="9" el="31" ec="9" bec="0" bev="0" fileid="14" />
                <SequencePoint vc="8" uspid="3202" ordinal="0" offset="55" sl="32" sc="9" el="32" ec="9" bec="0" bev="0" fileid="14" />
                <SequencePoint vc="8" uspid="3203" ordinal="0" offset="59" sl="33" sc="5" el="33" ec="5" bec="0" bev="0" fileid="14" />
              </SequencePoints>
              <BranchPoints />
            </Method>
            <Method visited="true" cyclomaticComplexity="0" nPathComplexity="0" sequenceCoverage="100.0" branchCoverage="0" crapScore="0" isConstructor="false" isStatic="false" isGetter="false" isSetter="false">
              <Summary numSequencePoints="5" visitedSequencePoints="5" numBranchPoints="0" visitedBranchPoints="0" sequenceCoverage="100.0" branchCoverage="0" maxCyclomaticComplexity="0" minCyclomaticComplexity="0" maxCrapScore="0" minCrapScore="0" visitedClasses="0" numClasses="0" visitedMethods="1" numMethods="1" />
              <MetadataToken>100663370</MetadataToken>
              <Name>UnityEngine.GameObject ObjectPool::Get()</Name>
              <FileRef uid="14" />
              <SequencePoints>
                <SequencePoint vc="4" uspid="3204" ordinal="0" offset="0" sl="36" sc="5" el="36" ec="5" bec="0" bev="0" fileid="14" />
                <SequencePoint vc="4" uspid="3205" ordinal="0" offset="1" sl="37" sc="9" el="37" ec="9" bec="0" bev="0" fileid="14" />
                <SequencePoint vc="4" uspid="3206" ordinal="0" offset="35" sl="38" sc="9" el="38" ec="9" bec="0" bev="0" fileid="14" />
                <SequencePoint vc="4" uspid="3207" ordinal="0" offset="43" sl="39" sc="9" el="39" ec="9" bec="0" bev="0" fileid="14" />
                <SequencePoint vc="4" uspid="3208" ordinal="0" offset="47" sl="40" sc="5" el="40" ec="5" bec="0" bev="0" fileid="14" />
              </SequencePoints>
              <BranchPoints />
            </Method>
            <Method visited="true" cyclomaticComplexity="0" nPathComplexity="0" sequenceCoverage="75.00" branchCoverage="0" crapScore="0" isConstructor="false" isStatic="false" isGetter="false" isSetter="false">
              <Summary numSequencePoints="8" visitedSequencePoints="6" numBranchPoints="0" visitedBranchPoints="0" sequenceCoverage="75.00" branchCoverage="0" maxCyclomaticComplexity="0" minCyclomaticComplexity="0" maxCrapScore="0" minCrapScore="0" visitedClasses="0" numClasses="0" visitedMethods="1" numMethods="1" />
              <MetadataToken>100663371</MetadataToken>
              <Name>System.Void ObjectPool::Return(UnityEngine.GameObject)</Name>
              <FileRef uid="14" />
              <SequencePoints>
                <SequencePoint vc="10" uspid="3209" ordinal="0" offset="0" sl="43" sc="5" el="43" ec="5" bec="0" bev="0" fileid="14" />
                <SequencePoint vc="10" uspid="3210" ordinal="0" offset="1" sl="44" sc="9" el="44" ec="9" bec="0" bev="0" fileid="14" />
                <SequencePoint vc="0" uspid="3211" ordinal="0" offset="12" sl="44" sc="26" el="44" ec="26" bec="0" bev="0" fileid="14" />
                <SequencePoint vc="10" uspid="3212" ordinal="0" offset="14" sl="46" sc="9" el="46" ec="9" bec="0" bev="0" fileid="14" />
                <SequencePoint vc="10" uspid="3213" ordinal="0" offset="22" sl="47" sc="9" el="47" ec="9" bec="0" bev="0" fileid="14" />
                <SequencePoint vc="0" uspid="3214" ordinal="0" offset="38" sl="47" sc="33" el="47" ec="33" bec="0" bev="0" fileid="14" />
                <SequencePoint vc="10" uspid="3215" ordinal="0" offset="56" sl="48" sc="9" el="48" ec="9" bec="0" bev="0" fileid="14" />
                <SequencePoint vc="10" uspid="3216" ordinal="0" offset="69" sl="49" sc="5" el="49" ec="5" bec="0" bev="0" fileid="14" />
              </SequencePoints>
              <BranchPoints />
            </Method>
            <Method visited="true" cyclomaticComplexity="0" nPathComplexity="0" sequenceCoverage="100.0" branchCoverage="0" crapScore="0" isConstructor="true" isStatic="false" isGetter="false" isSetter="false">
              <Summary numSequencePoints="2" visitedSequencePoints="2" numBranchPoints="0" visitedBranchPoints="0" sequenceCoverage="100.0" branchCoverage="0" maxCyclomaticComplexity="0" minCyclomaticComplexity="0" maxCrapScore="0" minCrapScore="0" visitedClasses="0" numClasses="0" visitedMethods="1" numMethods="1" />
              <MetadataToken>100663372</MetadataToken>
              <Name>ObjectPool::ObjectPool()</Name>
              <FileRef uid="14" />
              <SequencePoints>
                <SequencePoint vc="4" uspid="3217" ordinal="0" offset="0" sl="8" sc="22" el="8" ec="22" bec="0" bev="0" fileid="14" />
                <SequencePoint vc="4" uspid="3218" ordinal="0" offset="8" sl="11" sc="5" el="11" ec="5" bec="0" bev="0" fileid="14" />
              </SequencePoints>
              <BranchPoints />
            </Method>
          </Methods>
        </Class>
        <Class>
          <Summary numSequencePoints="1" visitedSequencePoints="1" numBranchPoints="0" visitedBranchPoints="0" sequenceCoverage="100.0" branchCoverage="0.0" maxCyclomaticComplexity="0" minCyclomaticComplexity="0" maxCrapScore="0" minCrapScore="0" visitedClasses="1" numClasses="1" visitedMethods="1" numMethods="1" />
          <FullName>LeaderboardManager/EntryList</FullName>
          <Methods>
            <Method visited="true" cyclomaticComplexity="0" nPathComplexity="0" sequenceCoverage="100.0" branchCoverage="0" crapScore="0" isConstructor="true" isStatic="false" isGetter="false" isSetter="false">
              <Summary numSequencePoints="1" visitedSequencePoints="1" numBranchPoints="0" visitedBranchPoints="0" sequenceCoverage="100.0" branchCoverage="0" maxCyclomaticComplexity="0" minCyclomaticComplexity="0" maxCrapScore="0" minCrapScore="0" visitedClasses="0" numClasses="0" visitedMethods="1" numMethods="1" />
              <MetadataToken>100663459</MetadataToken>
              <Name>LeaderboardManager/EntryList::EntryList()</Name>
              <FileRef uid="10" />
              <SequencePoints>
                <SequencePoint vc="41" uspid="4027" ordinal="0" offset="0" sl="25" sc="9" el="25" ec="9" bec="0" bev="0" fileid="10" />
              </SequencePoints>
              <BranchPoints />
            </Method>
          </Methods>
        </Class>
        <Class>
          <Summary numSequencePoints="5" visitedSequencePoints="5" numBranchPoints="0" visitedBranchPoints="0" sequenceCoverage="100.0" branchCoverage="0.0" maxCyclomaticComplexity="0" minCyclomaticComplexity="0" maxCrapScore="0" minCrapScore="0" visitedClasses="1" numClasses="1" visitedMethods="5" numMethods="5" />
          <FullName>LeaderboardManager/&lt;&gt;c</FullName>
          <Methods>
            <Method visited="true" cyclomaticComplexity="0" nPathComplexity="0" sequenceCoverage="100.0" branchCoverage="0" crapScore="0" isConstructor="false" isStatic="false" isGetter="false" isSetter="false">
              <Summary numSequencePoints="1" visitedSequencePoints="1" numBranchPoints="0" visitedBranchPoints="0" sequenceCoverage="100.0" branchCoverage="0" maxCyclomaticComplexity="0" minCyclomaticComplexity="0" maxCrapScore="0" minCrapScore="0" visitedClasses="0" numClasses="0" visitedMethods="1" numMethods="1" />
              <MetadataToken>100663462</MetadataToken>
              <Name>System.Int32 LeaderboardManager/&lt;&gt;c::&lt;SubmitScore&gt;b__11_0(LeaderboardManager/Entry)</Name>
              <FileRef uid="10" />
              <SequencePoints>
                <SequencePoint vc="47" uspid="4028" ordinal="0" offset="0" sl="82" sc="37" el="82" ec="37" bec="0" bev="0" fileid="10" />
              </SequencePoints>
              <BranchPoints />
            </Method>
            <Method visited="true" cyclomaticComplexity="0" nPathComplexity="0" sequenceCoverage="100.0" branchCoverage="0" crapScore="0" isConstructor="false" isStatic="false" isGetter="false" isSetter="false">
              <Summary numSequencePoints="1" visitedSequencePoints="1" numBranchPoints="0" visitedBranchPoints="0" sequenceCoverage="100.0" branchCoverage="0" maxCyclomaticComplexity="0" minCyclomaticComplexity="0" maxCrapScore="0" minCrapScore="0" visitedClasses="0" numClasses="0" visitedMethods="1" numMethods="1" />
              <MetadataToken>100663463</MetadataToken>
              <Name>System.Int32 LeaderboardManager/&lt;&gt;c::&lt;GetBestForCurrentPlayer&gt;b__12_1(LeaderboardManager/Entry)</Name>
              <FileRef uid="10" />
              <SequencePoints>
                <SequencePoint vc="7" uspid="4029" ordinal="0" offset="0" sl="94" sc="53" el="94" ec="53" bec="0" bev="0" fileid="10" />
              </SequencePoints>
              <BranchPoints />
            </Method>
            <Method visited="true" cyclomaticComplexity="0" nPathComplexity="0" sequenceCoverage="100.0" branchCoverage="0" crapScore="0" isConstructor="false" isStatic="false" isGetter="false" isSetter="false">
              <Summary numSequencePoints="1" visitedSequencePoints="1" numBranchPoints="0" visitedBranchPoints="0" sequenceCoverage="100.0" branchCoverage="0" maxCyclomaticComplexity="0" minCyclomaticComplexity="0" maxCrapScore="0" minCrapScore="0" visitedClasses="0" numClasses="0" visitedMethods="1" numMethods="1" />
              <MetadataToken>100663464</MetadataToken>
              <Name>System.Int32 LeaderboardManager/&lt;&gt;c::&lt;GetGlobalBest&gt;b__14_0(LeaderboardManager/Entry)</Name>
              <FileRef uid="10" />
              <SequencePoints>
                <SequencePoint vc="6" uspid="4030" ordinal="0" offset="0" sl="111" sc="38" el="111" ec="38" bec="0" bev="0" fileid="10" />
              </SequencePoints>
              <BranchPoints />
            </Method>
            <Method visited="true" cyclomaticComplexity="0" nPathComplexity="0" sequenceCoverage="100.0" branchCoverage="0" crapScore="0" isConstructor="false" isStatic="false" isGetter="false" isSetter="false">
              <Summary numSequencePoints="1" visitedSequencePoints="1" numBranchPoints="0" visitedBranchPoints="0" sequenceCoverage="100.0" branchCoverage="0" maxCyclomaticComplexity="0" minCyclomaticComplexity="0" maxCrapScore="0" minCrapScore="0" visitedClasses="0" numClasses="0" visitedMethods="1" numMethods="1" />
              <MetadataToken>100663465</MetadataToken>
              <Name>System.Int32 LeaderboardManager/&lt;&gt;c::&lt;GetLeaderboardSorted&gt;b__15_0(LeaderboardManager/Entry)</Name>
              <FileRef uid="10" />
              <SequencePoints>
                <SequencePoint vc="14" uspid="4031" ordinal="0" offset="0" sl="119" sc="37" el="119" ec="37" bec="0" bev="0" fileid="10" />
              </SequencePoints>
              <BranchPoints />
            </Method>
            <Method visited="true" cyclomaticComplexity="0" nPathComplexity="0" sequenceCoverage="100.0" branchCoverage="0" crapScore="0" isConstructor="false" isStatic="false" isGetter="false" isSetter="false">
              <Summary numSequencePoints="1" visitedSequencePoints="1" numBranchPoints="0" visitedBranchPoints="0" sequenceCoverage="100.0" branchCoverage="0" maxCyclomaticComplexity="0" minCyclomaticComplexity="0" maxCrapScore="0" minCrapScore="0" visitedClasses="0" numClasses="0" visitedMethods="1" numMethods="1" />
              <MetadataToken>100663466</MetadataToken>
              <Name>System.ValueTuple[String,Int32] LeaderboardManager/&lt;&gt;c::&lt;GetLeaderboardSorted&gt;b__15_1(LeaderboardManager/Entry)</Name>
              <FileRef uid="10" />
              <SequencePoints>
                <SequencePoint vc="14" uspid="4032" ordinal="0" offset="0" sl="120" sc="26" el="120" ec="26" bec="0" bev="0" fileid="10" />
              </SequencePoints>
              <BranchPoints />
            </Method>
          </Methods>
        </Class>
        <Class>
          <Summary numSequencePoints="1" visitedSequencePoints="1" numBranchPoints="0" visitedBranchPoints="0" sequenceCoverage="100.0" branchCoverage="0.0" maxCyclomaticComplexity="0" minCyclomaticComplexity="0" maxCrapScore="0" minCrapScore="0" visitedClasses="1" numClasses="1" visitedMethods="1" numMethods="1" />
          <FullName>LeaderboardManager/&lt;&gt;c__DisplayClass12_0</FullName>
          <Methods>
            <Method visited="true" cyclomaticComplexity="0" nPathComplexity="0" sequenceCoverage="100.0" branchCoverage="0" crapScore="0" isConstructor="false" isStatic="false" isGetter="false" isSetter="false">
              <Summary numSequencePoints="1" visitedSequencePoints="1" numBranchPoints="0" visitedBranchPoints="0" sequenceCoverage="100.0" branchCoverage="0" maxCyclomaticComplexity="0" minCyclomaticComplexity="0" maxCrapScore="0" minCrapScore="0" visitedClasses="0" numClasses="0" visitedMethods="1" numMethods="1" />
              <MetadataToken>100663468</MetadataToken>
              <Name>System.Boolean LeaderboardManager/&lt;&gt;c__DisplayClass12_0::&lt;GetBestForCurrentPlayer&gt;b__0(LeaderboardManager/Entry)</Name>
              <FileRef uid="10" />
              <SequencePoints>
                <SequencePoint vc="9" uspid="4033" ordinal="0" offset="0" sl="93" sc="47" el="93" ec="47" bec="0" bev="0" fileid="10" />
              </SequencePoints>
              <BranchPoints />
            </Method>
          </Methods>
        </Class>
      </Classes>
    </Module>
  </Modules>
</CoverageSession>