<?xml version="1.0" encoding="utf-8"?>
<CoverageSession xmlns:xsd="http://www.w3.org/2001/XMLSchema" xmlns:xsi="http://www.w3.org/2001/XMLSchema-instance" Version="0.0.0.0">
  <Summary numSequencePoints="1128" visitedSequencePoints="892" numBranchPoints="0" visitedBranchPoints="0" sequenceCoverage="79.08" branchCoverage="0.0" maxCyclomaticComplexity="0" minCyclomaticComplexity="0" maxCrapScore="0" minCrapScore="0" visitedClasses="26" numClasses="26" visitedMethods="130" numMethods="130" />
  <Modules>
    <Module>
      <Summary numSequencePoints="760" visitedSequencePoints="543" numBranchPoints="0" visitedBranchPoints="0" sequenceCoverage="71.45" branchCoverage="0.0" maxCyclomaticComplexity="0" minCyclomaticComplexity="0" maxCrapScore="0" minCrapScore="0" visitedClasses="17" numClasses="17" visitedMethods="87" numMethods="87" />
      <ModuleTime>0001-01-01T00:00:00</ModuleTime>
      <ModuleName>GameAssembly</ModuleName>
      <Files>
        <File uid="5" fullPath="C:/Users/tobi_/OneDrive/Documents/Masters/SE Management/Group1-GameDev/EscapeSchool/Assets/Scripts/Ajust.cs" />
        <File uid="6" fullPath="C:/Users/tobi_/OneDrive/Documents/Masters/SE Management/Group1-GameDev/EscapeSchool/Assets/Scripts/Enemy.cs" />
        <File uid="7" fullPath="C:/Users/tobi_/OneDrive/Documents/Masters/SE Management/Group1-GameDev/EscapeSchool/Assets/Scripts/FollowTarget.cs" />
        <File uid="8" fullPath="C:/Users/tobi_/OneDrive/Documents/Masters/SE Management/Group1-GameDev/EscapeSchool/Assets/Scripts/GameManager.cs" />
        <File uid="9" fullPath="C:/Users/tobi_/OneDrive/Documents/Masters/SE Management/Group1-GameDev/EscapeSchool/Assets/Scripts/KeyBindings.cs" />
        <File uid="10" fullPath="C:/Users/tobi_/OneDrive/Documents/Masters/SE Management/Group1-GameDev/EscapeSchool/Assets/Scripts/LeaderboardManager.cs" />
        <File uid="11" fullPath="C:/Users/tobi_/OneDrive/Documents/Masters/SE Management/Group1-GameDev/EscapeSchool/Assets/Scripts/LeaderboardRow.cs" />
        <File uid="12" fullPath="C:/Users/tobi_/OneDrive/Documents/Masters/SE Management/Group1-GameDev/EscapeSchool/Assets/Scripts/MonoSingleton.cs" />
        <File uid="13" fullPath="C:/Users/tobi_/OneDrive/Documents/Masters/SE Management/Group1-GameDev/EscapeSchool/Assets/Scripts/Music manager.cs" />
        <File uid="14" fullPath="C:/Users/tobi_/OneDrive/Documents/Masters/SE Management/Group1-GameDev/EscapeSchool/Assets/Scripts/ObjectPool.cs" />
        <File uid="15" fullPath="C:/Users/tobi_/OneDrive/Documents/Masters/SE Management/Group1-GameDev/EscapeSchool/Assets/Scripts/OptionsMenuController.cs" />
        <File uid="16" fullPath="C:/Users/tobi_/OneDrive/Documents/Masters/SE Management/Group1-GameDev/EscapeSchool/Assets/Scripts/PlatformSpawner.cs" />
        <File uid="17" fullPath="C:/Users/tobi_/OneDrive/Documents/Masters/SE Management/Group1-GameDev/EscapeSchool/Assets/Scripts/PlatformWeights.cs" />
        <File uid="18" fullPath="C:/Users/tobi_/OneDrive/Documents/Masters/SE Management/Group1-GameDev/EscapeSchool/Assets/Scripts/Player.cs" />
        <File uid="19" fullPath="C:/Users/tobi_/OneDrive/Documents/Masters/SE Management/Group1-GameDev/EscapeSchool/Assets/Scripts/Rocket.cs" />
        <File uid="20" fullPath="C:/Users/tobi_/OneDrive/Documents/Masters/SE Management/Group1-GameDev/EscapeSchool/Assets/Scripts/ScoresMenuController.cs" />
        <File uid="21" fullPath="C:/Users/tobi_/OneDrive/Documents/Masters/SE Management/Group1-GameDev/EscapeSchool/Assets/Scripts/Soundmanager.cs" />
        <File uid="22" fullPath="C:/Users/tobi_/OneDrive/Documents/Masters/SE Management/Group1-GameDev/EscapeSchool/Assets/Scripts/StoreManager.cs" />
        <File uid="23" fullPath="C:/Users/tobi_/OneDrive/Documents/Masters/SE Management/Group1-GameDev/EscapeSchool/Assets/Scripts/StoreMenuController.cs" />
        <File uid="24" fullPath="C:/Users/tobi_/OneDrive/Documents/Masters/SE Management/Group1-GameDev/EscapeSchool/Assets/Scripts/Tile.cs" />
      </Files>
      <Classes>
        <Class>
          <Summary numSequencePoints="29" visitedSequencePoints="24" numBranchPoints="0" visitedBranchPoints="0" sequenceCoverage="82.76" branchCoverage="0.0" maxCyclomaticComplexity="0" minCyclomaticComplexity="0" maxCrapScore="0" minCrapScore="0" visitedClasses="1" numClasses="1" visitedMethods="6" numMethods="6" />
          <FullName>FollowTarget</FullName>
          <Methods>
            <Method visited="true" cyclomaticComplexity="0" nPathComplexity="0" sequenceCoverage="100.0" branchCoverage="0" crapScore="0" isConstructor="false" isStatic="false" isGetter="false" isSetter="false">
              <Summary numSequencePoints="4" visitedSequencePoints="4" numBranchPoints="0" visitedBranchPoints="0" sequenceCoverage="100.0" branchCoverage="0" maxCyclomaticComplexity="0" minCyclomaticComplexity="0" maxCrapScore="0" minCrapScore="0" visitedClasses="0" numClasses="0" visitedMethods="1" numMethods="1" />
              <MetadataToken>100663311</MetadataToken>
              <Name>System.Void FollowTarget::Awake()</Name>
              <FileRef uid="7" />
              <SequencePoints>
                <SequencePoint vc="1" uspid="2730" ordinal="0" offset="0" sl="13" sc="5" el="13" ec="5" bec="0" bev="0" fileid="7" />
                <SequencePoint vc="1" uspid="2731" ordinal="0" offset="1" sl="14" sc="9" el="14" ec="9" bec="0" bev="0" fileid="7" />
                <SequencePoint vc="1" uspid="2732" ordinal="0" offset="13" sl="15" sc="9" el="15" ec="9" bec="0" bev="0" fileid="7" />
                <SequencePoint vc="1" uspid="2733" ordinal="0" offset="41" sl="16" sc="5" el="16" ec="5" bec="0" bev="0" fileid="7" />
              </SequencePoints>
              <BranchPoints />
            </Method>
            <Method visited="true" cyclomaticComplexity="0" nPathComplexity="0" sequenceCoverage="100.0" branchCoverage="0" crapScore="0" isConstructor="false" isStatic="false" isGetter="false" isSetter="false">
              <Summary numSequencePoints="3" visitedSequencePoints="3" numBranchPoints="0" visitedBranchPoints="0" sequenceCoverage="100.0" branchCoverage="0" maxCyclomaticComplexity="0" minCyclomaticComplexity="0" maxCrapScore="0" minCrapScore="0" visitedClasses="0" numClasses="0" visitedMethods="1" numMethods="1" />
              <MetadataToken>100663312</MetadataToken>
              <Name>System.Void FollowTarget::Start()</Name>
              <FileRef uid="7" />
              <SequencePoints>
                <SequencePoint vc="1" uspid="2734" ordinal="0" offset="0" sl="19" sc="5" el="19" ec="5" bec="0" bev="0" fileid="7" />
                <SequencePoint vc="1" uspid="2735" ordinal="0" offset="1" sl="20" sc="9" el="20" ec="9" bec="0" bev="0" fileid="7" />
                <SequencePoint vc="1" uspid="2736" ordinal="0" offset="29" sl="21" sc="5" el="21" ec="5" bec="0" bev="0" fileid="7" />
              </SequencePoints>
              <BranchPoints />
            </Method>
            <Method visited="true" cyclomaticComplexity="0" nPathComplexity="0" sequenceCoverage="44.44" branchCoverage="0" crapScore="0" isConstructor="false" isStatic="false" isGetter="false" isSetter="false">
              <Summary numSequencePoints="9" visitedSequencePoints="4" numBranchPoints="0" visitedBranchPoints="0" sequenceCoverage="44.44" branchCoverage="0" maxCyclomaticComplexity="0" minCyclomaticComplexity="0" maxCrapScore="0" minCrapScore="0" visitedClasses="0" numClasses="0" visitedMethods="1" numMethods="1" />
              <MetadataToken>100663313</MetadataToken>
              <Name>System.Void FollowTarget::LateUpdate()</Name>
              <FileRef uid="7" />
              <SequencePoints>
                <SequencePoint vc="8" uspid="2737" ordinal="0" offset="0" sl="24" sc="5" el="24" ec="5" bec="0" bev="0" fileid="7" />
                <SequencePoint vc="8" uspid="2738" ordinal="0" offset="1" sl="25" sc="9" el="25" ec="9" bec="0" bev="0" fileid="7" />
                <SequencePoint vc="8" uspid="2739" ordinal="0" offset="17" sl="25" sc="29" el="25" ec="29" bec="0" bev="0" fileid="7" />
                <SequencePoint vc="0" uspid="2740" ordinal="0" offset="19" sl="27" sc="9" el="27" ec="9" bec="0" bev="0" fileid="7" />
                <SequencePoint vc="0" uspid="2741" ordinal="0" offset="43" sl="29" sc="9" el="29" ec="9" bec="0" bev="0" fileid="7" />
                <SequencePoint vc="0" uspid="2742" ordinal="0" offset="56" sl="30" sc="13" el="30" ec="13" bec="0" bev="0" fileid="7" />
                <SequencePoint vc="0" uspid="2743" ordinal="0" offset="63" sl="33" sc="9" el="33" ec="9" bec="0" bev="0" fileid="7" />
                <SequencePoint vc="0" uspid="2744" ordinal="0" offset="81" sl="35" sc="9" el="35" ec="9" bec="0" bev="0" fileid="7" />
                <SequencePoint vc="8" uspid="2745" ordinal="0" offset="136" sl="36" sc="5" el="36" ec="5" bec="0" bev="0" fileid="7" />
              </SequencePoints>
              <BranchPoints />
            </Method>
            <Method visited="true" cyclomaticComplexity="0" nPathComplexity="0" sequenceCoverage="100.0" branchCoverage="0" crapScore="0" isConstructor="false" isStatic="false" isGetter="false" isSetter="false">
              <Summary numSequencePoints="5" visitedSequencePoints="5" numBranchPoints="0" visitedBranchPoints="0" sequenceCoverage="100.0" branchCoverage="0" maxCyclomaticComplexity="0" minCyclomaticComplexity="0" maxCrapScore="0" minCrapScore="0" visitedClasses="0" numClasses="0" visitedMethods="1" numMethods="1" />
              <MetadataToken>100663314</MetadataToken>
              <Name>System.Single FollowTarget::GetClampedY(System.Single)</Name>
              <FileRef uid="7" />
              <SequencePoints>
                <SequencePoint vc="3" uspid="2746" ordinal="0" offset="0" sl="40" sc="5" el="40" ec="5" bec="0" bev="0" fileid="7" />
                <SequencePoint vc="3" uspid="2747" ordinal="0" offset="1" sl="41" sc="9" el="41" ec="9" bec="0" bev="0" fileid="7" />
                <SequencePoint vc="3" uspid="2748" ordinal="0" offset="34" sl="42" sc="9" el="42" ec="9" bec="0" bev="0" fileid="7" />
                <SequencePoint vc="3" uspid="2749" ordinal="0" offset="43" sl="43" sc="9" el="43" ec="9" bec="0" bev="0" fileid="7" />
                <SequencePoint vc="3" uspid="2750" ordinal="0" offset="53" sl="44" sc="5" el="44" ec="5" bec="0" bev="0" fileid="7" />
              </SequencePoints>
              <BranchPoints />
            </Method>
            <Method visited="true" cyclomaticComplexity="0" nPathComplexity="0" sequenceCoverage="100.0" branchCoverage="0" crapScore="0" isConstructor="false" isStatic="false" isGetter="false" isSetter="false">
              <Summary numSequencePoints="6" visitedSequencePoints="6" numBranchPoints="0" visitedBranchPoints="0" sequenceCoverage="100.0" branchCoverage="0" maxCyclomaticComplexity="0" minCyclomaticComplexity="0" maxCrapScore="0" minCrapScore="0" visitedClasses="0" numClasses="0" visitedMethods="1" numMethods="1" />
              <MetadataToken>100663315</MetadataToken>
              <Name>System.Void FollowTarget::ResetCamera(System.Single)</Name>
              <FileRef uid="7" />
              <SequencePoints>
                <SequencePoint vc="1" uspid="2751" ordinal="0" offset="0" sl="47" sc="5" el="47" ec="5" bec="0" bev="0" fileid="7" />
                <SequencePoint vc="1" uspid="2752" ordinal="0" offset="1" sl="48" sc="9" el="48" ec="9" bec="0" bev="0" fileid="7" />
                <SequencePoint vc="1" uspid="2753" ordinal="0" offset="17" sl="48" sc="26" el="48" ec="26" bec="0" bev="0" fileid="7" />
                <SequencePoint vc="1" uspid="2754" ordinal="0" offset="29" sl="49" sc="9" el="49" ec="9" bec="0" bev="0" fileid="7" />
                <SequencePoint vc="1" uspid="2755" ordinal="0" offset="49" sl="50" sc="9" el="50" ec="9" bec="0" bev="0" fileid="7" />
                <SequencePoint vc="1" uspid="2756" ordinal="0" offset="104" sl="51" sc="5" el="51" ec="5" bec="0" bev="0" fileid="7" />
              </SequencePoints>
              <BranchPoints />
            </Method>
            <Method visited="true" cyclomaticComplexity="0" nPathComplexity="0" sequenceCoverage="100.0" branchCoverage="0" crapScore="0" isConstructor="true" isStatic="false" isGetter="false" isSetter="false">
              <Summary numSequencePoints="2" visitedSequencePoints="2" numBranchPoints="0" visitedBranchPoints="0" sequenceCoverage="100.0" branchCoverage="0" maxCyclomaticComplexity="0" minCyclomaticComplexity="0" maxCrapScore="0" minCrapScore="0" visitedClasses="0" numClasses="0" visitedMethods="1" numMethods="1" />
              <MetadataToken>100663316</MetadataToken>
              <Name>FollowTarget::FollowTarget()</Name>
              <FileRef uid="7" />
              <SequencePoints>
                <SequencePoint vc="1" uspid="2757" ordinal="0" offset="0" sl="6" sc="5" el="6" ec="5" bec="0" bev="0" fileid="7" />
                <SequencePoint vc="1" uspid="2758" ordinal="0" offset="11" sl="7" sc="5" el="7" ec="5" bec="0" bev="0" fileid="7" />
              </SequencePoints>
              <BranchPoints />
            </Method>
          </Methods>
        </Class>
        <Class>
          <Summary numSequencePoints="213" visitedSequencePoints="163" numBranchPoints="0" visitedBranchPoints="0" sequenceCoverage="76.53" branchCoverage="0.0" maxCyclomaticComplexity="0" minCyclomaticComplexity="0" maxCrapScore="0" minCrapScore="0" visitedClasses="1" numClasses="1" visitedMethods="18" numMethods="18" />
          <FullName>GameManager</FullName>
          <Methods>
            <Method visited="true" cyclomaticComplexity="0" nPathComplexity="0" sequenceCoverage="100.0" branchCoverage="0" crapScore="0" isConstructor="false" isStatic="false" isGetter="true" isSetter="false">
              <Summary numSequencePoints="1" visitedSequencePoints="1" numBranchPoints="0" visitedBranchPoints="0" sequenceCoverage="100.0" branchCoverage="0" maxCyclomaticComplexity="0" minCyclomaticComplexity="0" maxCrapScore="0" minCrapScore="0" visitedClasses="0" numClasses="0" visitedMethods="1" numMethods="1" />
              <MetadataToken>100663317</MetadataToken>
              <Name>GameManager/GameState GameManager::get_State()</Name>
              <FileRef uid="8" />
              <SequencePoints>
                <SequencePoint vc="44" uspid="2759" ordinal="0" offset="0" sl="15" sc="30" el="15" ec="30" bec="0" bev="0" fileid="8" />
              </SequencePoints>
              <BranchPoints />
            </Method>
            <Method visited="true" cyclomaticComplexity="0" nPathComplexity="0" sequenceCoverage="100.0" branchCoverage="0" crapScore="0" isConstructor="false" isStatic="false" isGetter="false" isSetter="true">
              <Summary numSequencePoints="1" visitedSequencePoints="1" numBranchPoints="0" visitedBranchPoints="0" sequenceCoverage="100.0" branchCoverage="0" maxCyclomaticComplexity="0" minCyclomaticComplexity="0" maxCrapScore="0" minCrapScore="0" visitedClasses="0" numClasses="0" visitedMethods="1" numMethods="1" />
              <MetadataToken>100663318</MetadataToken>
              <Name>System.Void GameManager::set_State(GameManager/GameState)</Name>
              <FileRef uid="8" />
              <SequencePoints>
                <SequencePoint vc="32" uspid="2760" ordinal="0" offset="0" sl="15" sc="35" el="15" ec="35" bec="0" bev="0" fileid="8" />
              </SequencePoints>
              <BranchPoints />
            </Method>
            <Method visited="true" cyclomaticComplexity="0" nPathComplexity="0" sequenceCoverage="66.67" branchCoverage="0" crapScore="0" isConstructor="false" isStatic="false" isGetter="false" isSetter="false">
              <Summary numSequencePoints="9" visitedSequencePoints="6" numBranchPoints="0" visitedBranchPoints="0" sequenceCoverage="66.67" branchCoverage="0" maxCyclomaticComplexity="0" minCyclomaticComplexity="0" maxCrapScore="0" minCrapScore="0" visitedClasses="0" numClasses="0" visitedMethods="1" numMethods="1" />
              <MetadataToken>100663319</MetadataToken>
              <Name>System.Void GameManager::Awake()</Name>
              <FileRef uid="8" />
              <SequencePoints>
                <SequencePoint vc="21" uspid="2761" ordinal="0" offset="0" sl="66" sc="5" el="66" ec="5" bec="0" bev="0" fileid="8" />
                <SequencePoint vc="21" uspid="2762" ordinal="0" offset="1" sl="67" sc="9" el="67" ec="9" bec="0" bev="0" fileid="8" />
                <SequencePoint vc="21" uspid="2763" ordinal="0" offset="16" sl="67" sc="31" el="67" ec="31" bec="0" bev="0" fileid="8" />
                <SequencePoint vc="0" uspid="2764" ordinal="0" offset="24" sl="68" sc="14" el="68" ec="14" bec="0" bev="0" fileid="8" />
                <SequencePoint vc="0" uspid="2765" ordinal="0" offset="25" sl="68" sc="16" el="68" ec="16" bec="0" bev="0" fileid="8" />
                <SequencePoint vc="0" uspid="2766" ordinal="0" offset="37" sl="68" sc="37" el="68" ec="37" bec="0" bev="0" fileid="8" />
                <SequencePoint vc="21" uspid="2767" ordinal="0" offset="39" sl="70" sc="9" el="70" ec="9" bec="0" bev="0" fileid="8" />
                <SequencePoint vc="21" uspid="2768" ordinal="0" offset="60" sl="71" sc="9" el="71" ec="9" bec="0" bev="0" fileid="8" />
                <SequencePoint vc="21" uspid="2769" ordinal="0" offset="71" sl="72" sc="5" el="72" ec="5" bec="0" bev="0" fileid="8" />
              </SequencePoints>
              <BranchPoints />
            </Method>
            <Method visited="true" cyclomaticComplexity="0" nPathComplexity="0" sequenceCoverage="100.0" branchCoverage="0" crapScore="0" isConstructor="false" isStatic="false" isGetter="false" isSetter="false">
              <Summary numSequencePoints="3" visitedSequencePoints="3" numBranchPoints="0" visitedBranchPoints="0" sequenceCoverage="100.0" branchCoverage="0" maxCyclomaticComplexity="0" minCyclomaticComplexity="0" maxCrapScore="0" minCrapScore="0" visitedClasses="0" numClasses="0" visitedMethods="1" numMethods="1" />
              <MetadataToken>100663320</MetadataToken>
              <Name>System.Void GameManager::Start()</Name>
              <FileRef uid="8" />
              <SequencePoints>
                <SequencePoint vc="2" uspid="2770" ordinal="0" offset="0" sl="75" sc="5" el="75" ec="5" bec="0" bev="0" fileid="8" />
                <SequencePoint vc="2" uspid="2771" ordinal="0" offset="1" sl="76" sc="9" el="76" ec="9" bec="0" bev="0" fileid="8" />
                <SequencePoint vc="2" uspid="2772" ordinal="0" offset="8" sl="77" sc="5" el="77" ec="5" bec="0" bev="0" fileid="8" />
              </SequencePoints>
              <BranchPoints />
            </Method>
            <Method visited="true" cyclomaticComplexity="0" nPathComplexity="0" sequenceCoverage="50.00" branchCoverage="0" crapScore="0" isConstructor="false" isStatic="false" isGetter="false" isSetter="false">
              <Summary numSequencePoints="10" visitedSequencePoints="5" numBranchPoints="0" visitedBranchPoints="0" sequenceCoverage="50.00" branchCoverage="0" maxCyclomaticComplexity="0" minCyclomaticComplexity="0" maxCrapScore="0" minCrapScore="0" visitedClasses="0" numClasses="0" visitedMethods="1" numMethods="1" />
              <MetadataToken>100663321</MetadataToken>
              <Name>System.Void GameManager::Update()</Name>
              <FileRef uid="8" />
              <SequencePoints>
                <SequencePoint vc="3" uspid="2773" ordinal="0" offset="0" sl="80" sc="5" el="80" ec="5" bec="0" bev="0" fileid="8" />
                <SequencePoint vc="3" uspid="2774" ordinal="0" offset="1" sl="81" sc="9" el="81" ec="9" bec="0" bev="0" fileid="8" />
                <SequencePoint vc="3" uspid="2775" ordinal="0" offset="8" sl="83" sc="9" el="83" ec="9" bec="0" bev="0" fileid="8" />
                <SequencePoint vc="3" uspid="2776" ordinal="0" offset="24" sl="83" sc="41" el="83" ec="41" bec="0" bev="0" fileid="8" />
                <SequencePoint vc="0" uspid="2777" ordinal="0" offset="26" sl="86" sc="9" el="86" ec="9" bec="0" bev="0" fileid="8" />
                <SequencePoint vc="0" uspid="2778" ordinal="0" offset="60" sl="87" sc="9" el="87" ec="9" bec="0" bev="0" fileid="8" />
                <SequencePoint vc="0" uspid="2779" ordinal="0" offset="73" sl="87" sc="29" el="87" ec="29" bec="0" bev="0" fileid="8" />
                <SequencePoint vc="0" uspid="2780" ordinal="0" offset="80" sl="89" sc="9" el="89" ec="9" bec="0" bev="0" fileid="8" />
                <SequencePoint vc="0" uspid="2781" ordinal="0" offset="96" sl="90" sc="13" el="90" ec="13" bec="0" bev="0" fileid="8" />
                <SequencePoint vc="3" uspid="2782" ordinal="0" offset="144" sl="91" sc="5" el="91" ec="5" bec="0" bev="0" fileid="8" />
              </SequencePoints>
              <BranchPoints />
            </Method>
            <Method visited="true" cyclomaticComplexity="0" nPathComplexity="0" sequenceCoverage="76.00" branchCoverage="0" crapScore="0" isConstructor="false" isStatic="false" isGetter="false" isSetter="false">
              <Summary numSequencePoints="25" visitedSequencePoints="19" numBranchPoints="0" visitedBranchPoints="0" sequenceCoverage="76.00" branchCoverage="0" maxCyclomaticComplexity="0" minCyclomaticComplexity="0" maxCrapScore="0" minCrapScore="0" visitedClasses="0" numClasses="0" visitedMethods="1" numMethods="1" />
              <MetadataToken>100663322</MetadataToken>
              <Name>System.Void GameManager::StartGame()</Name>
              <FileRef uid="8" />
              <SequencePoints>
                <SequencePoint vc="5" uspid="2783" ordinal="0" offset="0" sl="97" sc="5" el="97" ec="5" bec="0" bev="0" fileid="8" />
                <SequencePoint vc="5" uspid="2784" ordinal="0" offset="1" sl="99" sc="9" el="99" ec="9" bec="0" bev="0" fileid="8" />
                <SequencePoint vc="0" uspid="2785" ordinal="0" offset="16" sl="99" sc="44" el="99" ec="44" bec="0" bev="0" fileid="8" />
                <SequencePoint vc="5" uspid="2786" ordinal="0" offset="28" sl="101" sc="9" el="101" ec="9" bec="0" bev="0" fileid="8" />
                <SequencePoint vc="0" uspid="2787" ordinal="0" offset="43" sl="102" sc="9" el="102" ec="9" bec="0" bev="0" fileid="8" />
                <SequencePoint vc="0" uspid="2788" ordinal="0" offset="44" sl="103" sc="13" el="103" ec="13" bec="0" bev="0" fileid="8" />
                <SequencePoint vc="0" uspid="2789" ordinal="0" offset="55" sl="104" sc="13" el="104" ec="13" bec="0" bev="0" fileid="8" />
                <SequencePoint vc="0" uspid="2790" ordinal="0" offset="76" sl="105" sc="9" el="105" ec="9" bec="0" bev="0" fileid="8" />
                <SequencePoint vc="5" uspid="2791" ordinal="0" offset="77" sl="107" sc="9" el="107" ec="9" bec="0" bev="0" fileid="8" />
                <SequencePoint vc="5" uspid="2792" ordinal="0" offset="88" sl="108" sc="9" el="108" ec="9" bec="0" bev="0" fileid="8" />
                <SequencePoint vc="5" uspid="2793" ordinal="0" offset="96" sl="109" sc="9" el="109" ec="9" bec="0" bev="0" fileid="8" />
                <SequencePoint vc="5" uspid="2794" ordinal="0" offset="107" sl="112" sc="9" el="112" ec="9" bec="0" bev="0" fileid="8" />
                <SequencePoint vc="3" uspid="2795" ordinal="0" offset="123" sl="112" sc="29" el="112" ec="29" bec="0" bev="0" fileid="8" />
                <SequencePoint vc="5" uspid="2796" ordinal="0" offset="141" sl="113" sc="9" el="113" ec="9" bec="0" bev="0" fileid="8" />
                <SequencePoint vc="5" uspid="2797" ordinal="0" offset="148" sl="116" sc="9" el="116" ec="9" bec="0" bev="0" fileid="8" />
                <SequencePoint vc="1" uspid="2798" ordinal="0" offset="164" sl="117" sc="13" el="117" ec="13" bec="0" bev="0" fileid="8" />
                <SequencePoint vc="4" uspid="2799" ordinal="0" offset="187" sl="120" sc="9" el="120" ec="9" bec="0" bev="0" fileid="8" />
                <SequencePoint vc="0" uspid="2800" ordinal="0" offset="205" sl="121" sc="13" el="121" ec="13" bec="0" bev="0" fileid="8" />
                <SequencePoint vc="4" uspid="2801" ordinal="0" offset="228" sl="125" sc="9" el="125" ec="9" bec="0" bev="0" fileid="8" />
                <SequencePoint vc="2" uspid="2802" ordinal="0" offset="246" sl="126" sc="13" el="126" ec="13" bec="0" bev="0" fileid="8" />
                <SequencePoint vc="4" uspid="2803" ordinal="0" offset="275" sl="129" sc="9" el="129" ec="9" bec="0" bev="0" fileid="8" />
                <SequencePoint vc="2" uspid="2804" ordinal="0" offset="293" sl="130" sc="13" el="130" ec="13" bec="0" bev="0" fileid="8" />
                <SequencePoint vc="4" uspid="2805" ordinal="0" offset="311" sl="132" sc="9" el="132" ec="9" bec="0" bev="0" fileid="8" />
                <SequencePoint vc="4" uspid="2806" ordinal="0" offset="318" sl="133" sc="9" el="133" ec="9" bec="0" bev="0" fileid="8" />
                <SequencePoint vc="4" uspid="2807" ordinal="0" offset="332" sl="134" sc="5" el="134" ec="5" bec="0" bev="0" fileid="8" />
              </SequencePoints>
              <BranchPoints />
            </Method>
            <Method visited="true" cyclomaticComplexity="0" nPathComplexity="0" sequenceCoverage="80.00" branchCoverage="0" crapScore="0" isConstructor="false" isStatic="false" isGetter="false" isSetter="false">
              <Summary numSequencePoints="50" visitedSequencePoints="40" numBranchPoints="0" visitedBranchPoints="0" sequenceCoverage="80.00" branchCoverage="0" maxCyclomaticComplexity="0" minCyclomaticComplexity="0" maxCrapScore="0" minCrapScore="0" visitedClasses="0" numClasses="0" visitedMethods="1" numMethods="1" />
              <MetadataToken>100663323</MetadataToken>
              <Name>System.Void GameManager::GameOver()</Name>
              <FileRef uid="8" />
              <SequencePoints>
                <SequencePoint vc="6" uspid="2808" ordinal="0" offset="0" sl="138" sc="5" el="138" ec="5" bec="0" bev="0" fileid="8" />
                <SequencePoint vc="6" uspid="2809" ordinal="0" offset="1" sl="139" sc="9" el="139" ec="9" bec="0" bev="0" fileid="8" />
                <SequencePoint vc="0" uspid="2810" ordinal="0" offset="16" sl="139" sc="42" el="139" ec="42" bec="0" bev="0" fileid="8" />
                <SequencePoint vc="6" uspid="2811" ordinal="0" offset="21" sl="140" sc="9" el="140" ec="9" bec="0" bev="0" fileid="8" />
                <SequencePoint vc="6" uspid="2812" ordinal="0" offset="29" sl="141" sc="9" el="141" ec="9" bec="0" bev="0" fileid="8" />
                <SequencePoint vc="6" uspid="2813" ordinal="0" offset="40" sl="143" sc="9" el="143" ec="9" bec="0" bev="0" fileid="8" />
                <SequencePoint vc="0" uspid="2814" ordinal="0" offset="57" sl="144" sc="9" el="144" ec="9" bec="0" bev="0" fileid="8" />
                <SequencePoint vc="0" uspid="2815" ordinal="0" offset="58" sl="145" sc="13" el="145" ec="13" bec="0" bev="0" fileid="8" />
                <SequencePoint vc="0" uspid="2816" ordinal="0" offset="69" sl="146" sc="9" el="146" ec="9" bec="0" bev="0" fileid="8" />
                <SequencePoint vc="6" uspid="2817" ordinal="0" offset="70" sl="149" sc="9" el="149" ec="9" bec="0" bev="0" fileid="8" />
                <SequencePoint vc="6" uspid="2818" ordinal="0" offset="131" sl="150" sc="9" el="150" ec="9" bec="0" bev="0" fileid="8" />
                <SequencePoint vc="5" uspid="2819" ordinal="0" offset="146" sl="150" sc="29" el="150" ec="29" bec="0" bev="0" fileid="8" />
                <SequencePoint vc="6" uspid="2820" ordinal="0" offset="153" sl="153" sc="9" el="153" ec="9" bec="0" bev="0" fileid="8" />
                <SequencePoint vc="6" uspid="2821" ordinal="0" offset="171" sl="156" sc="9" el="156" ec="9" bec="0" bev="0" fileid="8" />
                <SequencePoint vc="6" uspid="2822" ordinal="0" offset="183" sl="157" sc="9" el="157" ec="9" bec="0" bev="0" fileid="8" />
                <SequencePoint vc="6" uspid="2823" ordinal="0" offset="189" sl="160" sc="9" el="160" ec="9" bec="0" bev="0" fileid="8" />
                <SequencePoint vc="6" uspid="2824" ordinal="0" offset="196" sl="163" sc="9" el="163" ec="9" bec="0" bev="0" fileid="8" />
                <SequencePoint vc="6" uspid="2825" ordinal="0" offset="206" sl="164" sc="9" el="164" ec="9" bec="0" bev="0" fileid="8" />
                <SequencePoint vc="3" uspid="2826" ordinal="0" offset="216" sl="165" sc="9" el="165" ec="9" bec="0" bev="0" fileid="8" />
                <SequencePoint vc="3" uspid="2827" ordinal="0" offset="217" sl="166" sc="13" el="166" ec="13" bec="0" bev="0" fileid="8" />
                <SequencePoint vc="3" uspid="2828" ordinal="0" offset="229" sl="167" sc="13" el="167" ec="13" bec="0" bev="0" fileid="8" />
                <SequencePoint vc="3" uspid="2829" ordinal="0" offset="235" sl="168" sc="9" el="168" ec="9" bec="0" bev="0" fileid="8" />
                <SequencePoint vc="6" uspid="2830" ordinal="0" offset="236" sl="171" sc="9" el="171" ec="9" bec="0" bev="0" fileid="8" />
                <SequencePoint vc="6" uspid="2831" ordinal="0" offset="243" sl="172" sc="9" el="172" ec="9" bec="0" bev="0" fileid="8" />
                <SequencePoint vc="6" uspid="2832" ordinal="0" offset="250" sl="173" sc="9" el="173" ec="9" bec="0" bev="0" fileid="8" />
                <SequencePoint vc="6" uspid="2833" ordinal="0" offset="254" sl="176" sc="9" el="176" ec="9" bec="0" bev="0" fileid="8" />
                <SequencePoint vc="6" uspid="2834" ordinal="0" offset="260" sl="177" sc="9" el="177" ec="9" bec="0" bev="0" fileid="8" />
                <SequencePoint vc="6" uspid="2835" ordinal="0" offset="278" sl="179" sc="9" el="179" ec="9" bec="0" bev="0" fileid="8" />
                <SequencePoint vc="6" uspid="2836" ordinal="0" offset="285" sl="180" sc="9" el="180" ec="9" bec="0" bev="0" fileid="8" />
                <SequencePoint vc="6" uspid="2837" ordinal="0" offset="293" sl="181" sc="13" el="181" ec="13" bec="0" bev="0" fileid="8" />
                <SequencePoint vc="0" uspid="2838" ordinal="0" offset="302" sl="182" sc="14" el="182" ec="14" bec="0" bev="0" fileid="8" />
                <SequencePoint vc="0" uspid="2839" ordinal="0" offset="316" sl="183" sc="13" el="183" ec="13" bec="0" bev="0" fileid="8" />
                <SequencePoint vc="0" uspid="2840" ordinal="0" offset="337" sl="184" sc="14" el="184" ec="14" bec="0" bev="0" fileid="8" />
                <SequencePoint vc="0" uspid="2841" ordinal="0" offset="348" sl="185" sc="13" el="185" ec="13" bec="0" bev="0" fileid="8" />
                <SequencePoint vc="0" uspid="2842" ordinal="0" offset="374" sl="186" sc="14" el="186" ec="14" bec="0" bev="0" fileid="8" />
                <SequencePoint vc="0" uspid="2843" ordinal="0" offset="382" sl="187" sc="13" el="187" ec="13" bec="0" bev="0" fileid="8" />
                <SequencePoint vc="6" uspid="2844" ordinal="0" offset="389" sl="189" sc="9" el="189" ec="9" bec="0" bev="0" fileid="8" />
                <SequencePoint vc="6" uspid="2845" ordinal="0" offset="407" sl="190" sc="9" el="190" ec="9" bec="0" bev="0" fileid="8" />
                <SequencePoint vc="6" uspid="2846" ordinal="0" offset="408" sl="191" sc="13" el="191" ec="13" bec="0" bev="0" fileid="8" />
                <SequencePoint vc="6" uspid="2847" ordinal="0" offset="422" sl="192" sc="13" el="192" ec="13" bec="0" bev="0" fileid="8" />
                <SequencePoint vc="6" uspid="2848" ordinal="0" offset="449" sl="193" sc="9" el="193" ec="9" bec="0" bev="0" fileid="8" />
                <SequencePoint vc="6" uspid="2849" ordinal="0" offset="450" sl="196" sc="9" el="196" ec="9" bec="0" bev="0" fileid="8" />
                <SequencePoint vc="6" uspid="2850" ordinal="0" offset="474" sl="198" sc="9" el="198" ec="9" bec="0" bev="0" fileid="8" />
                <SequencePoint vc="6" uspid="2851" ordinal="0" offset="492" sl="198" sc="37" el="198" ec="37" bec="0" bev="0" fileid="8" />
                <SequencePoint vc="6" uspid="2852" ordinal="0" offset="521" sl="199" sc="9" el="199" ec="9" bec="0" bev="0" fileid="8" />
                <SequencePoint vc="6" uspid="2853" ordinal="0" offset="539" sl="199" sc="37" el="199" ec="37" bec="0" bev="0" fileid="8" />
                <SequencePoint vc="6" uspid="2854" ordinal="0" offset="568" sl="201" sc="9" el="201" ec="9" bec="0" bev="0" fileid="8" />
                <SequencePoint vc="6" uspid="2855" ordinal="0" offset="582" sl="203" sc="9" el="203" ec="9" bec="0" bev="0" fileid="8" />
                <SequencePoint vc="6" uspid="2856" ordinal="0" offset="600" sl="203" sc="29" el="203" ec="29" bec="0" bev="0" fileid="8" />
                <SequencePoint vc="6" uspid="2857" ordinal="0" offset="618" sl="204" sc="5" el="204" ec="5" bec="0" bev="0" fileid="8" />
              </SequencePoints>
              <BranchPoints />
            </Method>
            <Method visited="true" cyclomaticComplexity="0" nPathComplexity="0" sequenceCoverage="57.14" branchCoverage="0" crapScore="0" isConstructor="false" isStatic="false" isGetter="false" isSetter="false">
              <Summary numSequencePoints="7" visitedSequencePoints="4" numBranchPoints="0" visitedBranchPoints="0" sequenceCoverage="57.14" branchCoverage="0" maxCyclomaticComplexity="0" minCyclomaticComplexity="0" maxCrapScore="0" minCrapScore="0" visitedClasses="0" numClasses="0" visitedMethods="1" numMethods="1" />
              <MetadataToken>100663324</MetadataToken>
              <Name>System.Void GameManager::ApplyCharacterSkin()</Name>
              <FileRef uid="8" />
              <SequencePoints>
                <SequencePoint vc="5" uspid="2858" ordinal="0" offset="0" sl="208" sc="5" el="208" ec="5" bec="0" bev="0" fileid="8" />
                <SequencePoint vc="5" uspid="2859" ordinal="0" offset="1" sl="209" sc="9" el="209" ec="9" bec="0" bev="0" fileid="8" />
                <SequencePoint vc="5" uspid="2860" ordinal="0" offset="34" sl="209" sc="60" el="209" ec="60" bec="0" bev="0" fileid="8" />
                <SequencePoint vc="0" uspid="2861" ordinal="0" offset="36" sl="210" sc="9" el="210" ec="9" bec="0" bev="0" fileid="8" />
                <SequencePoint vc="0" uspid="2862" ordinal="0" offset="48" sl="211" sc="9" el="211" ec="9" bec="0" bev="0" fileid="8" />
                <SequencePoint vc="0" uspid="2863" ordinal="0" offset="59" sl="211" sc="29" el="211" ec="29" bec="0" bev="0" fileid="8" />
                <SequencePoint vc="5" uspid="2864" ordinal="0" offset="72" sl="212" sc="5" el="212" ec="5" bec="0" bev="0" fileid="8" />
              </SequencePoints>
              <BranchPoints />
            </Method>
            <Method visited="true" cyclomaticComplexity="0" nPathComplexity="0" sequenceCoverage="68.42" branchCoverage="0" crapScore="0" isConstructor="false" isStatic="false" isGetter="false" isSetter="false">
              <Summary numSequencePoints="19" visitedSequencePoints="13" numBranchPoints="0" visitedBranchPoints="0" sequenceCoverage="68.42" branchCoverage="0" maxCyclomaticComplexity="0" minCyclomaticComplexity="0" maxCrapScore="0" minCrapScore="0" visitedClasses="0" numClasses="0" visitedMethods="1" numMethods="1" />
              <MetadataToken>100663326</MetadataToken>
              <Name>System.Void GameManager::ShowMenu()</Name>
              <FileRef uid="8" />
              <SequencePoints>
                <SequencePoint vc="7" uspid="2870" ordinal="0" offset="0" sl="225" sc="5" el="225" ec="5" bec="0" bev="0" fileid="8" />
                <SequencePoint vc="7" uspid="2871" ordinal="0" offset="1" sl="227" sc="9" el="227" ec="9" bec="0" bev="0" fileid="8" />
                <SequencePoint vc="0" uspid="2872" ordinal="0" offset="16" sl="227" sc="44" el="227" ec="44" bec="0" bev="0" fileid="8" />
                <SequencePoint vc="7" uspid="2873" ordinal="0" offset="28" sl="229" sc="9" el="229" ec="9" bec="0" bev="0" fileid="8" />
                <SequencePoint vc="0" uspid="2874" ordinal="0" offset="43" sl="230" sc="9" el="230" ec="9" bec="0" bev="0" fileid="8" />
                <SequencePoint vc="0" uspid="2875" ordinal="0" offset="44" sl="231" sc="13" el="231" ec="13" bec="0" bev="0" fileid="8" />
                <SequencePoint vc="0" uspid="2876" ordinal="0" offset="55" sl="232" sc="13" el="232" ec="13" bec="0" bev="0" fileid="8" />
                <SequencePoint vc="0" uspid="2877" ordinal="0" offset="76" sl="233" sc="9" el="233" ec="9" bec="0" bev="0" fileid="8" />
                <SequencePoint vc="7" uspid="2878" ordinal="0" offset="77" sl="235" sc="9" el="235" ec="9" bec="0" bev="0" fileid="8" />
                <SequencePoint vc="7" uspid="2879" ordinal="0" offset="85" sl="236" sc="9" el="236" ec="9" bec="0" bev="0" fileid="8" />
                <SequencePoint vc="7" uspid="2880" ordinal="0" offset="96" sl="238" sc="9" el="238" ec="9" bec="0" bev="0" fileid="8" />
                <SequencePoint vc="2" uspid="2881" ordinal="0" offset="112" sl="238" sc="29" el="238" ec="29" bec="0" bev="0" fileid="8" />
                <SequencePoint vc="7" uspid="2882" ordinal="0" offset="130" sl="241" sc="9" el="241" ec="9" bec="0" bev="0" fileid="8" />
                <SequencePoint vc="1" uspid="2883" ordinal="0" offset="146" sl="242" sc="13" el="242" ec="13" bec="0" bev="0" fileid="8" />
                <SequencePoint vc="7" uspid="2884" ordinal="0" offset="169" sl="244" sc="9" el="244" ec="9" bec="0" bev="0" fileid="8" />
                <SequencePoint vc="0" uspid="2885" ordinal="0" offset="187" sl="245" sc="13" el="245" ec="13" bec="0" bev="0" fileid="8" />
                <SequencePoint vc="7" uspid="2886" ordinal="0" offset="223" sl="247" sc="9" el="247" ec="9" bec="0" bev="0" fileid="8" />
                <SequencePoint vc="7" uspid="2887" ordinal="0" offset="230" sl="248" sc="9" el="248" ec="9" bec="0" bev="0" fileid="8" />
                <SequencePoint vc="7" uspid="2888" ordinal="0" offset="244" sl="249" sc="5" el="249" ec="5" bec="0" bev="0" fileid="8" />
              </SequencePoints>
              <BranchPoints />
            </Method>
            <Method visited="true" cyclomaticComplexity="0" nPathComplexity="0" sequenceCoverage="90.00" branchCoverage="0" crapScore="0" isConstructor="false" isStatic="false" isGetter="false" isSetter="false">
              <Summary numSequencePoints="10" visitedSequencePoints="9" numBranchPoints="0" visitedBranchPoints="0" sequenceCoverage="90.00" branchCoverage="0" maxCyclomaticComplexity="0" minCyclomaticComplexity="0" maxCrapScore="0" minCrapScore="0" visitedClasses="0" numClasses="0" visitedMethods="1" numMethods="1" />
              <MetadataToken>100663327</MetadataToken>
              <Name>System.Void GameManager::ShowOptions()</Name>
              <FileRef uid="8" />
              <SequencePoints>
                <SequencePoint vc="2" uspid="2889" ordinal="0" offset="0" sl="254" sc="5" el="254" ec="5" bec="0" bev="0" fileid="8" />
                <SequencePoint vc="2" uspid="2890" ordinal="0" offset="1" sl="256" sc="9" el="256" ec="9" bec="0" bev="0" fileid="8" />
                <SequencePoint vc="0" uspid="2891" ordinal="0" offset="16" sl="256" sc="44" el="256" ec="44" bec="0" bev="0" fileid="8" />
                <SequencePoint vc="2" uspid="2892" ordinal="0" offset="28" sl="258" sc="9" el="258" ec="9" bec="0" bev="0" fileid="8" />
                <SequencePoint vc="2" uspid="2893" ordinal="0" offset="35" sl="259" sc="9" el="259" ec="9" bec="0" bev="0" fileid="8" />
                <SequencePoint vc="2" uspid="2894" ordinal="0" offset="43" sl="260" sc="9" el="260" ec="9" bec="0" bev="0" fileid="8" />
                <SequencePoint vc="2" uspid="2895" ordinal="0" offset="54" sl="261" sc="9" el="261" ec="9" bec="0" bev="0" fileid="8" />
                <SequencePoint vc="2" uspid="2896" ordinal="0" offset="68" sl="263" sc="9" el="263" ec="9" bec="0" bev="0" fileid="8" />
                <SequencePoint vc="1" uspid="2897" ordinal="0" offset="84" sl="264" sc="13" el="264" ec="13" bec="0" bev="0" fileid="8" />
                <SequencePoint vc="2" uspid="2898" ordinal="0" offset="96" sl="265" sc="5" el="265" ec="5" bec="0" bev="0" fileid="8" />
              </SequencePoints>
              <BranchPoints />
            </Method>
            <Method visited="true" cyclomaticComplexity="0" nPathComplexity="0" sequenceCoverage="83.33" branchCoverage="0" crapScore="0" isConstructor="false" isStatic="false" isGetter="false" isSetter="false">
              <Summary numSequencePoints="12" visitedSequencePoints="10" numBranchPoints="0" visitedBranchPoints="0" sequenceCoverage="83.33" branchCoverage="0" maxCyclomaticComplexity="0" minCyclomaticComplexity="0" maxCrapScore="0" minCrapScore="0" visitedClasses="0" numClasses="0" visitedMethods="1" numMethods="1" />
              <MetadataToken>100663330</MetadataToken>
              <Name>System.Void GameManager::ShowScores()</Name>
              <FileRef uid="8" />
              <SequencePoints>
                <SequencePoint vc="2" uspid="2931" ordinal="0" offset="0" sl="304" sc="5" el="304" ec="5" bec="0" bev="0" fileid="8" />
                <SequencePoint vc="2" uspid="2932" ordinal="0" offset="1" sl="306" sc="9" el="306" ec="9" bec="0" bev="0" fileid="8" />
                <SequencePoint vc="0" uspid="2933" ordinal="0" offset="16" sl="306" sc="44" el="306" ec="44" bec="0" bev="0" fileid="8" />
                <SequencePoint vc="2" uspid="2934" ordinal="0" offset="28" sl="308" sc="9" el="308" ec="9" bec="0" bev="0" fileid="8" />
                <SequencePoint vc="2" uspid="2935" ordinal="0" offset="36" sl="309" sc="9" el="309" ec="9" bec="0" bev="0" fileid="8" />
                <SequencePoint vc="2" uspid="2936" ordinal="0" offset="47" sl="312" sc="9" el="312" ec="9" bec="0" bev="0" fileid="8" />
                <SequencePoint vc="2" uspid="2937" ordinal="0" offset="53" sl="313" sc="9" el="313" ec="9" bec="0" bev="0" fileid="8" />
                <SequencePoint vc="0" uspid="2938" ordinal="0" offset="69" sl="314" sc="13" el="314" ec="13" bec="0" bev="0" fileid="8" />
                <SequencePoint vc="2" uspid="2939" ordinal="0" offset="98" sl="316" sc="9" el="316" ec="9" bec="0" bev="0" fileid="8" />
                <SequencePoint vc="2" uspid="2940" ordinal="0" offset="112" sl="318" sc="9" el="318" ec="9" bec="0" bev="0" fileid="8" />
                <SequencePoint vc="1" uspid="2941" ordinal="0" offset="128" sl="319" sc="13" el="319" ec="13" bec="0" bev="0" fileid="8" />
                <SequencePoint vc="2" uspid="2942" ordinal="0" offset="140" sl="320" sc="5" el="320" ec="5" bec="0" bev="0" fileid="8" />
              </SequencePoints>
              <BranchPoints />
            </Method>
            <Method visited="true" cyclomaticComplexity="0" nPathComplexity="0" sequenceCoverage="85.71" branchCoverage="0" crapScore="0" isConstructor="false" isStatic="false" isGetter="false" isSetter="false">
              <Summary numSequencePoints="7" visitedSequencePoints="6" numBranchPoints="0" visitedBranchPoints="0" sequenceCoverage="85.71" branchCoverage="0" maxCyclomaticComplexity="0" minCyclomaticComplexity="0" maxCrapScore="0" minCrapScore="0" visitedClasses="0" numClasses="0" visitedMethods="1" numMethods="1" />
              <MetadataToken>100663331</MetadataToken>
              <Name>System.Void GameManager::ShowStore()</Name>
              <FileRef uid="8" />
              <SequencePoints>
                <SequencePoint vc="1" uspid="2943" ordinal="0" offset="0" sl="323" sc="5" el="323" ec="5" bec="0" bev="0" fileid="8" />
                <SequencePoint vc="1" uspid="2944" ordinal="0" offset="1" sl="325" sc="9" el="325" ec="9" bec="0" bev="0" fileid="8" />
                <SequencePoint vc="0" uspid="2945" ordinal="0" offset="16" sl="325" sc="44" el="325" ec="44" bec="0" bev="0" fileid="8" />
                <SequencePoint vc="1" uspid="2946" ordinal="0" offset="28" sl="327" sc="9" el="327" ec="9" bec="0" bev="0" fileid="8" />
                <SequencePoint vc="1" uspid="2947" ordinal="0" offset="36" sl="328" sc="9" el="328" ec="9" bec="0" bev="0" fileid="8" />
                <SequencePoint vc="1" uspid="2948" ordinal="0" offset="47" sl="329" sc="9" el="329" ec="9" bec="0" bev="0" fileid="8" />
                <SequencePoint vc="1" uspid="2949" ordinal="0" offset="61" sl="330" sc="5" el="330" ec="5" bec="0" bev="0" fileid="8" />
              </SequencePoints>
              <BranchPoints />
            </Method>
            <Method visited="true" cyclomaticComplexity="0" nPathComplexity="0" sequenceCoverage="80.00" branchCoverage="0" crapScore="0" isConstructor="false" isStatic="false" isGetter="false" isSetter="false">
              <Summary numSequencePoints="10" visitedSequencePoints="8" numBranchPoints="0" visitedBranchPoints="0" sequenceCoverage="80.00" branchCoverage="0" maxCyclomaticComplexity="0" minCyclomaticComplexity="0" maxCrapScore="0" minCrapScore="0" visitedClasses="0" numClasses="0" visitedMethods="1" numMethods="1" />
              <MetadataToken>100663332</MetadataToken>
              <Name>System.Void GameManager::Pause()</Name>
              <FileRef uid="8" />
              <SequencePoints>
                <SequencePoint vc="2" uspid="2950" ordinal="0" offset="0" sl="335" sc="5" el="335" ec="5" bec="0" bev="0" fileid="8" />
                <SequencePoint vc="2" uspid="2951" ordinal="0" offset="1" sl="336" sc="9" el="336" ec="9" bec="0" bev="0" fileid="8" />
                <SequencePoint vc="0" uspid="2952" ordinal="0" offset="17" sl="336" sc="41" el="336" ec="41" bec="0" bev="0" fileid="8" />
                <SequencePoint vc="2" uspid="2953" ordinal="0" offset="19" sl="339" sc="9" el="339" ec="9" bec="0" bev="0" fileid="8" />
                <SequencePoint vc="0" uspid="2954" ordinal="0" offset="34" sl="339" sc="44" el="339" ec="44" bec="0" bev="0" fileid="8" />
                <SequencePoint vc="2" uspid="2955" ordinal="0" offset="46" sl="341" sc="9" el="341" ec="9" bec="0" bev="0" fileid="8" />
                <SequencePoint vc="2" uspid="2956" ordinal="0" offset="54" sl="342" sc="9" el="342" ec="9" bec="0" bev="0" fileid="8" />
                <SequencePoint vc="2" uspid="2957" ordinal="0" offset="65" sl="344" sc="9" el="344" ec="9" bec="0" bev="0" fileid="8" />
                <SequencePoint vc="2" uspid="2958" ordinal="0" offset="81" sl="344" sc="33" el="344" ec="33" bec="0" bev="0" fileid="8" />
                <SequencePoint vc="2" uspid="2959" ordinal="0" offset="94" sl="345" sc="5" el="345" ec="5" bec="0" bev="0" fileid="8" />
              </SequencePoints>
              <BranchPoints />
            </Method>
            <Method visited="true" cyclomaticComplexity="0" nPathComplexity="0" sequenceCoverage="80.00" branchCoverage="0" crapScore="0" isConstructor="false" isStatic="false" isGetter="false" isSetter="false">
              <Summary numSequencePoints="10" visitedSequencePoints="8" numBranchPoints="0" visitedBranchPoints="0" sequenceCoverage="80.00" branchCoverage="0" maxCyclomaticComplexity="0" minCyclomaticComplexity="0" maxCrapScore="0" minCrapScore="0" visitedClasses="0" numClasses="0" visitedMethods="1" numMethods="1" />
              <MetadataToken>100663333</MetadataToken>
              <Name>System.Void GameManager::Resume()</Name>
              <FileRef uid="8" />
              <SequencePoints>
                <SequencePoint vc="1" uspid="2960" ordinal="0" offset="0" sl="348" sc="5" el="348" ec="5" bec="0" bev="0" fileid="8" />
                <SequencePoint vc="1" uspid="2961" ordinal="0" offset="1" sl="349" sc="9" el="349" ec="9" bec="0" bev="0" fileid="8" />
                <SequencePoint vc="0" uspid="2962" ordinal="0" offset="17" sl="349" sc="40" el="349" ec="40" bec="0" bev="0" fileid="8" />
                <SequencePoint vc="1" uspid="2963" ordinal="0" offset="19" sl="352" sc="9" el="352" ec="9" bec="0" bev="0" fileid="8" />
                <SequencePoint vc="0" uspid="2964" ordinal="0" offset="34" sl="352" sc="44" el="352" ec="44" bec="0" bev="0" fileid="8" />
                <SequencePoint vc="1" uspid="2965" ordinal="0" offset="46" sl="354" sc="9" el="354" ec="9" bec="0" bev="0" fileid="8" />
                <SequencePoint vc="1" uspid="2966" ordinal="0" offset="54" sl="355" sc="9" el="355" ec="9" bec="0" bev="0" fileid="8" />
                <SequencePoint vc="1" uspid="2967" ordinal="0" offset="65" sl="357" sc="9" el="357" ec="9" bec="0" bev="0" fileid="8" />
                <SequencePoint vc="1" uspid="2968" ordinal="0" offset="81" sl="357" sc="33" el="357" ec="33" bec="0" bev="0" fileid="8" />
                <SequencePoint vc="1" uspid="2969" ordinal="0" offset="94" sl="358" sc="5" el="358" ec="5" bec="0" bev="0" fileid="8" />
              </SequencePoints>
              <BranchPoints />
            </Method>
            <Method visited="true" cyclomaticComplexity="0" nPathComplexity="0" sequenceCoverage="71.43" branchCoverage="0" crapScore="0" isConstructor="false" isStatic="false" isGetter="false" isSetter="false">
              <Summary numSequencePoints="7" visitedSequencePoints="5" numBranchPoints="0" visitedBranchPoints="0" sequenceCoverage="71.43" branchCoverage="0" maxCyclomaticComplexity="0" minCyclomaticComplexity="0" maxCrapScore="0" minCrapScore="0" visitedClasses="0" numClasses="0" visitedMethods="1" numMethods="1" />
              <MetadataToken>100663334</MetadataToken>
              <Name>System.Void GameManager::RefreshLoggedInLabels()</Name>
              <FileRef uid="8" />
              <SequencePoints>
                <SequencePoint vc="11" uspid="2970" ordinal="0" offset="0" sl="363" sc="5" el="363" ec="5" bec="0" bev="0" fileid="8" />
                <SequencePoint vc="11" uspid="2971" ordinal="0" offset="1" sl="364" sc="9" el="364" ec="9" bec="0" bev="0" fileid="8" />
                <SequencePoint vc="11" uspid="2972" ordinal="0" offset="7" sl="365" sc="9" el="365" ec="9" bec="0" bev="0" fileid="8" />
                <SequencePoint vc="0" uspid="2973" ordinal="0" offset="23" sl="365" sc="39" el="365" ec="39" bec="0" bev="0" fileid="8" />
                <SequencePoint vc="11" uspid="2974" ordinal="0" offset="46" sl="366" sc="9" el="366" ec="9" bec="0" bev="0" fileid="8" />
                <SequencePoint vc="0" uspid="2975" ordinal="0" offset="62" sl="366" sc="39" el="366" ec="39" bec="0" bev="0" fileid="8" />
                <SequencePoint vc="11" uspid="2976" ordinal="0" offset="85" sl="367" sc="5" el="367" ec="5" bec="0" bev="0" fileid="8" />
              </SequencePoints>
              <BranchPoints />
            </Method>
            <Method visited="true" cyclomaticComplexity="0" nPathComplexity="0" sequenceCoverage="100.0" branchCoverage="0" crapScore="0" isConstructor="false" isStatic="false" isGetter="false" isSetter="false">
              <Summary numSequencePoints="18" visitedSequencePoints="18" numBranchPoints="0" visitedBranchPoints="0" sequenceCoverage="100.0" branchCoverage="0" maxCyclomaticComplexity="0" minCyclomaticComplexity="0" maxCrapScore="0" minCrapScore="0" visitedClasses="0" numClasses="0" visitedMethods="1" numMethods="1" />
              <MetadataToken>100663335</MetadataToken>
              <Name>System.Void GameManager::SetPanels(System.Boolean, System.Boolean, System.Boolean, System.Boolean, System.Boolean, System.Boolean, System.Boolean)</Name>
              <FileRef uid="8" />
              <SequencePoints>
                <SequencePoint vc="22" uspid="2977" ordinal="0" offset="0" sl="369" sc="5" el="369" ec="5" bec="0" bev="0" fileid="8" />
                <SequencePoint vc="22" uspid="2978" ordinal="0" offset="1" sl="370" sc="9" el="370" ec="9" bec="0" bev="0" fileid="8" />
                <SequencePoint vc="12" uspid="2979" ordinal="0" offset="17" sl="370" sc="32" el="370" ec="32" bec="0" bev="0" fileid="8" />
                <SequencePoint vc="22" uspid="2980" ordinal="0" offset="30" sl="371" sc="9" el="371" ec="9" bec="0" bev="0" fileid="8" />
                <SequencePoint vc="14" uspid="2981" ordinal="0" offset="46" sl="371" sc="31" el="371" ec="31" bec="0" bev="0" fileid="8" />
                <SequencePoint vc="22" uspid="2982" ordinal="0" offset="59" sl="372" sc="9" el="372" ec="9" bec="0" bev="0" fileid="8" />
                <SequencePoint vc="6" uspid="2983" ordinal="0" offset="75" sl="372" sc="33" el="372" ec="33" bec="0" bev="0" fileid="8" />
                <SequencePoint vc="22" uspid="2984" ordinal="0" offset="88" sl="373" sc="9" el="373" ec="9" bec="0" bev="0" fileid="8" />
                <SequencePoint vc="14" uspid="2985" ordinal="0" offset="104" sl="373" sc="36" el="373" ec="36" bec="0" bev="0" fileid="8" />
                <SequencePoint vc="22" uspid="2986" ordinal="0" offset="118" sl="374" sc="9" el="374" ec="9" bec="0" bev="0" fileid="8" />
                <SequencePoint vc="9" uspid="2987" ordinal="0" offset="136" sl="374" sc="35" el="374" ec="35" bec="0" bev="0" fileid="8" />
                <SequencePoint vc="22" uspid="2988" ordinal="0" offset="150" sl="375" sc="9" el="375" ec="9" bec="0" bev="0" fileid="8" />
                <SequencePoint vc="9" uspid="2989" ordinal="0" offset="168" sl="375" sc="34" el="375" ec="34" bec="0" bev="0" fileid="8" />
                <SequencePoint vc="22" uspid="2990" ordinal="0" offset="182" sl="376" sc="9" el="376" ec="9" bec="0" bev="0" fileid="8" />
                <SequencePoint vc="6" uspid="2991" ordinal="0" offset="200" sl="376" sc="33" el="376" ec="33" bec="0" bev="0" fileid="8" />
                <SequencePoint vc="22" uspid="2992" ordinal="0" offset="214" sl="379" sc="9" el="379" ec="9" bec="0" bev="0" fileid="8" />
                <SequencePoint vc="6" uspid="2993" ordinal="0" offset="244" sl="380" sc="13" el="380" ec="13" bec="0" bev="0" fileid="8" />
                <SequencePoint vc="22" uspid="2994" ordinal="0" offset="257" sl="381" sc="5" el="381" ec="5" bec="0" bev="0" fileid="8" />
              </SequencePoints>
              <BranchPoints />
            </Method>
            <Method visited="true" cyclomaticComplexity="0" nPathComplexity="0" sequenceCoverage="36.36" branchCoverage="0" crapScore="0" isConstructor="false" isStatic="false" isGetter="false" isSetter="false">
              <Summary numSequencePoints="11" visitedSequencePoints="4" numBranchPoints="0" visitedBranchPoints="0" sequenceCoverage="36.36" branchCoverage="0" maxCyclomaticComplexity="0" minCyclomaticComplexity="0" maxCrapScore="0" minCrapScore="0" visitedClasses="0" numClasses="0" visitedMethods="1" numMethods="1" />
              <MetadataToken>100663336</MetadataToken>
              <Name>System.Void GameManager::HandlePauseHotkey()</Name>
              <FileRef uid="8" />
              <SequencePoints>
                <SequencePoint vc="3" uspid="2995" ordinal="0" offset="0" sl="384" sc="5" el="384" ec="5" bec="0" bev="0" fileid="8" />
                <SequencePoint vc="3" uspid="2996" ordinal="0" offset="1" sl="385" sc="9" el="385" ec="9" bec="0" bev="0" fileid="8" />
                <SequencePoint vc="0" uspid="2997" ordinal="0" offset="13" sl="385" sc="39" el="385" ec="39" bec="0" bev="0" fileid="8" />
                <SequencePoint vc="3" uspid="2998" ordinal="0" offset="15" sl="387" sc="9" el="387" ec="9" bec="0" bev="0" fileid="8" />
                <SequencePoint vc="0" uspid="2999" ordinal="0" offset="34" sl="388" sc="9" el="388" ec="9" bec="0" bev="0" fileid="8" />
                <SequencePoint vc="0" uspid="3000" ordinal="0" offset="35" sl="389" sc="13" el="389" ec="13" bec="0" bev="0" fileid="8" />
                <SequencePoint vc="0" uspid="3001" ordinal="0" offset="48" sl="389" sc="45" el="389" ec="45" bec="0" bev="0" fileid="8" />
                <SequencePoint vc="0" uspid="3002" ordinal="0" offset="57" sl="390" sc="18" el="390" ec="18" bec="0" bev="0" fileid="8" />
                <SequencePoint vc="0" uspid="3003" ordinal="0" offset="70" sl="390" sc="49" el="390" ec="49" bec="0" bev="0" fileid="8" />
                <SequencePoint vc="0" uspid="3004" ordinal="0" offset="77" sl="391" sc="9" el="391" ec="9" bec="0" bev="0" fileid="8" />
                <SequencePoint vc="3" uspid="3005" ordinal="0" offset="78" sl="392" sc="5" el="392" ec="5" bec="0" bev="0" fileid="8" />
              </SequencePoints>
              <BranchPoints />
            </Method>
            <Method visited="true" cyclomaticComplexity="0" nPathComplexity="0" sequenceCoverage="100.0" branchCoverage="0" crapScore="0" isConstructor="true" isStatic="false" isGetter="false" isSetter="false">
              <Summary numSequencePoints="3" visitedSequencePoints="3" numBranchPoints="0" visitedBranchPoints="0" sequenceCoverage="100.0" branchCoverage="0" maxCyclomaticComplexity="0" minCyclomaticComplexity="0" maxCrapScore="0" minCrapScore="0" visitedClasses="0" numClasses="0" visitedMethods="1" numMethods="1" />
              <MetadataToken>100663337</MetadataToken>
              <Name>GameManager::GameManager()</Name>
              <FileRef uid="8" />
              <SequencePoints>
                <SequencePoint vc="21" uspid="3006" ordinal="0" offset="0" sl="15" sc="44" el="15" ec="44" bec="0" bev="0" fileid="8" />
                <SequencePoint vc="21" uspid="3007" ordinal="0" offset="7" sl="57" sc="5" el="57" ec="5" bec="0" bev="0" fileid="8" />
                <SequencePoint vc="21" uspid="3008" ordinal="0" offset="33" sl="60" sc="5" el="60" ec="5" bec="0" bev="0" fileid="8" />
              </SequencePoints>
              <BranchPoints />
            </Method>
          </Methods>
        </Class>
        <Class>
          <Summary numSequencePoints="30" visitedSequencePoints="22" numBranchPoints="0" visitedBranchPoints="0" sequenceCoverage="73.33" branchCoverage="0.0" maxCyclomaticComplexity="0" minCyclomaticComplexity="0" maxCrapScore="0" minCrapScore="0" visitedClasses="1" numClasses="1" visitedMethods="5" numMethods="5" />
          <FullName>KeyBindings</FullName>
          <Methods>
            <Method visited="true" cyclomaticComplexity="0" nPathComplexity="0" sequenceCoverage="100.0" branchCoverage="0" crapScore="0" isConstructor="false" isStatic="true" isGetter="true" isSetter="false">
              <Summary numSequencePoints="1" visitedSequencePoints="1" numBranchPoints="0" visitedBranchPoints="0" sequenceCoverage="100.0" branchCoverage="0" maxCyclomaticComplexity="0" minCyclomaticComplexity="0" maxCrapScore="0" minCrapScore="0" visitedClasses="0" numClasses="0" visitedMethods="1" numMethods="1" />
              <MetadataToken>100663338</MetadataToken>
              <Name>static UnityEngine.InputSystem.Key KeyBindings::get_LeftKey()</Name>
              <FileRef uid="9" />
              <SequencePoints>
                <SequencePoint vc="8" uspid="3009" ordinal="0" offset="0" sl="16" sc="16" el="16" ec="16" bec="0" bev="0" fileid="9" />
              </SequencePoints>
              <BranchPoints />
            </Method>
            <Method visited="true" cyclomaticComplexity="0" nPathComplexity="0" sequenceCoverage="100.0" branchCoverage="0" crapScore="0" isConstructor="false" isStatic="true" isGetter="true" isSetter="false">
              <Summary numSequencePoints="1" visitedSequencePoints="1" numBranchPoints="0" visitedBranchPoints="0" sequenceCoverage="100.0" branchCoverage="0" maxCyclomaticComplexity="0" minCyclomaticComplexity="0" maxCrapScore="0" minCrapScore="0" visitedClasses="0" numClasses="0" visitedMethods="1" numMethods="1" />
              <MetadataToken>100663340</MetadataToken>
              <Name>static UnityEngine.InputSystem.Key KeyBindings::get_RightKey()</Name>
              <FileRef uid="9" />
              <SequencePoints>
                <SequencePoint vc="8" uspid="3014" ordinal="0" offset="0" sl="22" sc="16" el="22" ec="16" bec="0" bev="0" fileid="9" />
              </SequencePoints>
              <BranchPoints />
            </Method>
            <Method visited="true" cyclomaticComplexity="0" nPathComplexity="0" sequenceCoverage="69.23" branchCoverage="0" crapScore="0" isConstructor="false" isStatic="true" isGetter="false" isSetter="false">
              <Summary numSequencePoints="13" visitedSequencePoints="9" numBranchPoints="0" visitedBranchPoints="0" sequenceCoverage="69.23" branchCoverage="0" maxCyclomaticComplexity="0" minCyclomaticComplexity="0" maxCrapScore="0" minCrapScore="0" visitedClasses="0" numClasses="0" visitedMethods="1" numMethods="1" />
              <MetadataToken>100663342</MetadataToken>
              <Name>static System.Boolean KeyBindings::IsLeftPressed()</Name>
              <FileRef uid="9" />
              <SequencePoints>
                <SequencePoint vc="8" uspid="3019" ordinal="0" offset="0" sl="31" sc="5" el="31" ec="5" bec="0" bev="0" fileid="9" />
                <SequencePoint vc="8" uspid="3020" ordinal="0" offset="1" sl="32" sc="9" el="32" ec="9" bec="0" bev="0" fileid="9" />
                <SequencePoint vc="8" uspid="3021" ordinal="0" offset="7" sl="33" sc="9" el="33" ec="9" bec="0" bev="0" fileid="9" />
                <SequencePoint vc="0" uspid="3022" ordinal="0" offset="15" sl="33" sc="25" el="33" ec="25" bec="0" bev="0" fileid="9" />
                <SequencePoint vc="8" uspid="3023" ordinal="0" offset="19" sl="34" sc="9" el="34" ec="9" bec="0" bev="0" fileid="9" />
                <SequencePoint vc="8" uspid="3024" ordinal="0" offset="21" sl="35" sc="13" el="35" ec="13" bec="0" bev="0" fileid="9" />
                <SequencePoint vc="8" uspid="3025" ordinal="0" offset="22" sl="35" sc="15" el="35" ec="15" bec="0" bev="0" fileid="9" />
                <SequencePoint vc="8" uspid="3026" ordinal="0" offset="39" sl="35" sc="48" el="35" ec="48" bec="0" bev="0" fileid="9" />
                <SequencePoint vc="0" uspid="3027" ordinal="0" offset="42" sl="35" sc="50" el="35" ec="50" bec="0" bev="0" fileid="9" />
                <SequencePoint vc="0" uspid="3028" ordinal="0" offset="43" sl="35" sc="56" el="35" ec="56" bec="0" bev="0" fileid="9" />
                <SequencePoint vc="0" uspid="3029" ordinal="0" offset="44" sl="35" sc="58" el="35" ec="58" bec="0" bev="0" fileid="9" />
                <SequencePoint vc="8" uspid="3030" ordinal="0" offset="47" sl="36" sc="9" el="36" ec="9" bec="0" bev="0" fileid="9" />
                <SequencePoint vc="8" uspid="3031" ordinal="0" offset="72" sl="37" sc="5" el="37" ec="5" bec="0" bev="0" fileid="9" />
              </SequencePoints>
              <BranchPoints />
            </Method>
            <Method visited="true" cyclomaticComplexity="0" nPathComplexity="0" sequenceCoverage="69.23" branchCoverage="0" crapScore="0" isConstructor="false" isStatic="true" isGetter="false" isSetter="false">
              <Summary numSequencePoints="13" visitedSequencePoints="9" numBranchPoints="0" visitedBranchPoints="0" sequenceCoverage="69.23" branchCoverage="0" maxCyclomaticComplexity="0" minCyclomaticComplexity="0" maxCrapScore="0" minCrapScore="0" visitedClasses="0" numClasses="0" visitedMethods="1" numMethods="1" />
              <MetadataToken>100663343</MetadataToken>
              <Name>static System.Boolean KeyBindings::IsRightPressed()</Name>
              <FileRef uid="9" />
              <SequencePoints>
                <SequencePoint vc="8" uspid="3032" ordinal="0" offset="0" sl="40" sc="5" el="40" ec="5" bec="0" bev="0" fileid="9" />
                <SequencePoint vc="8" uspid="3033" ordinal="0" offset="1" sl="41" sc="9" el="41" ec="9" bec="0" bev="0" fileid="9" />
                <SequencePoint vc="8" uspid="3034" ordinal="0" offset="7" sl="42" sc="9" el="42" ec="9" bec="0" bev="0" fileid="9" />
                <SequencePoint vc="0" uspid="3035" ordinal="0" offset="15" sl="42" sc="25" el="42" ec="25" bec="0" bev="0" fileid="9" />
                <SequencePoint vc="8" uspid="3036" ordinal="0" offset="19" sl="43" sc="9" el="43" ec="9" bec="0" bev="0" fileid="9" />
                <SequencePoint vc="8" uspid="3037" ordinal="0" offset="21" sl="44" sc="13" el="44" ec="13" bec="0" bev="0" fileid="9" />
                <SequencePoint vc="8" uspid="3038" ordinal="0" offset="22" sl="44" sc="15" el="44" ec="15" bec="0" bev="0" fileid="9" />
                <SequencePoint vc="8" uspid="3039" ordinal="0" offset="39" sl="44" sc="49" el="44" ec="49" bec="0" bev="0" fileid="9" />
                <SequencePoint vc="0" uspid="3040" ordinal="0" offset="42" sl="44" sc="51" el="44" ec="51" bec="0" bev="0" fileid="9" />
                <SequencePoint vc="0" uspid="3041" ordinal="0" offset="43" sl="44" sc="57" el="44" ec="57" bec="0" bev="0" fileid="9" />
                <SequencePoint vc="0" uspid="3042" ordinal="0" offset="44" sl="44" sc="59" el="44" ec="59" bec="0" bev="0" fileid="9" />
                <SequencePoint vc="8" uspid="3043" ordinal="0" offset="47" sl="45" sc="9" el="45" ec="9" bec="0" bev="0" fileid="9" />
                <SequencePoint vc="8" uspid="3044" ordinal="0" offset="72" sl="46" sc="5" el="46" ec="5" bec="0" bev="0" fileid="9" />
              </SequencePoints>
              <BranchPoints />
            </Method>
            <Method visited="true" cyclomaticComplexity="0" nPathComplexity="0" sequenceCoverage="100.0" branchCoverage="0" crapScore="0" isConstructor="true" isStatic="true" isGetter="false" isSetter="false">
              <Summary numSequencePoints="2" visitedSequencePoints="2" numBranchPoints="0" visitedBranchPoints="0" sequenceCoverage="100.0" branchCoverage="0" maxCyclomaticComplexity="0" minCyclomaticComplexity="0" maxCrapScore="0" minCrapScore="0" visitedClasses="0" numClasses="0" visitedMethods="1" numMethods="1" />
              <MetadataToken>100663344</MetadataToken>
              <Name>static KeyBindings::KeyBindings()</Name>
              <FileRef uid="9" />
              <SequencePoints>
                <SequencePoint vc="1" uspid="3045" ordinal="0" offset="0" sl="27" sc="5" el="27" ec="5" bec="0" bev="0" fileid="9" />
                <SequencePoint vc="1" uspid="3046" ordinal="0" offset="7" sl="28" sc="5" el="28" ec="5" bec="0" bev="0" fileid="9" />
              </SequencePoints>
              <BranchPoints />
            </Method>
          </Methods>
        </Class>
        <Class>
          <Summary numSequencePoints="49" visitedSequencePoints="43" numBranchPoints="0" visitedBranchPoints="0" sequenceCoverage="87.76" branchCoverage="0.0" maxCyclomaticComplexity="0" minCyclomaticComplexity="0" maxCrapScore="0" minCrapScore="0" visitedClasses="1" numClasses="1" visitedMethods="7" numMethods="7" />
          <FullName>LeaderboardManager</FullName>
          <Methods>
            <Method visited="true" cyclomaticComplexity="0" nPathComplexity="0" sequenceCoverage="100.0" branchCoverage="0" crapScore="0" isConstructor="false" isStatic="true" isGetter="false" isSetter="false">
              <Summary numSequencePoints="4" visitedSequencePoints="4" numBranchPoints="0" visitedBranchPoints="0" sequenceCoverage="100.0" branchCoverage="0" maxCyclomaticComplexity="0" minCyclomaticComplexity="0" maxCrapScore="0" minCrapScore="0" visitedClasses="0" numClasses="0" visitedMethods="1" numMethods="1" />
              <MetadataToken>100663345</MetadataToken>
              <Name>static System.String LeaderboardManager::GetCurrentPlayerName()</Name>
              <FileRef uid="10" />
              <SequencePoints>
                <SequencePoint vc="26" uspid="3047" ordinal="0" offset="0" sl="32" sc="5" el="32" ec="5" bec="0" bev="0" fileid="10" />
                <SequencePoint vc="26" uspid="3048" ordinal="0" offset="1" sl="33" sc="9" el="33" ec="9" bec="0" bev="0" fileid="10" />
                <SequencePoint vc="26" uspid="3049" ordinal="0" offset="17" sl="34" sc="9" el="34" ec="9" bec="0" bev="0" fileid="10" />
                <SequencePoint vc="26" uspid="3050" ordinal="0" offset="36" sl="35" sc="5" el="35" ec="5" bec="0" bev="0" fileid="10" />
              </SequencePoints>
              <BranchPoints />
            </Method>
            <Method visited="true" cyclomaticComplexity="0" nPathComplexity="0" sequenceCoverage="100.0" branchCoverage="0" crapScore="0" isConstructor="false" isStatic="true" isGetter="false" isSetter="false">
              <Summary numSequencePoints="7" visitedSequencePoints="7" numBranchPoints="0" visitedBranchPoints="0" sequenceCoverage="100.0" branchCoverage="0" maxCyclomaticComplexity="0" minCyclomaticComplexity="0" maxCrapScore="0" minCrapScore="0" visitedClasses="0" numClasses="0" visitedMethods="1" numMethods="1" />
              <MetadataToken>100663349</MetadataToken>
              <Name>static System.Void LeaderboardManager::SubmitScore(System.Int32)</Name>
              <FileRef uid="10" />
              <SequencePoints>
                <SequencePoint vc="6" uspid="3077" ordinal="0" offset="0" sl="77" sc="5" el="77" ec="5" bec="0" bev="0" fileid="10" />
                <SequencePoint vc="6" uspid="3078" ordinal="0" offset="1" sl="78" sc="9" el="78" ec="9" bec="0" bev="0" fileid="10" />
                <SequencePoint vc="6" uspid="3079" ordinal="0" offset="7" sl="79" sc="9" el="79" ec="9" bec="0" bev="0" fileid="10" />
                <SequencePoint vc="6" uspid="3080" ordinal="0" offset="13" sl="80" sc="9" el="80" ec="9" bec="0" bev="0" fileid="10" />
                <SequencePoint vc="6" uspid="3081" ordinal="0" offset="44" sl="81" sc="9" el="81" ec="9" bec="0" bev="0" fileid="10" />
                <SequencePoint vc="6" uspid="3082" ordinal="0" offset="104" sl="85" sc="9" el="85" ec="9" bec="0" bev="0" fileid="10" />
                <SequencePoint vc="6" uspid="3083" ordinal="0" offset="111" sl="86" sc="5" el="86" ec="5" bec="0" bev="0" fileid="10" />
              </SequencePoints>
              <BranchPoints />
            </Method>
            <Method visited="true" cyclomaticComplexity="0" nPathComplexity="0" sequenceCoverage="80.00" branchCoverage="0" crapScore="0" isConstructor="false" isStatic="true" isGetter="false" isSetter="false">
              <Summary numSequencePoints="10" visitedSequencePoints="8" numBranchPoints="0" visitedBranchPoints="0" sequenceCoverage="80.00" branchCoverage="0" maxCyclomaticComplexity="0" minCyclomaticComplexity="0" maxCrapScore="0" minCrapScore="0" visitedClasses="0" numClasses="0" visitedMethods="1" numMethods="1" />
              <MetadataToken>100663351</MetadataToken>
              <Name>static System.Int32 LeaderboardManager::GetRankForCurrentPlayer()</Name>
              <FileRef uid="10" />
              <SequencePoints>
                <SequencePoint vc="6" uspid="3090" ordinal="0" offset="0" sl="99" sc="5" el="99" ec="5" bec="0" bev="0" fileid="10" />
                <SequencePoint vc="6" uspid="3091" ordinal="0" offset="1" sl="100" sc="9" el="100" ec="9" bec="0" bev="0" fileid="10" />
                <SequencePoint vc="6" uspid="3092" ordinal="0" offset="7" sl="101" sc="9" el="101" ec="9" bec="0" bev="0" fileid="10" />
                <SequencePoint vc="6" uspid="3093" ordinal="0" offset="13" sl="102" sc="14" el="102" ec="14" bec="0" bev="0" fileid="10" />
                <SequencePoint vc="6" uspid="3094" ordinal="0" offset="17" sl="103" sc="13" el="103" ec="13" bec="0" bev="0" fileid="10" />
                <SequencePoint vc="6" uspid="3095" ordinal="0" offset="39" sl="103" sc="44" el="103" ec="44" bec="0" bev="0" fileid="10" />
                <SequencePoint vc="0" uspid="3096" ordinal="0" offset="46" sl="102" sc="43" el="102" ec="43" bec="0" bev="0" fileid="10" />
                <SequencePoint vc="6" uspid="3097" ordinal="0" offset="50" sl="102" sc="25" el="102" ec="25" bec="0" bev="0" fileid="10" />
                <SequencePoint vc="0" uspid="3098" ordinal="0" offset="65" sl="104" sc="9" el="104" ec="9" bec="0" bev="0" fileid="10" />
                <SequencePoint vc="6" uspid="3099" ordinal="0" offset="70" sl="105" sc="5" el="105" ec="5" bec="0" bev="0" fileid="10" />
              </SequencePoints>
              <BranchPoints />
            </Method>
            <Method visited="true" cyclomaticComplexity="0" nPathComplexity="0" sequenceCoverage="100.0" branchCoverage="0" crapScore="0" isConstructor="false" isStatic="true" isGetter="false" isSetter="false">
              <Summary numSequencePoints="6" visitedSequencePoints="6" numBranchPoints="0" visitedBranchPoints="0" sequenceCoverage="100.0" branchCoverage="0" maxCyclomaticComplexity="0" minCyclomaticComplexity="0" maxCrapScore="0" minCrapScore="0" visitedClasses="0" numClasses="0" visitedMethods="1" numMethods="1" />
              <MetadataToken>100663352</MetadataToken>
              <Name>static System.Int32 LeaderboardManager::GetGlobalBest()</Name>
              <FileRef uid="10" />
              <SequencePoints>
                <SequencePoint vc="14" uspid="3100" ordinal="0" offset="0" sl="108" sc="5" el="108" ec="5" bec="0" bev="0" fileid="10" />
                <SequencePoint vc="14" uspid="3101" ordinal="0" offset="1" sl="109" sc="9" el="109" ec="9" bec="0" bev="0" fileid="10" />
                <SequencePoint vc="14" uspid="3102" ordinal="0" offset="7" sl="110" sc="9" el="110" ec="9" bec="0" bev="0" fileid="10" />
                <SequencePoint vc="8" uspid="3103" ordinal="0" offset="36" sl="110" sc="62" el="110" ec="62" bec="0" bev="0" fileid="10" />
                <SequencePoint vc="6" uspid="3104" ordinal="0" offset="40" sl="111" sc="9" el="111" ec="9" bec="0" bev="0" fileid="10" />
                <SequencePoint vc="14" uspid="3105" ordinal="0" offset="85" sl="112" sc="5" el="112" ec="5" bec="0" bev="0" fileid="10" />
              </SequencePoints>
              <BranchPoints />
            </Method>
            <Method visited="true" cyclomaticComplexity="0" nPathComplexity="0" sequenceCoverage="100.0" branchCoverage="0" crapScore="0" isConstructor="false" isStatic="true" isGetter="false" isSetter="false">
              <Summary numSequencePoints="4" visitedSequencePoints="4" numBranchPoints="0" visitedBranchPoints="0" sequenceCoverage="100.0" branchCoverage="0" maxCyclomaticComplexity="0" minCyclomaticComplexity="0" maxCrapScore="0" minCrapScore="0" visitedClasses="0" numClasses="0" visitedMethods="1" numMethods="1" />
              <MetadataToken>100663353</MetadataToken>
              <Name>static System.Collections.Generic.List[ValueTuple`2] LeaderboardManager::GetLeaderboardSorted()</Name>
              <FileRef uid="10" />
              <SequencePoints>
                <SequencePoint vc="6" uspid="3106" ordinal="0" offset="0" sl="116" sc="5" el="116" ec="5" bec="0" bev="0" fileid="10" />
                <SequencePoint vc="6" uspid="3107" ordinal="0" offset="1" sl="117" sc="9" el="117" ec="9" bec="0" bev="0" fileid="10" />
                <SequencePoint vc="6" uspid="3108" ordinal="0" offset="7" sl="118" sc="9" el="118" ec="9" bec="0" bev="0" fileid="10" />
                <SequencePoint vc="6" uspid="3109" ordinal="0" offset="93" sl="122" sc="5" el="122" ec="5" bec="0" bev="0" fileid="10" />
              </SequencePoints>
              <BranchPoints />
            </Method>
            <Method visited="true" cyclomaticComplexity="0" nPathComplexity="0" sequenceCoverage="72.73" branchCoverage="0" crapScore="0" isConstructor="false" isStatic="true" isGetter="false" isSetter="false">
              <Summary numSequencePoints="11" visitedSequencePoints="8" numBranchPoints="0" visitedBranchPoints="0" sequenceCoverage="72.73" branchCoverage="0" maxCyclomaticComplexity="0" minCyclomaticComplexity="0" maxCrapScore="0" minCrapScore="0" visitedClasses="0" numClasses="0" visitedMethods="1" numMethods="1" />
              <MetadataToken>100663354</MetadataToken>
              <Name>static LeaderboardManager/EntryList LeaderboardManager::Load()</Name>
              <FileRef uid="10" />
              <SequencePoints>
                <SequencePoint vc="26" uspid="3110" ordinal="0" offset="0" sl="127" sc="5" el="127" ec="5" bec="0" bev="0" fileid="10" />
                <SequencePoint vc="26" uspid="3111" ordinal="0" offset="1" sl="128" sc="9" el="128" ec="9" bec="0" bev="0" fileid="10" />
                <SequencePoint vc="26" uspid="3112" ordinal="0" offset="17" sl="129" sc="9" el="129" ec="9" bec="0" bev="0" fileid="10" />
                <SequencePoint vc="14" uspid="3113" ordinal="0" offset="27" sl="130" sc="13" el="130" ec="13" bec="0" bev="0" fileid="10" />
                <SequencePoint vc="12" uspid="3114" ordinal="0" offset="36" sl="132" sc="9" el="132" ec="9" bec="0" bev="0" fileid="10" />
                <SequencePoint vc="12" uspid="3115" ordinal="0" offset="37" sl="133" sc="13" el="133" ec="13" bec="0" bev="0" fileid="10" />
                <SequencePoint vc="12" uspid="3116" ordinal="0" offset="44" sl="134" sc="13" el="134" ec="13" bec="0" bev="0" fileid="10" />
                <SequencePoint vc="0" uspid="3117" ordinal="0" offset="57" sl="136" sc="9" el="136" ec="9" bec="0" bev="0" fileid="10" />
                <SequencePoint vc="0" uspid="3118" ordinal="0" offset="58" sl="137" sc="9" el="137" ec="9" bec="0" bev="0" fileid="10" />
                <SequencePoint vc="0" uspid="3119" ordinal="0" offset="59" sl="138" sc="13" el="138" ec="13" bec="0" bev="0" fileid="10" />
                <SequencePoint vc="26" uspid="3120" ordinal="0" offset="67" sl="140" sc="5" el="140" ec="5" bec="0" bev="0" fileid="10" />
              </SequencePoints>
              <BranchPoints />
            </Method>
            <Method visited="true" cyclomaticComplexity="0" nPathComplexity="0" sequenceCoverage="85.71" branchCoverage="0" crapScore="0" isConstructor="false" isStatic="true" isGetter="false" isSetter="false">
              <Summary numSequencePoints="7" visitedSequencePoints="6" numBranchPoints="0" visitedBranchPoints="0" sequenceCoverage="85.71" branchCoverage="0" maxCyclomaticComplexity="0" minCyclomaticComplexity="0" maxCrapScore="0" minCrapScore="0" visitedClasses="0" numClasses="0" visitedMethods="1" numMethods="1" />
              <MetadataToken>100663355</MetadataToken>
              <Name>static System.Void LeaderboardManager::Save(LeaderboardManager/EntryList)</Name>
              <FileRef uid="10" />
              <SequencePoints>
                <SequencePoint vc="6" uspid="3121" ordinal="0" offset="0" sl="143" sc="5" el="143" ec="5" bec="0" bev="0" fileid="10" />
                <SequencePoint vc="6" uspid="3122" ordinal="0" offset="1" sl="144" sc="9" el="144" ec="9" bec="0" bev="0" fileid="10" />
                <SequencePoint vc="0" uspid="3123" ordinal="0" offset="9" sl="144" sc="27" el="144" ec="27" bec="0" bev="0" fileid="10" />
                <SequencePoint vc="6" uspid="3124" ordinal="0" offset="16" sl="145" sc="9" el="145" ec="9" bec="0" bev="0" fileid="10" />
                <SequencePoint vc="6" uspid="3125" ordinal="0" offset="23" sl="146" sc="9" el="146" ec="9" bec="0" bev="0" fileid="10" />
                <SequencePoint vc="6" uspid="3126" ordinal="0" offset="35" sl="147" sc="9" el="147" ec="9" bec="0" bev="0" fileid="10" />
                <SequencePoint vc="6" uspid="3127" ordinal="0" offset="41" sl="148" sc="5" el="148" ec="5" bec="0" bev="0" fileid="10" />
              </SequencePoints>
              <BranchPoints />
            </Method>
          </Methods>
        </Class>
        <Class>
          <Summary numSequencePoints="9" visitedSequencePoints="9" numBranchPoints="0" visitedBranchPoints="0" sequenceCoverage="100.0" branchCoverage="0.0" maxCyclomaticComplexity="0" minCyclomaticComplexity="0" maxCrapScore="0" minCrapScore="0" visitedClasses="1" numClasses="1" visitedMethods="3" numMethods="3" />
          <FullName>MonoSingleton[T]</FullName>
          <Methods>
            <Method visited="true" cyclomaticComplexity="0" nPathComplexity="0" sequenceCoverage="100.0" branchCoverage="0" crapScore="0" isConstructor="false" isStatic="true" isGetter="true" isSetter="false">
[...]
              <Summary numSequencePoints="1" visitedSequencePoints="1" numBranchPoints="0" visitedBranchPoints="0" sequenceCoverage="100.0" branchCoverage="0" maxCyclomaticComplexity="0" minCyclomaticComplexity="0" maxCrapScore="0" minCrapScore="0" visitedClasses="0" numClasses="0" visitedMethods="1" numMethods="1" />
              <MetadataToken>100663348</MetadataToken>
              <Name>System.Void PlayerTests::&lt;Player_RefreshBorders_DoesNotThrowException&gt;b__7_0()</Name>
              <FileRef uid="30" />
              <SequencePoints>
                <SequencePoint vc="1" uspid="4502" ordinal="0" offset="0" sl="70" sc="35" el="70" ec="35" bec="0" bev="0" fileid="30" />
              </SequencePoints>
              <BranchPoints />
            </Method>
          </Methods>
        </Class>
        <Class>
          <Summary numSequencePoints="41" visitedSequencePoints="40" numBranchPoints="0" visitedBranchPoints="0" sequenceCoverage="97.56" branchCoverage="0.0" maxCyclomaticComplexity="0" minCyclomaticComplexity="0" maxCrapScore="0" minCrapScore="0" visitedClasses="1" numClasses="1" visitedMethods="5" numMethods="5" />
          <FullName>ScoreAndTimerTests</FullName>
          <Methods>
            <Method visited="true" cyclomaticComplexity="0" nPathComplexity="0" sequenceCoverage="100.0" branchCoverage="0" crapScore="0" isConstructor="false" isStatic="false" isGetter="false" isSetter="false">
              <Summary numSequencePoints="10" visitedSequencePoints="10" numBranchPoints="0" visitedBranchPoints="0" sequenceCoverage="100.0" branchCoverage="0" maxCyclomaticComplexity="0" minCyclomaticComplexity="0" maxCrapScore="0" minCrapScore="0" visitedClasses="0" numClasses="0" visitedMethods="1" numMethods="1" />
              <MetadataToken>100663349</MetadataToken>
              <Name>System.Void ScoreAndTimerTests::Setup()</Name>
              <FileRef uid="31" />
              <SequencePoints>
                <SequencePoint vc="4" uspid="4503" ordinal="0" offset="0" sl="19" sc="5" el="19" ec="5" bec="0" bev="0" fileid="31" />
                <SequencePoint vc="4" uspid="4504" ordinal="0" offset="1" sl="20" sc="9" el="20" ec="9" bec="0" bev="0" fileid="31" />
                <SequencePoint vc="4" uspid="4505" ordinal="0" offset="17" sl="21" sc="9" el="21" ec="9" bec="0" bev="0" fileid="31" />
                <SequencePoint vc="4" uspid="4506" ordinal="0" offset="34" sl="22" sc="9" el="22" ec="9" bec="0" bev="0" fileid="31" />
                <SequencePoint vc="4" uspid="4507" ordinal="0" offset="45" sl="24" sc="9" el="24" ec="9" bec="0" bev="0" fileid="31" />
                <SequencePoint vc="4" uspid="4508" ordinal="0" offset="61" sl="25" sc="9" el="25" ec="9" bec="0" bev="0" fileid="31" />
                <SequencePoint vc="4" uspid="4509" ordinal="0" offset="78" sl="26" sc="9" el="26" ec="9" bec="0" bev="0" fileid="31" />
                <SequencePoint vc="4" uspid="4510" ordinal="0" offset="90" sl="27" sc="9" el="27" ec="9" bec="0" bev="0" fileid="31" />
                <SequencePoint vc="4" uspid="4511" ordinal="0" offset="107" sl="28" sc="9" el="28" ec="9" bec="0" bev="0" fileid="31" />
                <SequencePoint vc="4" uspid="4512" ordinal="0" offset="138" sl="29" sc="5" el="29" ec="5" bec="0" bev="0" fileid="31" />
              </SequencePoints>
              <BranchPoints />
            </Method>
            <Method visited="true" cyclomaticComplexity="0" nPathComplexity="0" sequenceCoverage="100.0" branchCoverage="0" crapScore="0" isConstructor="false" isStatic="false" isGetter="false" isSetter="false">
              <Summary numSequencePoints="7" visitedSequencePoints="7" numBranchPoints="0" visitedBranchPoints="0" sequenceCoverage="100.0" branchCoverage="0" maxCyclomaticComplexity="0" minCyclomaticComplexity="0" maxCrapScore="0" minCrapScore="0" visitedClasses="0" numClasses="0" visitedMethods="1" numMethods="1" />
              <MetadataToken>100663350</MetadataToken>
              <Name>System.Void ScoreAndTimerTests::Teardown()</Name>
              <FileRef uid="31" />
              <SequencePoints>
                <SequencePoint vc="4" uspid="4513" ordinal="0" offset="0" sl="33" sc="5" el="33" ec="5" bec="0" bev="0" fileid="31" />
                <SequencePoint vc="4" uspid="4514" ordinal="0" offset="1" sl="34" sc="9" el="34" ec="9" bec="0" bev="0" fileid="31" />
                <SequencePoint vc="4" uspid="4515" ordinal="0" offset="17" sl="35" sc="13" el="35" ec="13" bec="0" bev="0" fileid="31" />
                <SequencePoint vc="4" uspid="4516" ordinal="0" offset="29" sl="36" sc="9" el="36" ec="9" bec="0" bev="0" fileid="31" />
                <SequencePoint vc="4" uspid="4517" ordinal="0" offset="45" sl="37" sc="13" el="37" ec="13" bec="0" bev="0" fileid="31" />
                <SequencePoint vc="4" uspid="4518" ordinal="0" offset="57" sl="38" sc="9" el="38" ec="9" bec="0" bev="0" fileid="31" />
                <SequencePoint vc="4" uspid="4519" ordinal="0" offset="63" sl="39" sc="5" el="39" ec="5" bec="0" bev="0" fileid="31" />
              </SequencePoints>
              <BranchPoints />
            </Method>
            <Method visited="true" cyclomaticComplexity="0" nPathComplexity="0" sequenceCoverage="100.0" branchCoverage="0" crapScore="0" isConstructor="false" isStatic="false" isGetter="false" isSetter="false">
              <Summary numSequencePoints="8" visitedSequencePoints="8" numBranchPoints="0" visitedBranchPoints="0" sequenceCoverage="100.0" branchCoverage="0" maxCyclomaticComplexity="0" minCyclomaticComplexity="0" maxCrapScore="0" minCrapScore="0" visitedClasses="0" numClasses="0" visitedMethods="1" numMethods="1" />
              <MetadataToken>100663351</MetadataToken>
              <Name>System.Void ScoreAndTimerTests::OnGameplayOpen_ScoreDisplayedOnTop()</Name>
              <FileRef uid="31" />
              <SequencePoints>
                <SequencePoint vc="1" uspid="4520" ordinal="0" offset="0" sl="43" sc="5" el="43" ec="5" bec="0" bev="0" fileid="31" />
                <SequencePoint vc="1" uspid="4521" ordinal="0" offset="1" sl="45" sc="9" el="45" ec="9" bec="0" bev="0" fileid="31" />
                <SequencePoint vc="1" uspid="4522" ordinal="0" offset="12" sl="46" sc="9" el="46" ec="9" bec="0" bev="0" fileid="31" />
                <SequencePoint vc="1" uspid="4523" ordinal="0" offset="29" sl="47" sc="9" el="47" ec="9" bec="0" bev="0" fileid="31" />
                <SequencePoint vc="1" uspid="4524" ordinal="0" offset="50" sl="50" sc="9" el="50" ec="9" bec="0" bev="0" fileid="31" />
                <SequencePoint vc="1" uspid="4525" ordinal="0" offset="62" sl="53" sc="9" el="53" ec="9" bec="0" bev="0" fileid="31" />
                <SequencePoint vc="1" uspid="4526" ordinal="0" offset="89" sl="54" sc="9" el="54" ec="9" bec="0" bev="0" fileid="31" />
                <SequencePoint vc="1" uspid="4527" ordinal="0" offset="121" sl="55" sc="5" el="55" ec="5" bec="0" bev="0" fileid="31" />
              </SequencePoints>
              <BranchPoints />
            </Method>
            <Method visited="true" cyclomaticComplexity="0" nPathComplexity="0" sequenceCoverage="87.50" branchCoverage="0" crapScore="0" isConstructor="false" isStatic="false" isGetter="false" isSetter="false">
              <Summary numSequencePoints="8" visitedSequencePoints="7" numBranchPoints="0" visitedBranchPoints="0" sequenceCoverage="87.50" branchCoverage="0" maxCyclomaticComplexity="0" minCyclomaticComplexity="0" maxCrapScore="0" minCrapScore="0" visitedClasses="0" numClasses="0" visitedMethods="1" numMethods="1" />
              <MetadataToken>100663352</MetadataToken>
              <Name>System.Void ScoreAndTimerTests::OnGameplayOpen_ScoreIsZero()</Name>
              <FileRef uid="31" />
              <SequencePoints>
                <SequencePoint vc="1" uspid="4528" ordinal="0" offset="0" sl="59" sc="5" el="59" ec="5" bec="0" bev="0" fileid="31" />
                <SequencePoint vc="1" uspid="4529" ordinal="0" offset="1" sl="61" sc="9" el="61" ec="9" bec="0" bev="0" fileid="31" />
                <SequencePoint vc="1" uspid="4530" ordinal="0" offset="12" sl="62" sc="9" el="62" ec="9" bec="0" bev="0" fileid="31" />
                <SequencePoint vc="1" uspid="4531" ordinal="0" offset="29" sl="63" sc="9" el="63" ec="9" bec="0" bev="0" fileid="31" />
                <SequencePoint vc="1" uspid="4532" ordinal="0" offset="50" sl="64" sc="9" el="64" ec="9" bec="0" bev="0" fileid="31" />
                <SequencePoint vc="1" uspid="4533" ordinal="0" offset="78" sl="67" sc="9" el="67" ec="9" bec="0" bev="0" fileid="31" />
                <SequencePoint vc="1" uspid="4534" ordinal="0" offset="90" sl="70" sc="9" el="70" ec="9" bec="0" bev="0" fileid="31" />
                <SequencePoint vc="0" uspid="4535" ordinal="0" offset="163" sl="72" sc="5" el="72" ec="5" bec="0" bev="0" fileid="31" />
              </SequencePoints>
              <BranchPoints />
            </Method>
            <Method visited="true" cyclomaticComplexity="0" nPathComplexity="0" sequenceCoverage="100.0" branchCoverage="0" crapScore="0" isConstructor="false" isStatic="false" isGetter="false" isSetter="false">
              <Summary numSequencePoints="8" visitedSequencePoints="8" numBranchPoints="0" visitedBranchPoints="0" sequenceCoverage="100.0" branchCoverage="0" maxCyclomaticComplexity="0" minCyclomaticComplexity="0" maxCrapScore="0" minCrapScore="0" visitedClasses="0" numClasses="0" visitedMethods="1" numMethods="1" />
              <MetadataToken>100663354</MetadataToken>
              <Name>System.Void ScoreAndTimerTests::ScoreCalculation_IsHeightTimeseTen()</Name>
              <FileRef uid="31" />
              <SequencePoints>
                <SequencePoint vc="1" uspid="4536" ordinal="0" offset="0" sl="101" sc="5" el="101" ec="5" bec="0" bev="0" fileid="31" />
                <SequencePoint vc="1" uspid="4537" ordinal="0" offset="1" sl="103" sc="9" el="103" ec="9" bec="0" bev="0" fileid="31" />
                <SequencePoint vc="1" uspid="4538" ordinal="0" offset="32" sl="104" sc="9" el="104" ec="9" bec="0" bev="0" fileid="31" />
                <SequencePoint vc="1" uspid="4539" ordinal="0" offset="69" sl="107" sc="9" el="107" ec="9" bec="0" bev="0" fileid="31" />
                <SequencePoint vc="1" uspid="4540" ordinal="0" offset="108" sl="108" sc="9" el="108" ec="9" bec="0" bev="0" fileid="31" />
                <SequencePoint vc="1" uspid="4541" ordinal="0" offset="121" sl="111" sc="9" el="111" ec="9" bec="0" bev="0" fileid="31" />
                <SequencePoint vc="1" uspid="4542" ordinal="0" offset="153" sl="112" sc="9" el="112" ec="9" bec="0" bev="0" fileid="31" />
                <SequencePoint vc="1" uspid="4543" ordinal="0" offset="182" sl="113" sc="5" el="113" ec="5" bec="0" bev="0" fileid="31" />
              </SequencePoints>
              <BranchPoints />
            </Method>
          </Methods>
        </Class>
        <Class>
          <Summary numSequencePoints="21" visitedSequencePoints="21" numBranchPoints="0" visitedBranchPoints="0" sequenceCoverage="100.0" branchCoverage="0.0" maxCyclomaticComplexity="0" minCyclomaticComplexity="0" maxCrapScore="0" minCrapScore="0" visitedClasses="1" numClasses="1" visitedMethods="2" numMethods="2" />
          <FullName>SoundOptionsTests</FullName>
          <Methods>
            <Method visited="true" cyclomaticComplexity="0" nPathComplexity="0" sequenceCoverage="100.0" branchCoverage="0" crapScore="0" isConstructor="false" isStatic="false" isGetter="false" isSetter="false">
              <Summary numSequencePoints="12" visitedSequencePoints="12" numBranchPoints="0" visitedBranchPoints="0" sequenceCoverage="100.0" branchCoverage="0" maxCyclomaticComplexity="0" minCyclomaticComplexity="0" maxCrapScore="0" minCrapScore="0" visitedClasses="0" numClasses="0" visitedMethods="1" numMethods="1" />
              <MetadataToken>100663356</MetadataToken>
              <Name>System.Void SoundOptionsTests::Setup()</Name>
              <FileRef uid="32" />
              <SequencePoints>
                <SequencePoint vc="7" uspid="4544" ordinal="0" offset="0" sl="18" sc="5" el="18" ec="5" bec="0" bev="0" fileid="32" />
                <SequencePoint vc="7" uspid="4545" ordinal="0" offset="1" sl="20" sc="9" el="20" ec="9" bec="0" bev="0" fileid="32" />
                <SequencePoint vc="7" uspid="4546" ordinal="0" offset="7" sl="23" sc="9" el="23" ec="9" bec="0" bev="0" fileid="32" />
                <SequencePoint vc="7" uspid="4547" ordinal="0" offset="23" sl="24" sc="9" el="24" ec="9" bec="0" bev="0" fileid="32" />
                <SequencePoint vc="7" uspid="4548" ordinal="0" offset="40" sl="25" sc="9" el="25" ec="9" bec="0" bev="0" fileid="32" />
                <SequencePoint vc="7" uspid="4549" ordinal="0" offset="52" sl="26" sc="9" el="26" ec="9" bec="0" bev="0" fileid="32" />
                <SequencePoint vc="7" uspid="4550" ordinal="0" offset="64" sl="29" sc="9" el="29" ec="9" bec="0" bev="0" fileid="32" />
                <SequencePoint vc="7" uspid="4551" ordinal="0" offset="80" sl="30" sc="9" el="30" ec="9" bec="0" bev="0" fileid="32" />
                <SequencePoint vc="7" uspid="4552" ordinal="0" offset="97" sl="31" sc="9" el="31" ec="9" bec="0" bev="0" fileid="32" />
                <SequencePoint vc="7" uspid="4553" ordinal="0" offset="109" sl="32" sc="9" el="32" ec="9" bec="0" bev="0" fileid="32" />
                <SequencePoint vc="7" uspid="4554" ordinal="0" offset="138" sl="33" sc="9" el="33" ec="9" bec="0" bev="0" fileid="32" />
                <SequencePoint vc="7" uspid="4555" ordinal="0" offset="150" sl="34" sc="5" el="34" ec="5" bec="0" bev="0" fileid="32" />
              </SequencePoints>
              <BranchPoints />
            </Method>
            <Method visited="true" cyclomaticComplexity="0" nPathComplexity="0" sequenceCoverage="100.0" branchCoverage="0" crapScore="0" isConstructor="false" isStatic="false" isGetter="false" isSetter="false">
              <Summary numSequencePoints="9" visitedSequencePoints="9" numBranchPoints="0" visitedBranchPoints="0" sequenceCoverage="100.0" branchCoverage="0" maxCyclomaticComplexity="0" minCyclomaticComplexity="0" maxCrapScore="0" minCrapScore="0" visitedClasses="0" numClasses="0" visitedMethods="1" numMethods="1" />
              <MetadataToken>100663357</MetadataToken>
              <Name>System.Void SoundOptionsTests::Teardown()</Name>
              <FileRef uid="32" />
              <SequencePoints>
                <SequencePoint vc="7" uspid="4556" ordinal="0" offset="0" sl="38" sc="5" el="38" ec="5" bec="0" bev="0" fileid="32" />
                <SequencePoint vc="7" uspid="4557" ordinal="0" offset="1" sl="39" sc="9" el="39" ec="9" bec="0" bev="0" fileid="32" />
                <SequencePoint vc="7" uspid="4558" ordinal="0" offset="17" sl="40" sc="13" el="40" ec="13" bec="0" bev="0" fileid="32" />
                <SequencePoint vc="7" uspid="4559" ordinal="0" offset="29" sl="41" sc="9" el="41" ec="9" bec="0" bev="0" fileid="32" />
                <SequencePoint vc="7" uspid="4560" ordinal="0" offset="45" sl="42" sc="13" el="42" ec="13" bec="0" bev="0" fileid="32" />
                <SequencePoint vc="7" uspid="4561" ordinal="0" offset="57" sl="43" sc="9" el="43" ec="9" bec="0" bev="0" fileid="32" />
                <SequencePoint vc="7" uspid="4562" ordinal="0" offset="64" sl="44" sc="9" el="44" ec="9" bec="0" bev="0" fileid="32" />
                <SequencePoint vc="7" uspid="4563" ordinal="0" offset="71" sl="45" sc="9" el="45" ec="9" bec="0" bev="0" fileid="32" />
                <SequencePoint vc="7" uspid="4564" ordinal="0" offset="77" sl="46" sc="5" el="46" ec="5" bec="0" bev="0" fileid="32" />
              </SequencePoints>
              <BranchPoints />
            </Method>
          </Methods>
        </Class>
        <Class>
          <Summary numSequencePoints="19" visitedSequencePoints="13" numBranchPoints="0" visitedBranchPoints="0" sequenceCoverage="68.42" branchCoverage="0.0" maxCyclomaticComplexity="0" minCyclomaticComplexity="0" maxCrapScore="0" minCrapScore="0" visitedClasses="1" numClasses="1" visitedMethods="1" numMethods="1" />
          <FullName>MenuTests/&lt;ClickingPlayButton_OpensGameplay&gt;d__5</FullName>
          <Methods>
            <Method visited="true" cyclomaticComplexity="0" nPathComplexity="0" sequenceCoverage="68.42" branchCoverage="0" crapScore="0" isConstructor="false" isStatic="false" isGetter="false" isSetter="false">
              <Summary numSequencePoints="19" visitedSequencePoints="13" numBranchPoints="0" visitedBranchPoints="0" sequenceCoverage="68.42" branchCoverage="0" maxCyclomaticComplexity="0" minCyclomaticComplexity="0" maxCrapScore="0" minCrapScore="0" visitedClasses="0" numClasses="0" visitedMethods="1" numMethods="1" />
              <MetadataToken>100663388</MetadataToken>
              <Name>System.Boolean MenuTests/&lt;ClickingPlayButton_OpensGameplay&gt;d__5::MoveNext()</Name>
              <FileRef uid="28" />
              <SequencePoints>
                <SequencePoint vc="1" uspid="4646" ordinal="0" offset="34" sl="54" sc="5" el="54" ec="5" bec="0" bev="0" fileid="28" />
                <SequencePoint vc="1" uspid="4647" ordinal="0" offset="35" sl="56" sc="9" el="56" ec="9" bec="0" bev="0" fileid="28" />
                <SequencePoint vc="1" uspid="4648" ordinal="0" offset="61" sl="57" sc="9" el="57" ec="9" bec="0" bev="0" fileid="28" />
                <SequencePoint vc="1" uspid="4649" ordinal="0" offset="87" sl="58" sc="9" el="58" ec="9" bec="0" bev="0" fileid="28" />
                <SequencePoint vc="1" uspid="4650" ordinal="0" offset="113" sl="60" sc="9" el="60" ec="9" bec="0" bev="0" fileid="28" />
                <SequencePoint vc="1" uspid="4651" ordinal="0" offset="129" sl="61" sc="9" el="61" ec="9" bec="0" bev="0" fileid="28" />
                <SequencePoint vc="1" uspid="4652" ordinal="0" offset="156" sl="62" sc="9" el="62" ec="9" bec="0" bev="0" fileid="28" />
                <SequencePoint vc="1" uspid="4653" ordinal="0" offset="177" sl="64" sc="9" el="64" ec="9" bec="0" bev="0" fileid="28" />
                <SequencePoint vc="1" uspid="4654" ordinal="0" offset="193" sl="65" sc="9" el="65" ec="9" bec="0" bev="0" fileid="28" />
                <SequencePoint vc="1" uspid="4655" ordinal="0" offset="220" sl="67" sc="9" el="67" ec="9" bec="0" bev="0" fileid="28" />
                <SequencePoint vc="1" uspid="4656" ordinal="0" offset="236" sl="68" sc="9" el="68" ec="9" bec="0" bev="0" fileid="28" />
                <SequencePoint vc="1" uspid="4657" ordinal="0" offset="263" sl="70" sc="9" el="70" ec="9" bec="0" bev="0" fileid="28" />
                <SequencePoint vc="1" uspid="4658" ordinal="0" offset="280" sl="73" sc="9" el="73" ec="9" bec="0" bev="0" fileid="28" />
                <SequencePoint vc="0" uspid="4659" ordinal="0" offset="297" sl="74" sc="9" el="74" ec="9" bec="0" bev="0" fileid="28" />
                <SequencePoint vc="0" uspid="4660" ordinal="0" offset="320" sl="77" sc="9" el="77" ec="9" bec="0" bev="0" fileid="28" />
                <SequencePoint vc="0" uspid="4661" ordinal="0" offset="357" sl="78" sc="9" el="78" ec="9" bec="0" bev="0" fileid="28" />
                <SequencePoint vc="0" uspid="4662" ordinal="0" offset="394" sl="79" sc="9" el="79" ec="9" bec="0" bev="0" fileid="28" />
                <SequencePoint vc="0" uspid="4663" ordinal="0" offset="437" sl="80" sc="9" el="80" ec="9" bec="0" bev="0" fileid="28" />
                <SequencePoint vc="0" uspid="4664" ordinal="0" offset="474" sl="81" sc="5" el="81" ec="5" bec="0" bev="0" fileid="28" />
              </SequencePoints>
              <BranchPoints />
            </Method>
          </Methods>
        </Class>
      </Classes>
    </Module>
  </Modules>
</CoverageSession>